# JRE version: OpenJDK Runtime Environment (8.0_152-b01) (build 1.8.0_152-release-915-b01)
# Java VM: OpenJDK 64-Bit Server VM (25.152-b01 mixed mode windows-amd64 compressed oops)
Heap:
 PSYoungGen      total 116736K, used 19264K [0x00000000eab00000, 0x00000000f3b80000, 0x0000000100000000)
  eden space 109568K, 11% used [0x00000000eab00000,0x00000000eb6d9490,0x00000000f1600000)
  from space 7168K, 99% used [0x00000000f3480000,0x00000000f3b76e40,0x00000000f3b80000)
  to   space 10752K, 0% used [0x00000000f2680000,0x00000000f2680000,0x00000000f3100000)
 ParOldGen       total 92160K, used 6845K [0x00000000c0000000, 0x00000000c5a00000, 0x00000000eab00000)
  object space 92160K, 7% used [0x00000000c0000000,0x00000000c06af4f0,0x00000000c5a00000)
 Metaspace       used 26318K, capacity 26894K, committed 27136K, reserved 1073152K
  class space    used 3613K, capacity 3790K, committed 3840K, reserved 1048576K
GC Heap History (10 events):
Event: 1.463 GC heap before
{Heap before GC invocations=1 (full 0):
 PSYoungGen      total 75776K, used 65024K [0x00000000eab00000, 0x00000000eff80000, 0x0000000100000000)
  eden space 65024K, 100% used [0x00000000eab00000,0x00000000eea80000,0x00000000eea80000)
  from space 10752K, 0% used [0x00000000ef500000,0x00000000ef500000,0x00000000eff80000)
  to   space 10752K, 0% used [0x00000000eea80000,0x00000000eea80000,0x00000000ef500000)
 ParOldGen       total 173568K, used 0K [0x00000000c0000000, 0x00000000ca980000, 0x00000000eab00000)
  object space 173568K, 0% used [0x00000000c0000000,0x00000000c0000000,0x00000000ca980000)
 Metaspace       used 11614K, capacity 11918K, committed 12160K, reserved 1060864K
  class space    used 1527K, capacity 1643K, committed 1664K, reserved 1048576K
Event: 1.470 GC heap after
Heap after GC invocations=1 (full 0):
 PSYoungGen      total 75776K, used 8101K [0x00000000eab00000, 0x00000000eff80000, 0x0000000100000000)
  eden space 65024K, 0% used [0x00000000eab00000,0x00000000eab00000,0x00000000eea80000)
  from space 10752K, 75% used [0x00000000eea80000,0x00000000ef269790,0x00000000ef500000)
  to   space 10752K, 0% used [0x00000000ef500000,0x00000000ef500000,0x00000000eff80000)
 ParOldGen       total 173568K, used 16K [0x00000000c0000000, 0x00000000ca980000, 0x00000000eab00000)
  object space 173568K, 0% used [0x00000000c0000000,0x00000000c0004000,0x00000000ca980000)
 Metaspace       used 11614K, capacity 11918K, committed 12160K, reserved 1060864K
  class space    used 1527K, capacity 1643K, committed 1664K, reserved 1048576K
}
Event: 1.988 GC heap before
{Heap before GC invocations=2 (full 0):
 PSYoungGen      total 75776K, used 73125K [0x00000000eab00000, 0x00000000eff80000, 0x0000000100000000)
  eden space 65024K, 100% used [0x00000000eab00000,0x00000000eea80000,0x00000000eea80000)
  from space 10752K, 75% used [0x00000000eea80000,0x00000000ef269790,0x00000000ef500000)
  to   space 10752K, 0% used [0x00000000ef500000,0x00000000ef500000,0x00000000eff80000)
 ParOldGen       total 173568K, used 16K [0x00000000c0000000, 0x00000000ca980000, 0x00000000eab00000)
  object space 173568K, 0% used [0x00000000c0000000,0x00000000c0004000,0x00000000ca980000)
 Metaspace       used 18893K, capacity 19308K, committed 19456K, reserved 1067008K
  class space    used 2626K, capacity 2765K, committed 2816K, reserved 1048576K
Event: 1.996 GC heap after
Heap after GC invocations=2 (full 0):
 PSYoungGen      total 75776K, used 10748K [0x00000000eab00000, 0x00000000eff80000, 0x0000000100000000)
  eden space 65024K, 0% used [0x00000000eab00000,0x00000000eab00000,0x00000000eea80000)
  from space 10752K, 99% used [0x00000000ef500000,0x00000000eff7f200,0x00000000eff80000)
  to   space 10752K, 0% used [0x00000000eea80000,0x00000000eea80000,0x00000000ef500000)
 ParOldGen       total 173568K, used 1505K [0x00000000c0000000, 0x00000000ca980000, 0x00000000eab00000)
  object space 173568K, 0% used [0x00000000c0000000,0x00000000c01786d8,0x00000000ca980000)
 Metaspace       used 18893K, capacity 19308K, committed 19456K, reserved 1067008K
  class space    used 2626K, capacity 2765K, committed 2816K, reserved 1048576K
}
Event: 2.049 GC heap before
{Heap before GC invocations=3 (full 0):
 PSYoungGen      total 75776K, used 15992K [0x00000000eab00000, 0x00000000eff80000, 0x0000000100000000)
  eden space 65024K, 8% used [0x00000000eab00000,0x00000000eb01f028,0x00000000eea80000)
  from space 10752K, 99% used [0x00000000ef500000,0x00000000eff7f200,0x00000000eff80000)
  to   space 10752K, 0% used [0x00000000eea80000,0x00000000eea80000,0x00000000ef500000)
 ParOldGen       total 173568K, used 1505K [0x00000000c0000000, 0x00000000ca980000, 0x00000000eab00000)
  object space 173568K, 0% used [0x00000000c0000000,0x00000000c01786d8,0x00000000ca980000)
 Metaspace       used 20648K, capacity 21068K, committed 21248K, reserved 1067008K
  class space    used 2846K, capacity 2989K, committed 3072K, reserved 1048576K
Event: 2.053 GC heap after
Heap after GC invocations=3 (full 0):
 PSYoungGen      total 75776K, used 7012K [0x00000000eab00000, 0x00000000f3f00000, 0x0000000100000000)
  eden space 65024K, 0% used [0x00000000eab00000,0x00000000eab00000,0x00000000eea80000)
  from space 10752K, 65% used [0x00000000eea80000,0x00000000ef1591b8,0x00000000ef500000)
  to   space 10752K, 0% used [0x00000000f3480000,0x00000000f3480000,0x00000000f3f00000)
 ParOldGen       total 173568K, used 1513K [0x00000000c0000000, 0x00000000ca980000, 0x00000000eab00000)
  object space 173568K, 0% used [0x00000000c0000000,0x00000000c017a6d8,0x00000000ca980000)
 Metaspace       used 20648K, capacity 21068K, committed 21248K, reserved 1067008K
  class space    used 2846K, capacity 2989K, committed 3072K, reserved 1048576K
}
Event: 2.053 GC heap before
{Heap before GC invocations=4 (full 1):
 PSYoungGen      total 75776K, used 7012K [0x00000000eab00000, 0x00000000f3f00000, 0x0000000100000000)
  eden space 65024K, 0% used [0x00000000eab00000,0x00000000eab00000,0x00000000eea80000)
  from space 10752K, 65% used [0x00000000eea80000,0x00000000ef1591b8,0x00000000ef500000)
  to   space 10752K, 0% used [0x00000000f3480000,0x00000000f3480000,0x00000000f3f00000)
 ParOldGen       total 173568K, used 1513K [0x00000000c0000000, 0x00000000ca980000, 0x00000000eab00000)
  object space 173568K, 0% used [0x00000000c0000000,0x00000000c017a6d8,0x00000000ca980000)
 Metaspace       used 20648K, capacity 21068K, committed 21248K, reserved 1067008K
  class space    used 2846K, capacity 2989K, committed 3072K, reserved 1048576K
Event: 2.077 GC heap after
Heap after GC invocations=4 (full 1):
 PSYoungGen      total 75776K, used 0K [0x00000000eab00000, 0x00000000f3f00000, 0x0000000100000000)
  eden space 65024K, 0% used [0x00000000eab00000,0x00000000eab00000,0x00000000eea80000)
  from space 10752K, 0% used [0x00000000eea80000,0x00000000eea80000,0x00000000ef500000)
  to   space 10752K, 0% used [0x00000000f3480000,0x00000000f3480000,0x00000000f3f00000)
 ParOldGen       total 92160K, used 6837K [0x00000000c0000000, 0x00000000c5a00000, 0x00000000eab00000)
  object space 92160K, 7% used [0x00000000c0000000,0x00000000c06ad4f0,0x00000000c5a00000)
 Metaspace       used 20648K, capacity 21068K, committed 21248K, reserved 1067008K
  class space    used 2846K, capacity 2989K, committed 3072K, reserved 1048576K
}
Event: 2.514 GC heap before
{Heap before GC invocations=5 (full 1):
 PSYoungGen      total 75776K, used 65024K [0x00000000eab00000, 0x00000000f3f00000, 0x0000000100000000)
  eden space 65024K, 100% used [0x00000000eab00000,0x00000000eea80000,0x00000000eea80000)
  from space 10752K, 0% used [0x00000000eea80000,0x00000000eea80000,0x00000000ef500000)
  to   space 10752K, 0% used [0x00000000f3480000,0x00000000f3480000,0x00000000f3f00000)
 ParOldGen       total 92160K, used 6837K [0x00000000c0000000, 0x00000000c5a00000, 0x00000000eab00000)
  object space 92160K, 7% used [0x00000000c0000000,0x00000000c06ad4f0,0x00000000c5a00000)
 Metaspace       used 25577K, capacity 26084K, committed 26240K, reserved 1071104K
  class space    used 3485K, capacity 3649K, committed 3712K, reserved 1048576K
Event: 2.519 GC heap after
Heap after GC invocations=5 (full 1):
 PSYoungGen      total 116736K, used 7131K [0x00000000eab00000, 0x00000000f3b80000, 0x0000000100000000)
  eden space 109568K, 0% used [0x00000000eab00000,0x00000000eab00000,0x00000000f1600000)
  from space 7168K, 99% used [0x00000000f3480000,0x00000000f3b76e40,0x00000000f3b80000)
  to   space 10752K, 0% used [0x00000000f2680000,0x00000000f2680000,0x00000000f3100000)
 ParOldGen       total 92160K, used 6845K [0x00000000c0000000, 0x00000000c5a00000, 0x00000000eab00000)
  object space 92160K, 7% used [0x00000000c0000000,0x00000000c06af4f0,0x00000000c5a00000)
 Metaspace       used 25577K, capacity 26084K, committed 26240K, reserved 1071104K
  class space    used 3485K, capacity 3649K, committed 3712K, reserved 1048576K
}

