# JRE version: OpenJDK Runtime Environment (8.0_152-b01) (build 1.8.0_152-release-915-b01)
# Java VM: OpenJDK 64-Bit Server VM (25.152-b01 mixed mode windows-amd64 compressed oops)
Heap:
 PSYoungGen      total 195072K, used 195070K [0x00000000eab00000, 0x00000000fd700000, 0x0000000100000000)
  eden space 181760K, 100% used [0x00000000eab00000,0x00000000f5c80000,0x00000000f5c80000)
  from space 13312K, 99% used [0x00000000f5c80000,0x00000000f697f998,0x00000000f6980000)
  to   space 17408K, 99% used [0x00000000fc600000,0x00000000fd6fc0d0,0x00000000fd700000)
 ParOldGen       total 139776K, used 29343K [0x00000000c0000000, 0x00000000c8880000, 0x00000000eab00000)
  object space 139776K, 20% used [0x00000000c0000000,0x00000000c1ca7ef8,0x00000000c8880000)
 Metaspace       used 53693K, capacity 55562K, committed 55808K, reserved 1097728K
  class space    used 7315K, capacity 7849K, committed 7936K, reserved 1048576K
GC Heap History (10 events):
Event: 2.148 GC heap after
Heap after GC invocations=5 (full 1):
 PSYoungGen      total 117248K, used 6864K [0x00000000eab00000, 0x00000000f3b80000, 0x0000000100000000)
  eden space 110080K, 0% used [0x00000000eab00000,0x00000000eab00000,0x00000000f1680000)
  from space 7168K, 95% used [0x00000000f3480000,0x00000000f3b34068,0x00000000f3b80000)
  to   space 10752K, 0% used [0x00000000f2680000,0x00000000f2680000,0x00000000f3100000)
 ParOldGen       total 91648K, used 6919K [0x00000000c0000000, 0x00000000c5980000, 0x00000000eab00000)
  object space 91648K, 7% used [0x00000000c0000000,0x00000000c06c1eb0,0x00000000c5980000)
 Metaspace       used 26119K, capacity 26662K, committed 26880K, reserved 1073152K
  class space    used 3541K, capacity 3746K, committed 3840K, reserved 1048576K
}
Event: 2.791 GC heap before
{Heap before GC invocations=6 (full 1):
 PSYoungGen      total 117248K, used 116944K [0x00000000eab00000, 0x00000000f3b80000, 0x0000000100000000)
  eden space 110080K, 100% used [0x00000000eab00000,0x00000000f1680000,0x00000000f1680000)
  from space 7168K, 95% used [0x00000000f3480000,0x00000000f3b34068,0x00000000f3b80000)
  to   space 10752K, 0% used [0x00000000f2680000,0x00000000f2680000,0x00000000f3100000)
 ParOldGen       total 91648K, used 6919K [0x00000000c0000000, 0x00000000c5980000, 0x00000000eab00000)
  object space 91648K, 7% used [0x00000000c0000000,0x00000000c06c1eb0,0x00000000c5980000)
 Metaspace       used 31539K, capacity 32310K, committed 32640K, reserved 1077248K
  class space    used 4327K, capacity 4648K, committed 4736K, reserved 1048576K
Event: 2.796 GC heap after
Heap after GC invocations=6 (full 1):
 PSYoungGen      total 137216K, used 10221K [0x00000000eab00000, 0x00000000f7680000, 0x0000000100000000)
  eden space 126464K, 0% used [0x00000000eab00000,0x00000000eab00000,0x00000000f2680000)
  from space 10752K, 95% used [0x00000000f2680000,0x00000000f307b468,0x00000000f3100000)
  to   space 13312K, 0% used [0x00000000f6980000,0x00000000f6980000,0x00000000f7680000)
 ParOldGen       total 91648K, used 6999K [0x00000000c0000000, 0x00000000c5980000, 0x00000000eab00000)
  object space 91648K, 7% used [0x00000000c0000000,0x00000000c06d5ec0,0x00000000c5980000)
 Metaspace       used 31539K, capacity 32310K, committed 32640K, reserved 1077248K
  class space    used 4327K, capacity 4648K, committed 4736K, reserved 1048576K
}
Event: 3.002 GC heap before
{Heap before GC invocations=7 (full 1):
 PSYoungGen      total 137216K, used 40469K [0x00000000eab00000, 0x00000000f7680000, 0x0000000100000000)
  eden space 126464K, 23% used [0x00000000eab00000,0x00000000ec88a160,0x00000000f2680000)
  from space 10752K, 95% used [0x00000000f2680000,0x00000000f307b468,0x00000000f3100000)
  to   space 13312K, 0% used [0x00000000f6980000,0x00000000f6980000,0x00000000f7680000)
 ParOldGen       total 91648K, used 6999K [0x00000000c0000000, 0x00000000c5980000, 0x00000000eab00000)
  object space 91648K, 7% used [0x00000000c0000000,0x00000000c06d5ec0,0x00000000c5980000)
 Metaspace       used 34383K, capacity 35316K, committed 35416K, reserved 1079296K
  class space    used 4695K, capacity 5038K, committed 5120K, reserved 1048576K
Event: 3.006 GC heap after
Heap after GC invocations=7 (full 1):
 PSYoungGen      total 195072K, used 10273K [0x00000000eab00000, 0x00000000f9100000, 0x0000000100000000)
  eden space 181760K, 0% used [0x00000000eab00000,0x00000000eab00000,0x00000000f5c80000)
  from space 13312K, 77% used [0x00000000f6980000,0x00000000f73886f8,0x00000000f7680000)
  to   space 13312K, 0% used [0x00000000f5c80000,0x00000000f5c80000,0x00000000f6980000)
 ParOldGen       total 91648K, used 7007K [0x00000000c0000000, 0x00000000c5980000, 0x00000000eab00000)
  object space 91648K, 7% used [0x00000000c0000000,0x00000000c06d7ec0,0x00000000c5980000)
 Metaspace       used 34383K, capacity 35316K, committed 35416K, reserved 1079296K
  class space    used 4695K, capacity 5038K, committed 5120K, reserved 1048576K
}
Event: 3.006 GC heap before
{Heap before GC invocations=8 (full 2):
 PSYoungGen      total 195072K, used 10273K [0x00000000eab00000, 0x00000000f9100000, 0x0000000100000000)
  eden space 181760K, 0% used [0x00000000eab00000,0x00000000eab00000,0x00000000f5c80000)
  from space 13312K, 77% used [0x00000000f6980000,0x00000000f73886f8,0x00000000f7680000)
  to   space 13312K, 0% used [0x00000000f5c80000,0x00000000f5c80000,0x00000000f6980000)
 ParOldGen       total 91648K, used 7007K [0x00000000c0000000, 0x00000000c5980000, 0x00000000eab00000)
  object space 91648K, 7% used [0x00000000c0000000,0x00000000c06d7ec0,0x00000000c5980000)
 Metaspace       used 34383K, capacity 35316K, committed 35416K, reserved 1079296K
  class space    used 4695K, capacity 5038K, committed 5120K, reserved 1048576K
Event: 3.037 GC heap after
Heap after GC invocations=8 (full 2):
 PSYoungGen      total 195072K, used 0K [0x00000000eab00000, 0x00000000f9100000, 0x0000000100000000)
  eden space 181760K, 0% used [0x00000000eab00000,0x00000000eab00000,0x00000000f5c80000)
  from space 13312K, 0% used [0x00000000f6980000,0x00000000f6980000,0x00000000f7680000)
  to   space 13312K, 0% used [0x00000000f5c80000,0x00000000f5c80000,0x00000000f6980000)
 ParOldGen       total 139776K, used 16470K [0x00000000c0000000, 0x00000000c8880000, 0x00000000eab00000)
  object space 139776K, 11% used [0x00000000c0000000,0x00000000c10159b0,0x00000000c8880000)
 Metaspace       used 34383K, capacity 35316K, committed 35416K, reserved 1079296K
  class space    used 4695K, capacity 5038K, committed 5120K, reserved 1048576K
}
Event: 3.930 GC heap before
{Heap before GC invocations=9 (full 2):
 PSYoungGen      total 195072K, used 181760K [0x00000000eab00000, 0x00000000f9100000, 0x0000000100000000)
  eden space 181760K, 100% used [0x00000000eab00000,0x00000000f5c80000,0x00000000f5c80000)
  from space 13312K, 0% used [0x00000000f6980000,0x00000000f6980000,0x00000000f7680000)
  to   space 13312K, 0% used [0x00000000f5c80000,0x00000000f5c80000,0x00000000f6980000)
 ParOldGen       total 139776K, used 16470K [0x00000000c0000000, 0x00000000c8880000, 0x00000000eab00000)
  object space 139776K, 11% used [0x00000000c0000000,0x00000000c10159b0,0x00000000c8880000)
 Metaspace       used 47083K, capacity 48358K, committed 48512K, reserved 1091584K
  class space    used 6317K, capacity 6774K, committed 6784K, reserved 1048576K
Event: 3.938 GC heap after
Heap after GC invocations=9 (full 2):
 PSYoungGen      total 195072K, used 13310K [0x00000000eab00000, 0x00000000fd700000, 0x0000000100000000)
  eden space 181760K, 0% used [0x00000000eab00000,0x00000000eab00000,0x00000000f5c80000)
  from space 13312K, 99% used [0x00000000f5c80000,0x00000000f697f998,0x00000000f6980000)
  to   space 17408K, 0% used [0x00000000fc600000,0x00000000fc600000,0x00000000fd700000)
 ParOldGen       total 139776K, used 20722K [0x00000000c0000000, 0x00000000c8880000, 0x00000000eab00000)
  object space 139776K, 14% used [0x00000000c0000000,0x00000000c143ca10,0x00000000c8880000)
 Metaspace       used 47083K, capacity 48358K, committed 48512K, reserved 1091584K
  class space    used 6317K, capacity 6774K, committed 6784K, reserved 1048576K
}
Event: 4.684 GC heap before
{Heap before GC invocations=10 (full 2):
 PSYoungGen      total 195072K, used 195070K [0x00000000eab00000, 0x00000000fd700000, 0x0000000100000000)
  eden space 181760K, 100% used [0x00000000eab00000,0x00000000f5c80000,0x00000000f5c80000)
  from space 13312K, 99% used [0x00000000f5c80000,0x00000000f697f998,0x00000000f6980000)
  to   space 17408K, 0% used [0x00000000fc600000,0x00000000fc600000,0x00000000fd700000)
 ParOldGen       total 139776K, used 20722K [0x00000000c0000000, 0x00000000c8880000, 0x00000000eab00000)
  object space 139776K, 14% used [0x00000000c0000000,0x00000000c143ca10,0x00000000c8880000)
 Metaspace       used 53693K, capacity 55562K, committed 55808K, reserved 1097728K
  class space    used 7315K, capacity 7849K, committed 7936K, reserved 1048576K

