# JRE version: OpenJDK Runtime Environment (8.0_152-b01) (build 1.8.0_152-release-915-b01)
# Java VM: OpenJDK 64-Bit Server VM (25.152-b01 mixed mode windows-amd64 compressed oops)
Heap:
 PSYoungGen      total 262144K, used 261931K [0x00000000eab00000, 0x0000000100000000, 0x0000000100000000)
  eden space 218624K, 100% used [0x00000000eab00000,0x00000000f8080000,0x00000000f8080000)
  from space 43520K, 99% used [0x00000000f8080000,0x00000000faacaca8,0x00000000fab00000)
  to   space 69120K, 64% used [0x00000000fbc80000,0x00000000fe83a6b8,0x0000000100000000)
 ParOldGen       total 681984K, used 163370K [0x00000000c0000000, 0x00000000e9a00000, 0x00000000eab00000)
  object space 681984K, 23% used [0x00000000c0000000,0x00000000c9f8ab98,0x00000000e9a00000)
 Metaspace       used 94620K, capacity 105890K, committed 110936K, reserved 1144832K
  class space    used 11923K, capacity 14892K, committed 16000K, reserved 1048576K
GC Heap History (10 events):
Event: 15065.988 GC heap after
Heap after GC invocations=131 (full 6):
 PSYoungGen      total 265728K, used 17132K [0x00000000eab00000, 0x00000000ff780000, 0x0000000100000000)
  eden space 195072K, 0% used [0x00000000eab00000,0x00000000eab00000,0x00000000f6980000)
  from space 70656K, 24% used [0x00000000f6980000,0x00000000f7a3b328,0x00000000fae80000)
  to   space 66048K, 0% used [0x00000000fb700000,0x00000000fb700000,0x00000000ff780000)
 ParOldGen       total 681984K, used 163274K [0x00000000c0000000, 0x00000000e9a00000, 0x00000000eab00000)
  object space 681984K, 23% used [0x00000000c0000000,0x00000000c9f72b98,0x00000000e9a00000)
 Metaspace       used 94304K, capacity 105124K, committed 110936K, reserved 1144832K
  class space    used 11883K, capacity 14761K, committed 16000K, reserved 1048576K
}
Event: 15067.425 GC heap before
{Heap before GC invocations=132 (full 6):
 PSYoungGen      total 265728K, used 212035K [0x00000000eab00000, 0x00000000ff780000, 0x0000000100000000)
  eden space 195072K, 99% used [0x00000000eab00000,0x00000000f6955958,0x00000000f6980000)
  from space 70656K, 24% used [0x00000000f6980000,0x00000000f7a3b328,0x00000000fae80000)
  to   space 66048K, 0% used [0x00000000fb700000,0x00000000fb700000,0x00000000ff780000)
 ParOldGen       total 681984K, used 163274K [0x00000000c0000000, 0x00000000e9a00000, 0x00000000eab00000)
  object space 681984K, 23% used [0x00000000c0000000,0x00000000c9f72b98,0x00000000e9a00000)
 Metaspace       used 94314K, capacity 105124K, committed 110936K, reserved 1144832K
  class space    used 11883K, capacity 14761K, committed 16000K, reserved 1048576K
Event: 15067.432 GC heap after
Heap after GC invocations=132 (full 6):
 PSYoungGen      total 275456K, used 21536K [0x00000000eab00000, 0x00000000ff580000, 0x0000000100000000)
  eden space 211456K, 0% used [0x00000000eab00000,0x00000000eab00000,0x00000000f7980000)
  from space 64000K, 33% used [0x00000000fb700000,0x00000000fcc08228,0x00000000ff580000)
  to   space 62976K, 0% used [0x00000000f7980000,0x00000000f7980000,0x00000000fb700000)
 ParOldGen       total 681984K, used 163346K [0x00000000c0000000, 0x00000000e9a00000, 0x00000000eab00000)
  object space 681984K, 23% used [0x00000000c0000000,0x00000000c9f84b98,0x00000000e9a00000)
 Metaspace       used 94314K, capacity 105124K, committed 110936K, reserved 1144832K
  class space    used 11883K, capacity 14761K, committed 16000K, reserved 1048576K
}
Event: 17279.533 GC heap before
{Heap before GC invocations=133 (full 6):
 PSYoungGen      total 275456K, used 232992K [0x00000000eab00000, 0x00000000ff580000, 0x0000000100000000)
  eden space 211456K, 100% used [0x00000000eab00000,0x00000000f7980000,0x00000000f7980000)
  from space 64000K, 33% used [0x00000000fb700000,0x00000000fcc08228,0x00000000ff580000)
  to   space 62976K, 0% used [0x00000000f7980000,0x00000000f7980000,0x00000000fb700000)
 ParOldGen       total 681984K, used 163346K [0x00000000c0000000, 0x00000000e9a00000, 0x00000000eab00000)
  object space 681984K, 23% used [0x00000000c0000000,0x00000000c9f84b98,0x00000000e9a00000)
 Metaspace       used 94371K, capacity 105244K, committed 110936K, reserved 1144832K
  class space    used 11894K, capacity 14801K, committed 16000K, reserved 1048576K
Event: 17279.543 GC heap after
Heap after GC invocations=133 (full 6):
 PSYoungGen      total 274432K, used 23245K [0x00000000eab00000, 0x00000000ffb00000, 0x0000000100000000)
  eden space 211456K, 0% used [0x00000000eab00000,0x00000000eab00000,0x00000000f7980000)
  from space 62976K, 36% used [0x00000000f7980000,0x00000000f90336d0,0x00000000fb700000)
  to   space 60928K, 0% used [0x00000000fbf80000,0x00000000fbf80000,0x00000000ffb00000)
 ParOldGen       total 681984K, used 163354K [0x00000000c0000000, 0x00000000e9a00000, 0x00000000eab00000)
  object space 681984K, 23% used [0x00000000c0000000,0x00000000c9f86b98,0x00000000e9a00000)
 Metaspace       used 94371K, capacity 105244K, committed 110936K, reserved 1144832K
  class space    used 11894K, capacity 14801K, committed 16000K, reserved 1048576K
}
Event: 17362.222 GC heap before
{Heap before GC invocations=134 (full 6):
 PSYoungGen      total 274432K, used 234701K [0x00000000eab00000, 0x00000000ffb00000, 0x0000000100000000)
  eden space 211456K, 100% used [0x00000000eab00000,0x00000000f7980000,0x00000000f7980000)
  from space 62976K, 36% used [0x00000000f7980000,0x00000000f90336d0,0x00000000fb700000)
  to   space 60928K, 0% used [0x00000000fbf80000,0x00000000fbf80000,0x00000000ffb00000)
 ParOldGen       total 681984K, used 163354K [0x00000000c0000000, 0x00000000e9a00000, 0x00000000eab00000)
  object space 681984K, 23% used [0x00000000c0000000,0x00000000c9f86b98,0x00000000e9a00000)
 Metaspace       used 94479K, capacity 105494K, committed 110936K, reserved 1144832K
  class space    used 11912K, capacity 14852K, committed 16000K, reserved 1048576K
Event: 17362.235 GC heap after
Heap after GC invocations=134 (full 6):
 PSYoungGen      total 279552K, used 39260K [0x00000000eab00000, 0x0000000100000000, 0x0000000100000000)
  eden space 218624K, 0% used [0x00000000eab00000,0x00000000eab00000,0x00000000f8080000)
  from space 60928K, 64% used [0x00000000fbf80000,0x00000000fe5d7100,0x00000000ffb00000)
  to   space 64512K, 0% used [0x00000000f8080000,0x00000000f8080000,0x00000000fbf80000)
 ParOldGen       total 681984K, used 163362K [0x00000000c0000000, 0x00000000e9a00000, 0x00000000eab00000)
  object space 681984K, 23% used [0x00000000c0000000,0x00000000c9f88b98,0x00000000e9a00000)
 Metaspace       used 94479K, capacity 105494K, committed 110936K, reserved 1144832K
  class space    used 11912K, capacity 14852K, committed 16000K, reserved 1048576K
}
Event: 17494.641 GC heap before
{Heap before GC invocations=135 (full 6):
 PSYoungGen      total 279552K, used 257884K [0x00000000eab00000, 0x0000000100000000, 0x0000000100000000)
  eden space 218624K, 100% used [0x00000000eab00000,0x00000000f8080000,0x00000000f8080000)
  from space 60928K, 64% used [0x00000000fbf80000,0x00000000fe5d7100,0x00000000ffb00000)
  to   space 64512K, 0% used [0x00000000f8080000,0x00000000f8080000,0x00000000fbf80000)
 ParOldGen       total 681984K, used 163362K [0x00000000c0000000, 0x00000000e9a00000, 0x00000000eab00000)
  object space 681984K, 23% used [0x00000000c0000000,0x00000000c9f88b98,0x00000000e9a00000)
 Metaspace       used 94584K, capacity 105762K, committed 110936K, reserved 1144832K
  class space    used 11923K, capacity 14892K, committed 16000K, reserved 1048576K
Event: 17494.657 GC heap after
Heap after GC invocations=135 (full 6):
 PSYoungGen      total 262144K, used 43307K [0x00000000eab00000, 0x0000000100000000, 0x0000000100000000)
  eden space 218624K, 0% used [0x00000000eab00000,0x00000000eab00000,0x00000000f8080000)
  from space 43520K, 99% used [0x00000000f8080000,0x00000000faacaca8,0x00000000fab00000)
  to   space 69120K, 0% used [0x00000000fbc80000,0x00000000fbc80000,0x0000000100000000)
 ParOldGen       total 681984K, used 163370K [0x00000000c0000000, 0x00000000e9a00000, 0x00000000eab00000)
  object space 681984K, 23% used [0x00000000c0000000,0x00000000c9f8ab98,0x00000000e9a00000)
 Metaspace       used 94584K, capacity 105762K, committed 110936K, reserved 1144832K
  class space    used 11923K, capacity 14892K, committed 16000K, reserved 1048576K
}
Event: 17495.309 GC heap before
{Heap before GC invocations=136 (full 6):
 PSYoungGen      total 262144K, used 261931K [0x00000000eab00000, 0x0000000100000000, 0x0000000100000000)
  eden space 218624K, 100% used [0x00000000eab00000,0x00000000f8080000,0x00000000f8080000)
  from space 43520K, 99% used [0x00000000f8080000,0x00000000faacaca8,0x00000000fab00000)
  to   space 69120K, 0% used [0x00000000fbc80000,0x00000000fbc80000,0x0000000100000000)
 ParOldGen       total 681984K, used 163370K [0x00000000c0000000, 0x00000000e9a00000, 0x00000000eab00000)
  object space 681984K, 23% used [0x00000000c0000000,0x00000000c9f8ab98,0x00000000e9a00000)
 Metaspace       used 94620K, capacity 105890K, committed 110936K, reserved 1144832K
  class space    used 11923K, capacity 14892K, committed 16000K, reserved 1048576K

