# JRE version: OpenJDK Runtime Environment (8.0_152-b01) (build 1.8.0_152-release-915-b01)
# Java VM: OpenJDK 64-Bit Server VM (25.152-b01 mixed mode windows-amd64 compressed oops)
Heap:
 PSYoungGen      total 192000K, used 181500K [0x00000000eab00000, 0x00000000f8980000, 0x0000000100000000)
  eden space 172544K, 100% used [0x00000000eab00000,0x00000000f5380000,0x00000000f5380000)
  from space 19456K, 46% used [0x00000000f7680000,0x00000000f7f3f2d8,0x00000000f8980000)
  to   space 27648K, 34% used [0x00000000f5380000,0x00000000f5cb3d70,0x00000000f6e80000)
 ParOldGen       total 315904K, used 50398K [0x00000000c0000000, 0x00000000d3480000, 0x00000000eab00000)
  object space 315904K, 15% used [0x00000000c0000000,0x00000000c3137b08,0x00000000d3480000)
 Metaspace       used 57052K, capacity 58946K, committed 59608K, reserved 1101824K
  class space    used 7596K, capacity 8044K, committed 8192K, reserved 1048576K
GC Heap History (10 events):
Event: 4.423 GC heap after
Heap after GC invocations=9 (full 2):
 PSYoungGen      total 143360K, used 12779K [0x00000000eab00000, 0x00000000f5e00000, 0x0000000100000000)
  eden space 130560K, 0% used [0x00000000eab00000,0x00000000eab00000,0x00000000f2a80000)
  from space 12800K, 99% used [0x00000000f2a80000,0x00000000f36faee0,0x00000000f3700000)
  to   space 15872K, 0% used [0x00000000f4e80000,0x00000000f4e80000,0x00000000f5e00000)
 ParOldGen       total 196608K, used 19814K [0x00000000c0000000, 0x00000000cc000000, 0x00000000eab00000)
  object space 196608K, 10% used [0x00000000c0000000,0x00000000c1359a38,0x00000000cc000000)
 Metaspace       used 49974K, capacity 51436K, committed 51672K, reserved 1093632K
  class space    used 6752K, capacity 7110K, committed 7168K, reserved 1048576K
}
Event: 5.478 GC heap before
{Heap before GC invocations=10 (full 2):
 PSYoungGen      total 143360K, used 143339K [0x00000000eab00000, 0x00000000f5e00000, 0x0000000100000000)
  eden space 130560K, 100% used [0x00000000eab00000,0x00000000f2a80000,0x00000000f2a80000)
  from space 12800K, 99% used [0x00000000f2a80000,0x00000000f36faee0,0x00000000f3700000)
  to   space 15872K, 0% used [0x00000000f4e80000,0x00000000f4e80000,0x00000000f5e00000)
 ParOldGen       total 196608K, used 19814K [0x00000000c0000000, 0x00000000cc000000, 0x00000000eab00000)
  object space 196608K, 10% used [0x00000000c0000000,0x00000000c1359a38,0x00000000cc000000)
 Metaspace       used 53316K, capacity 55104K, committed 55256K, reserved 1097728K
  class space    used 7226K, capacity 7649K, committed 7680K, reserved 1048576K
Event: 5.488 GC heap after
Heap after GC invocations=10 (full 2):
 PSYoungGen      total 162816K, used 15862K [0x00000000eab00000, 0x00000000f7700000, 0x0000000100000000)
  eden space 146944K, 0% used [0x00000000eab00000,0x00000000eab00000,0x00000000f3a80000)
  from space 15872K, 99% used [0x00000000f4e80000,0x00000000f5dfd998,0x00000000f5e00000)
  to   space 20480K, 0% used [0x00000000f3a80000,0x00000000f3a80000,0x00000000f4e80000)
 ParOldGen       total 196608K, used 25885K [0x00000000c0000000, 0x00000000cc000000, 0x00000000eab00000)
  object space 196608K, 13% used [0x00000000c0000000,0x00000000c1947410,0x00000000cc000000)
 Metaspace       used 53316K, capacity 55104K, committed 55256K, reserved 1097728K
  class space    used 7226K, capacity 7649K, committed 7680K, reserved 1048576K
}
Event: 5.911 GC heap before
{Heap before GC invocations=11 (full 2):
 PSYoungGen      total 162816K, used 120070K [0x00000000eab00000, 0x00000000f7700000, 0x0000000100000000)
  eden space 146944K, 70% used [0x00000000eab00000,0x00000000f10c4128,0x00000000f3a80000)
  from space 15872K, 99% used [0x00000000f4e80000,0x00000000f5dfd998,0x00000000f5e00000)
  to   space 20480K, 0% used [0x00000000f3a80000,0x00000000f3a80000,0x00000000f4e80000)
 ParOldGen       total 196608K, used 25885K [0x00000000c0000000, 0x00000000cc000000, 0x00000000eab00000)
  object space 196608K, 13% used [0x00000000c0000000,0x00000000c1947410,0x00000000cc000000)
 Metaspace       used 56770K, capacity 58848K, committed 59028K, reserved 1099776K
  class space    used 7636K, capacity 8111K, committed 8192K, reserved 1048576K
Event: 5.923 GC heap after
Heap after GC invocations=11 (full 2):
 PSYoungGen      total 167424K, used 20450K [0x00000000eab00000, 0x00000000f9200000, 0x0000000100000000)
  eden space 146944K, 0% used [0x00000000eab00000,0x00000000eab00000,0x00000000f3a80000)
  from space 20480K, 99% used [0x00000000f3a80000,0x00000000f4e78b20,0x00000000f4e80000)
  to   space 28160K, 0% used [0x00000000f7680000,0x00000000f7680000,0x00000000f9200000)
 ParOldGen       total 196608K, used 39359K [0x00000000c0000000, 0x00000000cc000000, 0x00000000eab00000)
  object space 196608K, 20% used [0x00000000c0000000,0x00000000c266fd20,0x00000000cc000000)
 Metaspace       used 56770K, capacity 58848K, committed 59028K, reserved 1099776K
  class space    used 7636K, capacity 8111K, committed 8192K, reserved 1048576K
}
Event: 5.923 GC heap before
{Heap before GC invocations=12 (full 3):
 PSYoungGen      total 167424K, used 20450K [0x00000000eab00000, 0x00000000f9200000, 0x0000000100000000)
  eden space 146944K, 0% used [0x00000000eab00000,0x00000000eab00000,0x00000000f3a80000)
  from space 20480K, 99% used [0x00000000f3a80000,0x00000000f4e78b20,0x00000000f4e80000)
  to   space 28160K, 0% used [0x00000000f7680000,0x00000000f7680000,0x00000000f9200000)
 ParOldGen       total 196608K, used 39359K [0x00000000c0000000, 0x00000000cc000000, 0x00000000eab00000)
  object space 196608K, 20% used [0x00000000c0000000,0x00000000c266fd20,0x00000000cc000000)
 Metaspace       used 56770K, capacity 58848K, committed 59028K, reserved 1099776K
  class space    used 7636K, capacity 8111K, committed 8192K, reserved 1048576K
Event: 6.073 GC heap after
Heap after GC invocations=12 (full 3):
 PSYoungGen      total 167424K, used 0K [0x00000000eab00000, 0x00000000f9200000, 0x0000000100000000)
  eden space 146944K, 0% used [0x00000000eab00000,0x00000000eab00000,0x00000000f3a80000)
  from space 20480K, 0% used [0x00000000f3a80000,0x00000000f3a80000,0x00000000f4e80000)
  to   space 28160K, 0% used [0x00000000f7680000,0x00000000f7680000,0x00000000f9200000)
 ParOldGen       total 315904K, used 50382K [0x00000000c0000000, 0x00000000d3480000, 0x00000000eab00000)
  object space 315904K, 15% used [0x00000000c0000000,0x00000000c3133b08,0x00000000d3480000)
 Metaspace       used 56617K, capacity 58456K, committed 59028K, reserved 1099776K
  class space    used 7580K, capacity 8009K, committed 8192K, reserved 1048576K
}
Event: 6.301 GC heap before
{Heap before GC invocations=13 (full 3):
 PSYoungGen      total 167424K, used 146944K [0x00000000eab00000, 0x00000000f9200000, 0x0000000100000000)
  eden space 146944K, 100% used [0x00000000eab00000,0x00000000f3a80000,0x00000000f3a80000)
  from space 20480K, 0% used [0x00000000f3a80000,0x00000000f3a80000,0x00000000f4e80000)
  to   space 28160K, 0% used [0x00000000f7680000,0x00000000f7680000,0x00000000f9200000)
 ParOldGen       total 315904K, used 50382K [0x00000000c0000000, 0x00000000d3480000, 0x00000000eab00000)
  object space 315904K, 15% used [0x00000000c0000000,0x00000000c3133b08,0x00000000d3480000)
 Metaspace       used 56953K, capacity 58818K, committed 59352K, reserved 1099776K
  class space    used 7595K, capacity 8044K, committed 8192K, reserved 1048576K
Event: 6.305 GC heap after
Heap after GC invocations=13 (full 3):
 PSYoungGen      total 192000K, used 8956K [0x00000000eab00000, 0x00000000f8980000, 0x0000000100000000)
  eden space 172544K, 0% used [0x00000000eab00000,0x00000000eab00000,0x00000000f5380000)
  from space 19456K, 46% used [0x00000000f7680000,0x00000000f7f3f2d8,0x00000000f8980000)
  to   space 27648K, 0% used [0x00000000f5380000,0x00000000f5380000,0x00000000f6e80000)
 ParOldGen       total 315904K, used 50390K [0x00000000c0000000, 0x00000000d3480000, 0x00000000eab00000)
  object space 315904K, 15% used [0x00000000c0000000,0x00000000c3135b08,0x00000000d3480000)
 Metaspace       used 56953K, capacity 58818K, committed 59352K, reserved 1099776K
  class space    used 7595K, capacity 8044K, committed 8192K, reserved 1048576K
}
Event: 6.460 GC heap before
{Heap before GC invocations=14 (full 3):
 PSYoungGen      total 192000K, used 181500K [0x00000000eab00000, 0x00000000f8980000, 0x0000000100000000)
  eden space 172544K, 100% used [0x00000000eab00000,0x00000000f5380000,0x00000000f5380000)
  from space 19456K, 46% used [0x00000000f7680000,0x00000000f7f3f2d8,0x00000000f8980000)
  to   space 27648K, 0% used [0x00000000f5380000,0x00000000f5380000,0x00000000f6e80000)
 ParOldGen       total 315904K, used 50390K [0x00000000c0000000, 0x00000000d3480000, 0x00000000eab00000)
  object space 315904K, 15% used [0x00000000c0000000,0x00000000c3135b08,0x00000000d3480000)
 Metaspace       used 57052K, capacity 58946K, committed 59608K, reserved 1101824K
  class space    used 7596K, capacity 8044K, committed 8192K, reserved 1048576K

