# JRE version: OpenJDK Runtime Environment (8.0_152-b01) (build 1.8.0_152-release-915-b01)
# Java VM: OpenJDK 64-Bit Server VM (25.152-b01 mixed mode windows-amd64 compressed oops)
Heap:
 PSYoungGen      total 266240K, used 188595K [0x00000000eab00000, 0x00000000ff780000, 0x0000000100000000)
  eden space 188928K, 98% used [0x00000000eab00000,0x00000000f60dd590,0x00000000f6380000)
  from space 77312K, 3% used [0x00000000fac00000,0x00000000fae4f6b8,0x00000000ff780000)
  to   space 74240K, 12% used [0x00000000f6380000,0x00000000f6cd3010,0x00000000fac00000)
 ParOldGen       total 295936K, used 228569K [0x00000000c0000000, 0x00000000d2100000, 0x00000000eab00000)
  object space 295936K, 77% used [0x00000000c0000000,0x00000000cdf365c8,0x00000000d2100000)
 Metaspace       used 65988K, capacity 69730K, committed 69848K, reserved 1110016K
  class space    used 8557K, capacity 9380K, committed 9472K, reserved 1048576K
GC Heap History (10 events):
Event: 210.010 GC heap after
Heap after GC invocations=29 (full 3):
 PSYoungGen      total 261632K, used 256K [0x00000000eab00000, 0x0000000100000000, 0x0000000100000000)
  eden space 174592K, 0% used [0x00000000eab00000,0x00000000eab00000,0x00000000f5580000)
  from space 87040K, 0% used [0x00000000fa980000,0x00000000fa9c0000,0x00000000ffe80000)
  to   space 86016K, 0% used [0x00000000f5580000,0x00000000f5580000,0x00000000fa980000)
 ParOldGen       total 295936K, used 219896K [0x00000000c0000000, 0x00000000d2100000, 0x00000000eab00000)
  object space 295936K, 74% used [0x00000000c0000000,0x00000000cd6be110,0x00000000d2100000)
 Metaspace       used 64188K, capacity 67264K, committed 67416K, reserved 1107968K
  class space    used 8385K, capacity 9079K, committed 9088K, reserved 1048576K
}
Event: 333.353 GC heap before
{Heap before GC invocations=30 (full 3):
 PSYoungGen      total 261632K, used 174848K [0x00000000eab00000, 0x0000000100000000, 0x0000000100000000)
  eden space 174592K, 100% used [0x00000000eab00000,0x00000000f5580000,0x00000000f5580000)
  from space 87040K, 0% used [0x00000000fa980000,0x00000000fa9c0000,0x00000000ffe80000)
  to   space 86016K, 0% used [0x00000000f5580000,0x00000000f5580000,0x00000000fa980000)
 ParOldGen       total 295936K, used 219896K [0x00000000c0000000, 0x00000000d2100000, 0x00000000eab00000)
  object space 295936K, 74% used [0x00000000c0000000,0x00000000cd6be110,0x00000000d2100000)
 Metaspace       used 64537K, capacity 67810K, committed 68056K, reserved 1107968K
  class space    used 8405K, capacity 9160K, committed 9216K, reserved 1048576K
Event: 333.356 GC heap after
Heap after GC invocations=30 (full 3):
 PSYoungGen      total 176128K, used 1246K [0x00000000eab00000, 0x00000000ffa00000, 0x0000000100000000)
  eden space 174592K, 0% used [0x00000000eab00000,0x00000000eab00000,0x00000000f5580000)
  from space 1536K, 81% used [0x00000000f5580000,0x00000000f56b7a78,0x00000000f5700000)
  to   space 83456K, 0% used [0x00000000fa880000,0x00000000fa880000,0x00000000ffa00000)
 ParOldGen       total 295936K, used 219968K [0x00000000c0000000, 0x00000000d2100000, 0x00000000eab00000)
  object space 295936K, 74% used [0x00000000c0000000,0x00000000cd6d0110,0x00000000d2100000)
 Metaspace       used 64537K, capacity 67810K, committed 68056K, reserved 1107968K
  class space    used 8405K, capacity 9160K, committed 9216K, reserved 1048576K
}
Event: 335.292 GC heap before
{Heap before GC invocations=31 (full 3):
 PSYoungGen      total 176128K, used 174734K [0x00000000eab00000, 0x00000000ffa00000, 0x0000000100000000)
  eden space 174592K, 99% used [0x00000000eab00000,0x00000000f546bed8,0x00000000f5580000)
  from space 1536K, 81% used [0x00000000f5580000,0x00000000f56b7a78,0x00000000f5700000)
  to   space 83456K, 0% used [0x00000000fa880000,0x00000000fa880000,0x00000000ffa00000)
 ParOldGen       total 295936K, used 219968K [0x00000000c0000000, 0x00000000d2100000, 0x00000000eab00000)
  object space 295936K, 74% used [0x00000000c0000000,0x00000000cd6d0110,0x00000000d2100000)
 Metaspace       used 64963K, capacity 68612K, committed 68696K, reserved 1107968K
  class space    used 8455K, capacity 9269K, committed 9344K, reserved 1048576K
Event: 335.297 GC heap after
Heap after GC invocations=31 (full 3):
 PSYoungGen      total 263168K, used 7965K [0x00000000eab00000, 0x0000000100000000, 0x0000000100000000)
  eden space 179712K, 0% used [0x00000000eab00000,0x00000000eab00000,0x00000000f5a80000)
  from space 83456K, 9% used [0x00000000fa880000,0x00000000fb047450,0x00000000ffa00000)
  to   space 79872K, 0% used [0x00000000f5a80000,0x00000000f5a80000,0x00000000fa880000)
 ParOldGen       total 295936K, used 220910K [0x00000000c0000000, 0x00000000d2100000, 0x00000000eab00000)
  object space 295936K, 74% used [0x00000000c0000000,0x00000000cd7bba30,0x00000000d2100000)
 Metaspace       used 64963K, capacity 68612K, committed 68696K, reserved 1107968K
  class space    used 8455K, capacity 9269K, committed 9344K, reserved 1048576K
}
Event: 335.716 GC heap before
{Heap before GC invocations=32 (full 3):
 PSYoungGen      total 263168K, used 186018K [0x00000000eab00000, 0x0000000100000000, 0x0000000100000000)
  eden space 179712K, 99% used [0x00000000eab00000,0x00000000f58e1510,0x00000000f5a80000)
  from space 83456K, 9% used [0x00000000fa880000,0x00000000fb047450,0x00000000ffa00000)
  to   space 79872K, 0% used [0x00000000f5a80000,0x00000000f5a80000,0x00000000fa880000)
 ParOldGen       total 295936K, used 220910K [0x00000000c0000000, 0x00000000d2100000, 0x00000000eab00000)
  object space 295936K, 74% used [0x00000000c0000000,0x00000000cd7bba30,0x00000000d2100000)
 Metaspace       used 64963K, capacity 68612K, committed 68696K, reserved 1107968K
  class space    used 8455K, capacity 9269K, committed 9344K, reserved 1048576K
Event: 335.719 GC heap after
Heap after GC invocations=32 (full 3):
 PSYoungGen      total 259584K, used 1444K [0x00000000eab00000, 0x00000000ff780000, 0x0000000100000000)
  eden space 179712K, 0% used [0x00000000eab00000,0x00000000eab00000,0x00000000f5a80000)
  from space 79872K, 1% used [0x00000000f5a80000,0x00000000f5be9210,0x00000000fa880000)
  to   space 77312K, 0% used [0x00000000fac00000,0x00000000fac00000,0x00000000ff780000)
 ParOldGen       total 295936K, used 226742K [0x00000000c0000000, 0x00000000d2100000, 0x00000000eab00000)
  object space 295936K, 76% used [0x00000000c0000000,0x00000000cdd6d880,0x00000000d2100000)
 Metaspace       used 64963K, capacity 68612K, committed 68696K, reserved 1107968K
  class space    used 8455K, capacity 9269K, committed 9344K, reserved 1048576K
}
Event: 456.987 GC heap before
{Heap before GC invocations=33 (full 3):
 PSYoungGen      total 259584K, used 181156K [0x00000000eab00000, 0x00000000ff780000, 0x0000000100000000)
  eden space 179712K, 100% used [0x00000000eab00000,0x00000000f5a80000,0x00000000f5a80000)
  from space 79872K, 1% used [0x00000000f5a80000,0x00000000f5be9210,0x00000000fa880000)
  to   space 77312K, 0% used [0x00000000fac00000,0x00000000fac00000,0x00000000ff780000)
 ParOldGen       total 295936K, used 226742K [0x00000000c0000000, 0x00000000d2100000, 0x00000000eab00000)
  object space 295936K, 76% used [0x00000000c0000000,0x00000000cdd6d880,0x00000000d2100000)
 Metaspace       used 65070K, capacity 68814K, committed 68952K, reserved 1110016K
  class space    used 8467K, capacity 9312K, committed 9344K, reserved 1048576K
Event: 456.990 GC heap after
Heap after GC invocations=33 (full 3):
 PSYoungGen      total 266240K, used 2365K [0x00000000eab00000, 0x00000000ff780000, 0x0000000100000000)
  eden space 188928K, 0% used [0x00000000eab00000,0x00000000eab00000,0x00000000f6380000)
  from space 77312K, 3% used [0x00000000fac00000,0x00000000fae4f6b8,0x00000000ff780000)
  to   space 74240K, 0% used [0x00000000f6380000,0x00000000f6380000,0x00000000fac00000)
 ParOldGen       total 295936K, used 226822K [0x00000000c0000000, 0x00000000d2100000, 0x00000000eab00000)
  object space 295936K, 76% used [0x00000000c0000000,0x00000000cdd81880,0x00000000d2100000)
 Metaspace       used 65070K, capacity 68814K, committed 68952K, reserved 1110016K
  class space    used 8467K, capacity 9312K, committed 9344K, reserved 1048576K
}
Event: 459.033 GC heap before
{Heap before GC invocations=34 (full 3):
 PSYoungGen      total 266240K, used 188595K [0x00000000eab00000, 0x00000000ff780000, 0x0000000100000000)
  eden space 188928K, 98% used [0x00000000eab00000,0x00000000f60dd590,0x00000000f6380000)
  from space 77312K, 3% used [0x00000000fac00000,0x00000000fae4f6b8,0x00000000ff780000)
  to   space 74240K, 0% used [0x00000000f6380000,0x00000000f6380000,0x00000000fac00000)
 ParOldGen       total 295936K, used 226822K [0x00000000c0000000, 0x00000000d2100000, 0x00000000eab00000)
  object space 295936K, 76% used [0x00000000c0000000,0x00000000cdd81880,0x00000000d2100000)
 Metaspace       used 65988K, capacity 69730K, committed 69848K, reserved 1110016K
  class space    used 8557K, capacity 9380K, committed 9472K, reserved 1048576K

