# JRE version: OpenJDK Runtime Environment (8.0_152-b01) (build 1.8.0_152-release-915-b01)
# Java VM: OpenJDK 64-Bit Server VM (25.152-b01 mixed mode windows-amd64 compressed oops)
Heap:
 PSYoungGen      total 202752K, used 189440K [0x00000000eab00000, 0x00000000f9400000, 0x0000000100000000)
  eden space 189440K, 100% used [0x00000000eab00000,0x00000000f6400000,0x00000000f6400000)
  from space 13312K, 0% used [0x00000000f7180000,0x00000000f7180000,0x00000000f7e80000)
  to   space 13824K, 76% used [0x00000000f6400000,0x00000000f6e5d8f0,0x00000000f7180000)
 ParOldGen       total 491520K, used 370901K [0x00000000c0000000, 0x00000000de000000, 0x00000000eab00000)
  object space 491520K, 75% used [0x00000000c0000000,0x00000000d6a354f8,0x00000000de000000)
 Metaspace       used 47127K, capacity 48358K, committed 48512K, reserved 1091584K
  class space    used 6319K, capacity 6774K, committed 6784K, reserved 1048576K
GC Heap History (10 events):
Event: 4.524 GC heap after
Heap after GC invocations=4 (full 1):
 PSYoungGen      total 75776K, used 0K [0x00000000eab00000, 0x00000000f3f00000, 0x0000000100000000)
  eden space 65024K, 0% used [0x00000000eab00000,0x00000000eab00000,0x00000000eea80000)
  from space 10752K, 0% used [0x00000000eea80000,0x00000000eea80000,0x00000000ef500000)
  to   space 10752K, 0% used [0x00000000f3480000,0x00000000f3480000,0x00000000f3f00000)
 ParOldGen       total 91136K, used 6912K [0x00000000c0000000, 0x00000000c5900000, 0x00000000eab00000)
  object space 91136K, 7% used [0x00000000c0000000,0x00000000c06c01f0,0x00000000c5900000)
 Metaspace       used 20665K, capacity 21120K, committed 21248K, reserved 1067008K
  class space    used 2859K, capacity 3039K, committed 3072K, reserved 1048576K
}
Event: 5.214 GC heap before
{Heap before GC invocations=5 (full 1):
 PSYoungGen      total 75776K, used 65024K [0x00000000eab00000, 0x00000000f3f00000, 0x0000000100000000)
  eden space 65024K, 100% used [0x00000000eab00000,0x00000000eea80000,0x00000000eea80000)
  from space 10752K, 0% used [0x00000000eea80000,0x00000000eea80000,0x00000000ef500000)
  to   space 10752K, 0% used [0x00000000f3480000,0x00000000f3480000,0x00000000f3f00000)
 ParOldGen       total 91136K, used 6912K [0x00000000c0000000, 0x00000000c5900000, 0x00000000eab00000)
  object space 91136K, 7% used [0x00000000c0000000,0x00000000c06c01f0,0x00000000c5900000)
 Metaspace       used 26074K, capacity 26626K, committed 26880K, reserved 1073152K
  class space    used 3534K, capacity 3714K, committed 3840K, reserved 1048576K
Event: 5.236 GC heap after
Heap after GC invocations=5 (full 1):
 PSYoungGen      total 119808K, used 6710K [0x00000000eab00000, 0x00000000f3b80000, 0x0000000100000000)
  eden space 112640K, 0% used [0x00000000eab00000,0x00000000eab00000,0x00000000f1900000)
  from space 7168K, 93% used [0x00000000f3480000,0x00000000f3b0d9e8,0x00000000f3b80000)
  to   space 10752K, 0% used [0x00000000f2680000,0x00000000f2680000,0x00000000f3100000)
 ParOldGen       total 91136K, used 6920K [0x00000000c0000000, 0x00000000c5900000, 0x00000000eab00000)
  object space 91136K, 7% used [0x00000000c0000000,0x00000000c06c21f0,0x00000000c5900000)
 Metaspace       used 26074K, capacity 26626K, committed 26880K, reserved 1073152K
  class space    used 3534K, capacity 3714K, committed 3840K, reserved 1048576K
}
Event: 6.455 GC heap before
{Heap before GC invocations=6 (full 1):
 PSYoungGen      total 119808K, used 119350K [0x00000000eab00000, 0x00000000f3b80000, 0x0000000100000000)
  eden space 112640K, 100% used [0x00000000eab00000,0x00000000f1900000,0x00000000f1900000)
  from space 7168K, 93% used [0x00000000f3480000,0x00000000f3b0d9e8,0x00000000f3b80000)
  to   space 10752K, 0% used [0x00000000f2680000,0x00000000f2680000,0x00000000f3100000)
 ParOldGen       total 91136K, used 6920K [0x00000000c0000000, 0x00000000c5900000, 0x00000000eab00000)
  object space 91136K, 7% used [0x00000000c0000000,0x00000000c06c21f0,0x00000000c5900000)
 Metaspace       used 31543K, capacity 32306K, committed 32640K, reserved 1077248K
  class space    used 4327K, capacity 4648K, committed 4736K, reserved 1048576K
Event: 6.463 GC heap after
Heap after GC invocations=6 (full 1):
 PSYoungGen      total 137216K, used 10317K [0x00000000eab00000, 0x00000000f7e80000, 0x0000000100000000)
  eden space 126464K, 0% used [0x00000000eab00000,0x00000000eab00000,0x00000000f2680000)
  from space 10752K, 95% used [0x00000000f2680000,0x00000000f3093728,0x00000000f3100000)
  to   space 13312K, 0% used [0x00000000f7180000,0x00000000f7180000,0x00000000f7e80000)
 ParOldGen       total 91136K, used 6928K [0x00000000c0000000, 0x00000000c5900000, 0x00000000eab00000)
  object space 91136K, 7% used [0x00000000c0000000,0x00000000c06c41f0,0x00000000c5900000)
 Metaspace       used 31543K, capacity 32306K, committed 32640K, reserved 1077248K
  class space    used 4327K, capacity 4648K, committed 4736K, reserved 1048576K
}
Event: 7.043 GC heap before
{Heap before GC invocations=7 (full 1):
 PSYoungGen      total 137216K, used 40395K [0x00000000eab00000, 0x00000000f7e80000, 0x0000000100000000)
  eden space 126464K, 23% used [0x00000000eab00000,0x00000000ec85f5d8,0x00000000f2680000)
  from space 10752K, 95% used [0x00000000f2680000,0x00000000f3093728,0x00000000f3100000)
  to   space 13312K, 0% used [0x00000000f7180000,0x00000000f7180000,0x00000000f7e80000)
 ParOldGen       total 91136K, used 6928K [0x00000000c0000000, 0x00000000c5900000, 0x00000000eab00000)
  object space 91136K, 7% used [0x00000000c0000000,0x00000000c06c41f0,0x00000000c5900000)
 Metaspace       used 34384K, capacity 35312K, committed 35416K, reserved 1079296K
  class space    used 4696K, capacity 5038K, committed 5120K, reserved 1048576K
Event: 7.054 GC heap after
Heap after GC invocations=7 (full 1):
 PSYoungGen      total 202752K, used 10260K [0x00000000eab00000, 0x00000000f9400000, 0x0000000100000000)
  eden space 189440K, 0% used [0x00000000eab00000,0x00000000eab00000,0x00000000f6400000)
  from space 13312K, 77% used [0x00000000f7180000,0x00000000f7b85360,0x00000000f7e80000)
  to   space 13824K, 0% used [0x00000000f6400000,0x00000000f6400000,0x00000000f7180000)
 ParOldGen       total 91136K, used 7000K [0x00000000c0000000, 0x00000000c5900000, 0x00000000eab00000)
  object space 91136K, 7% used [0x00000000c0000000,0x00000000c06d6200,0x00000000c5900000)
 Metaspace       used 34384K, capacity 35312K, committed 35416K, reserved 1079296K
  class space    used 4696K, capacity 5038K, committed 5120K, reserved 1048576K
}
Event: 7.054 GC heap before
{Heap before GC invocations=8 (full 2):
 PSYoungGen      total 202752K, used 10260K [0x00000000eab00000, 0x00000000f9400000, 0x0000000100000000)
  eden space 189440K, 0% used [0x00000000eab00000,0x00000000eab00000,0x00000000f6400000)
  from space 13312K, 77% used [0x00000000f7180000,0x00000000f7b85360,0x00000000f7e80000)
  to   space 13824K, 0% used [0x00000000f6400000,0x00000000f6400000,0x00000000f7180000)
 ParOldGen       total 91136K, used 7000K [0x00000000c0000000, 0x00000000c5900000, 0x00000000eab00000)
  object space 91136K, 7% used [0x00000000c0000000,0x00000000c06d6200,0x00000000c5900000)
 Metaspace       used 34384K, capacity 35312K, committed 35416K, reserved 1079296K
  class space    used 4696K, capacity 5038K, committed 5120K, reserved 1048576K
Event: 7.118 GC heap after
Heap after GC invocations=8 (full 2):
 PSYoungGen      total 202752K, used 0K [0x00000000eab00000, 0x00000000f9400000, 0x0000000100000000)
  eden space 189440K, 0% used [0x00000000eab00000,0x00000000eab00000,0x00000000f6400000)
  from space 13312K, 0% used [0x00000000f7180000,0x00000000f7180000,0x00000000f7e80000)
  to   space 13824K, 0% used [0x00000000f6400000,0x00000000f6400000,0x00000000f7180000)
 ParOldGen       total 136704K, used 16523K [0x00000000c0000000, 0x00000000c8580000, 0x00000000eab00000)
  object space 136704K, 12% used [0x00000000c0000000,0x00000000c1022e10,0x00000000c8580000)
 Metaspace       used 34384K, capacity 35312K, committed 35416K, reserved 1079296K
  class space    used 4696K, capacity 5038K, committed 5120K, reserved 1048576K
}
Event: 9.109 GC heap before
{Heap before GC invocations=9 (full 2):
 PSYoungGen      total 202752K, used 189440K [0x00000000eab00000, 0x00000000f9400000, 0x0000000100000000)
  eden space 189440K, 100% used [0x00000000eab00000,0x00000000f6400000,0x00000000f6400000)
  from space 13312K, 0% used [0x00000000f7180000,0x00000000f7180000,0x00000000f7e80000)
  to   space 13824K, 0% used [0x00000000f6400000,0x00000000f6400000,0x00000000f7180000)
 ParOldGen       total 136704K, used 16523K [0x00000000c0000000, 0x00000000c8580000, 0x00000000eab00000)
  object space 136704K, 12% used [0x00000000c0000000,0x00000000c1022e10,0x00000000c8580000)
 Metaspace       used 47127K, capacity 48358K, committed 48512K, reserved 1091584K
  class space    used 6319K, capacity 6774K, committed 6784K, reserved 1048576K

