# JRE version: OpenJDK Runtime Environment (8.0_152-b01) (build 1.8.0_152-release-915-b01)
# Java VM: OpenJDK 64-Bit Server VM (25.152-b01 mixed mode windows-amd64 compressed oops)
Heap:
 PSYoungGen      total 324096K, used 8401K [0x00000000eab00000, 0x0000000100000000, 0x0000000100000000)
  eden space 299008K, 0% used [0x00000000eab00000,0x00000000eab00000,0x00000000fcf00000)
  from space 25088K, 33% used [0x00000000fe780000,0x00000000fefb4760,0x0000000100000000)
  to   space 25088K, 0% used [0x00000000fcf00000,0x00000000fcf00000,0x00000000fe780000)
 ParOldGen       total 190464K, used 37129K [0x00000000c0000000, 0x00000000cba00000, 0x00000000eab00000)
  object space 190464K, 19% used [0x00000000c0000000,0x00000000c24427c8,0x00000000cba00000)
 Metaspace       used 56859K, capacity 58948K, committed 59028K, reserved 1099776K
  class space    used 7689K, capacity 8149K, committed 8192K, reserved 1048576K
GC Heap History (10 events):
Event: 5.725 GC heap after
Heap after GC invocations=10 (full 2):
 PSYoungGen      total 172032K, used 16366K [0x00000000eab00000, 0x00000000f7f80000, 0x0000000100000000)
  eden space 155648K, 0% used [0x00000000eab00000,0x00000000eab00000,0x00000000f4300000)
  from space 16384K, 99% used [0x00000000f5780000,0x00000000f677b9f8,0x00000000f6780000)
  to   space 20992K, 0% used [0x00000000f4300000,0x00000000f4300000,0x00000000f5780000)
 ParOldGen       total 190464K, used 26702K [0x00000000c0000000, 0x00000000cba00000, 0x00000000eab00000)
  object space 190464K, 14% used [0x00000000c0000000,0x00000000c1a13a38,0x00000000cba00000)
 Metaspace       used 55719K, capacity 57586K, committed 57944K, reserved 1099776K
  class space    used 7530K, capacity 7948K, committed 8064K, reserved 1048576K
}
Event: 5.820 GC heap before
{Heap before GC invocations=11 (full 2):
 PSYoungGen      total 172032K, used 171689K [0x00000000eab00000, 0x00000000f7f80000, 0x0000000100000000)
  eden space 155648K, 99% used [0x00000000eab00000,0x00000000f42aedd0,0x00000000f4300000)
  from space 16384K, 99% used [0x00000000f5780000,0x00000000f677b9f8,0x00000000f6780000)
  to   space 20992K, 0% used [0x00000000f4300000,0x00000000f4300000,0x00000000f5780000)
 ParOldGen       total 190464K, used 26702K [0x00000000c0000000, 0x00000000cba00000, 0x00000000eab00000)
  object space 190464K, 14% used [0x00000000c0000000,0x00000000c1a13a38,0x00000000cba00000)
 Metaspace       used 56095K, capacity 58072K, committed 58200K, reserved 1099776K
  class space    used 7595K, capacity 8051K, committed 8064K, reserved 1048576K
Event: 5.826 GC heap after
Heap after GC invocations=11 (full 2):
 PSYoungGen      total 176640K, used 19428K [0x00000000eab00000, 0x00000000f9d80000, 0x0000000100000000)
  eden space 155648K, 0% used [0x00000000eab00000,0x00000000eab00000,0x00000000f4300000)
  from space 20992K, 92% used [0x00000000f4300000,0x00000000f55f93e0,0x00000000f5780000)
  to   space 23040K, 0% used [0x00000000f8700000,0x00000000f8700000,0x00000000f9d80000)
 ParOldGen       total 190464K, used 26710K [0x00000000c0000000, 0x00000000cba00000, 0x00000000eab00000)
  object space 190464K, 14% used [0x00000000c0000000,0x00000000c1a15a38,0x00000000cba00000)
 Metaspace       used 56095K, capacity 58072K, committed 58200K, reserved 1099776K
  class space    used 7595K, capacity 8051K, committed 8064K, reserved 1048576K
}
Event: 5.834 GC heap before
{Heap before GC invocations=12 (full 2):
 PSYoungGen      total 176640K, used 174404K [0x00000000eab00000, 0x00000000f9d80000, 0x0000000100000000)
  eden space 155648K, 99% used [0x00000000eab00000,0x00000000f4257ce0,0x00000000f4300000)
  from space 20992K, 92% used [0x00000000f4300000,0x00000000f55f93e0,0x00000000f5780000)
  to   space 23040K, 0% used [0x00000000f8700000,0x00000000f8700000,0x00000000f9d80000)
 ParOldGen       total 190464K, used 26710K [0x00000000c0000000, 0x00000000cba00000, 0x00000000eab00000)
  object space 190464K, 14% used [0x00000000c0000000,0x00000000c1a15a38,0x00000000cba00000)
 Metaspace       used 56101K, capacity 58072K, committed 58200K, reserved 1099776K
  class space    used 7595K, capacity 8051K, committed 8064K, reserved 1048576K
Event: 5.840 GC heap after
Heap after GC invocations=12 (full 2):
 PSYoungGen      total 223744K, used 19207K [0x00000000eab00000, 0x00000000fc100000, 0x0000000100000000)
  eden space 200704K, 0% used [0x00000000eab00000,0x00000000eab00000,0x00000000f6f00000)
  from space 23040K, 83% used [0x00000000f8700000,0x00000000f99c1ca0,0x00000000f9d80000)
  to   space 24576K, 0% used [0x00000000f6f00000,0x00000000f6f00000,0x00000000f8700000)
 ParOldGen       total 190464K, used 26718K [0x00000000c0000000, 0x00000000cba00000, 0x00000000eab00000)
  object space 190464K, 14% used [0x00000000c0000000,0x00000000c1a17a38,0x00000000cba00000)
 Metaspace       used 56101K, capacity 58072K, committed 58200K, reserved 1099776K
  class space    used 7595K, capacity 8051K, committed 8064K, reserved 1048576K
}
Event: 5.855 GC heap before
{Heap before GC invocations=13 (full 2):
 PSYoungGen      total 223744K, used 219778K [0x00000000eab00000, 0x00000000fc100000, 0x0000000100000000)
  eden space 200704K, 99% used [0x00000000eab00000,0x00000000f6eded70,0x00000000f6f00000)
  from space 23040K, 83% used [0x00000000f8700000,0x00000000f99c1ca0,0x00000000f9d80000)
  to   space 24576K, 0% used [0x00000000f6f00000,0x00000000f6f00000,0x00000000f8700000)
 ParOldGen       total 190464K, used 26718K [0x00000000c0000000, 0x00000000cba00000, 0x00000000eab00000)
  object space 190464K, 14% used [0x00000000c0000000,0x00000000c1a17a38,0x00000000cba00000)
 Metaspace       used 56108K, capacity 58136K, committed 58200K, reserved 1099776K
  class space    used 7595K, capacity 8051K, committed 8064K, reserved 1048576K
Event: 5.861 GC heap after
Heap after GC invocations=13 (full 2):
 PSYoungGen      total 225280K, used 18104K [0x00000000eab00000, 0x0000000100000000, 0x0000000100000000)
  eden space 200704K, 0% used [0x00000000eab00000,0x00000000eab00000,0x00000000f6f00000)
  from space 24576K, 73% used [0x00000000f6f00000,0x00000000f80ae080,0x00000000f8700000)
  to   space 25088K, 0% used [0x00000000fe780000,0x00000000fe780000,0x0000000100000000)
 ParOldGen       total 190464K, used 26726K [0x00000000c0000000, 0x00000000cba00000, 0x00000000eab00000)
  object space 190464K, 14% used [0x00000000c0000000,0x00000000c1a19a38,0x00000000cba00000)
 Metaspace       used 56108K, capacity 58136K, committed 58200K, reserved 1099776K
  class space    used 7595K, capacity 8051K, committed 8064K, reserved 1048576K
}
Event: 6.346 GC heap before
{Heap before GC invocations=14 (full 2):
 PSYoungGen      total 225280K, used 183946K [0x00000000eab00000, 0x0000000100000000, 0x0000000100000000)
  eden space 200704K, 82% used [0x00000000eab00000,0x00000000f4cf4a40,0x00000000f6f00000)
  from space 24576K, 73% used [0x00000000f6f00000,0x00000000f80ae080,0x00000000f8700000)
  to   space 25088K, 0% used [0x00000000fe780000,0x00000000fe780000,0x0000000100000000)
 ParOldGen       total 190464K, used 26726K [0x00000000c0000000, 0x00000000cba00000, 0x00000000eab00000)
  object space 190464K, 14% used [0x00000000c0000000,0x00000000c1a19a38,0x00000000cba00000)
 Metaspace       used 56859K, capacity 58948K, committed 59028K, reserved 1099776K
  class space    used 7689K, capacity 8149K, committed 8192K, reserved 1048576K
Event: 6.352 GC heap after
Heap after GC invocations=14 (full 2):
 PSYoungGen      total 324096K, used 8401K [0x00000000eab00000, 0x0000000100000000, 0x0000000100000000)
  eden space 299008K, 0% used [0x00000000eab00000,0x00000000eab00000,0x00000000fcf00000)
  from space 25088K, 33% used [0x00000000fe780000,0x00000000fefb4760,0x0000000100000000)
  to   space 25088K, 0% used [0x00000000fcf00000,0x00000000fcf00000,0x00000000fe780000)
 ParOldGen       total 190464K, used 37129K [0x00000000c0000000, 0x00000000cba00000, 0x00000000eab00000)
  object space 190464K, 19% used [0x00000000c0000000,0x00000000c24427c8,0x00000000cba00000)
 Metaspace       used 56859K, capacity 58948K, committed 59028K, reserved 1099776K
  class space    used 7689K, capacity 8149K, committed 8192K, reserved 1048576K
}
Event: 6.353 GC heap before
{Heap before GC invocations=15 (full 3):
 PSYoungGen      total 324096K, used 8401K [0x00000000eab00000, 0x0000000100000000, 0x0000000100000000)
  eden space 299008K, 0% used [0x00000000eab00000,0x00000000eab00000,0x00000000fcf00000)
  from space 25088K, 33% used [0x00000000fe780000,0x00000000fefb4760,0x0000000100000000)
  to   space 25088K, 0% used [0x00000000fcf00000,0x00000000fcf00000,0x00000000fe780000)
 ParOldGen       total 190464K, used 37129K [0x00000000c0000000, 0x00000000cba00000, 0x00000000eab00000)
  object space 190464K, 19% used [0x00000000c0000000,0x00000000c24427c8,0x00000000cba00000)
 Metaspace       used 56859K, capacity 58948K, committed 59028K, reserved 1099776K
  class space    used 7689K, capacity 8149K, committed 8192K, reserved 1048576K

