# JRE version: OpenJDK Runtime Environment (8.0_152-b01) (build 1.8.0_152-release-915-b01)
# Java VM: OpenJDK 64-Bit Server VM (25.152-b01 mixed mode windows-amd64 compressed oops)
Heap:
 PSYoungGen      total 304128K, used 20845K [0x00000000eab00000, 0x0000000100000000, 0x0000000100000000)
  eden space 278528K, 0% used [0x00000000eab00000,0x00000000eab00000,0x00000000fbb00000)
  from space 25600K, 81% used [0x00000000fbb00000,0x00000000fcf5b760,0x00000000fd400000)
  to   space 27648K, 0% used [0x00000000fe500000,0x00000000fe500000,0x0000000100000000)
 ParOldGen       total 134144K, used 35781K [0x00000000c0000000, 0x00000000c8300000, 0x00000000eab00000)
  object space 134144K, 26% used [0x00000000c0000000,0x00000000c22f1418,0x00000000c8300000)
 Metaspace       used 56948K, capacity 58942K, committed 58968K, reserved 1099776K
  class space    used 7570K, capacity 8062K, committed 8064K, reserved 1048576K
GC Heap History (10 events):
Event: 3.868 GC heap after
Heap after GC invocations=7 (full 1):
 PSYoungGen      total 200192K, used 8764K [0x00000000eab00000, 0x00000000f9500000, 0x0000000100000000)
  eden space 186880K, 0% used [0x00000000eab00000,0x00000000eab00000,0x00000000f6180000)
  from space 13312K, 65% used [0x00000000f6e00000,0x00000000f768f210,0x00000000f7b00000)
  to   space 12800K, 0% used [0x00000000f6180000,0x00000000f6180000,0x00000000f6e00000)
 ParOldGen       total 90624K, used 6924K [0x00000000c0000000, 0x00000000c5880000, 0x00000000eab00000)
  object space 90624K, 7% used [0x00000000c0000000,0x00000000c06c3220,0x00000000c5880000)
 Metaspace       used 34511K, capacity 35296K, committed 35416K, reserved 1079296K
  class space    used 4676K, capacity 4978K, committed 4992K, reserved 1048576K
}
Event: 3.868 GC heap before
{Heap before GC invocations=8 (full 2):
 PSYoungGen      total 200192K, used 8764K [0x00000000eab00000, 0x00000000f9500000, 0x0000000100000000)
  eden space 186880K, 0% used [0x00000000eab00000,0x00000000eab00000,0x00000000f6180000)
  from space 13312K, 65% used [0x00000000f6e00000,0x00000000f768f210,0x00000000f7b00000)
  to   space 12800K, 0% used [0x00000000f6180000,0x00000000f6180000,0x00000000f6e00000)
 ParOldGen       total 90624K, used 6924K [0x00000000c0000000, 0x00000000c5880000, 0x00000000eab00000)
  object space 90624K, 7% used [0x00000000c0000000,0x00000000c06c3220,0x00000000c5880000)
 Metaspace       used 34511K, capacity 35296K, committed 35416K, reserved 1079296K
  class space    used 4676K, capacity 4978K, committed 4992K, reserved 1048576K
Event: 3.905 GC heap after
Heap after GC invocations=8 (full 2):
 PSYoungGen      total 200192K, used 0K [0x00000000eab00000, 0x00000000f9500000, 0x0000000100000000)
  eden space 186880K, 0% used [0x00000000eab00000,0x00000000eab00000,0x00000000f6180000)
  from space 13312K, 0% used [0x00000000f6e00000,0x00000000f6e00000,0x00000000f7b00000)
  to   space 12800K, 0% used [0x00000000f6180000,0x00000000f6180000,0x00000000f6e00000)
 ParOldGen       total 134144K, used 15104K [0x00000000c0000000, 0x00000000c8300000, 0x00000000eab00000)
  object space 134144K, 11% used [0x00000000c0000000,0x00000000c0ec0188,0x00000000c8300000)
 Metaspace       used 34511K, capacity 35296K, committed 35416K, reserved 1079296K
  class space    used 4676K, capacity 4978K, committed 4992K, reserved 1048576K
}
Event: 5.423 GC heap before
{Heap before GC invocations=9 (full 2):
 PSYoungGen      total 200192K, used 186880K [0x00000000eab00000, 0x00000000f9500000, 0x0000000100000000)
  eden space 186880K, 100% used [0x00000000eab00000,0x00000000f6180000,0x00000000f6180000)
  from space 13312K, 0% used [0x00000000f6e00000,0x00000000f6e00000,0x00000000f7b00000)
  to   space 12800K, 0% used [0x00000000f6180000,0x00000000f6180000,0x00000000f6e00000)
 ParOldGen       total 134144K, used 15104K [0x00000000c0000000, 0x00000000c8300000, 0x00000000eab00000)
  object space 134144K, 11% used [0x00000000c0000000,0x00000000c0ec0188,0x00000000c8300000)
 Metaspace       used 46135K, capacity 47176K, committed 47448K, reserved 1089536K
  class space    used 6151K, capacity 6494K, committed 6528K, reserved 1048576K
Event: 5.439 GC heap after
Heap after GC invocations=9 (full 2):
 PSYoungGen      total 199680K, used 12776K [0x00000000eab00000, 0x00000000fe400000, 0x0000000100000000)
  eden space 186880K, 0% used [0x00000000eab00000,0x00000000eab00000,0x00000000f6180000)
  from space 12800K, 99% used [0x00000000f6180000,0x00000000f6dfa010,0x00000000f6e00000)
  to   space 16384K, 0% used [0x00000000fd400000,0x00000000fd400000,0x00000000fe400000)
 ParOldGen       total 134144K, used 19651K [0x00000000c0000000, 0x00000000c8300000, 0x00000000eab00000)
  object space 134144K, 14% used [0x00000000c0000000,0x00000000c1330ff0,0x00000000c8300000)
 Metaspace       used 46135K, capacity 47176K, committed 47448K, reserved 1089536K
  class space    used 6151K, capacity 6494K, committed 6528K, reserved 1048576K
}
Event: 8.686 GC heap before
{Heap before GC invocations=10 (full 2):
 PSYoungGen      total 199680K, used 199656K [0x00000000eab00000, 0x00000000fe400000, 0x0000000100000000)
  eden space 186880K, 100% used [0x00000000eab00000,0x00000000f6180000,0x00000000f6180000)
  from space 12800K, 99% used [0x00000000f6180000,0x00000000f6dfa010,0x00000000f6e00000)
  to   space 16384K, 0% used [0x00000000fd400000,0x00000000fd400000,0x00000000fe400000)
 ParOldGen       total 134144K, used 19651K [0x00000000c0000000, 0x00000000c8300000, 0x00000000eab00000)
  object space 134144K, 14% used [0x00000000c0000000,0x00000000c1330ff0,0x00000000c8300000)
 Metaspace       used 54349K, capacity 56120K, committed 56408K, reserved 1097728K
  class space    used 7288K, capacity 7727K, committed 7808K, reserved 1048576K
Event: 8.705 GC heap after
Heap after GC invocations=10 (full 2):
 PSYoungGen      total 294912K, used 16376K [0x00000000eab00000, 0x00000000fed00000, 0x0000000100000000)
  eden space 278528K, 0% used [0x00000000eab00000,0x00000000eab00000,0x00000000fbb00000)
  from space 16384K, 99% used [0x00000000fd400000,0x00000000fe3fe0c0,0x00000000fe400000)
  to   space 25600K, 0% used [0x00000000fbb00000,0x00000000fbb00000,0x00000000fd400000)
 ParOldGen       total 134144K, used 35773K [0x00000000c0000000, 0x00000000c8300000, 0x00000000eab00000)
  object space 134144K, 26% used [0x00000000c0000000,0x00000000c22ef418,0x00000000c8300000)
 Metaspace       used 54349K, capacity 56120K, committed 56408K, reserved 1097728K
  class space    used 7288K, capacity 7727K, committed 7808K, reserved 1048576K
}
Event: 13.623 GC heap before
{Heap before GC invocations=11 (full 2):
 PSYoungGen      total 294912K, used 222144K [0x00000000eab00000, 0x00000000fed00000, 0x0000000100000000)
  eden space 278528K, 73% used [0x00000000eab00000,0x00000000f73f22d8,0x00000000fbb00000)
  from space 16384K, 99% used [0x00000000fd400000,0x00000000fe3fe0c0,0x00000000fe400000)
  to   space 25600K, 0% used [0x00000000fbb00000,0x00000000fbb00000,0x00000000fd400000)
 ParOldGen       total 134144K, used 35773K [0x00000000c0000000, 0x00000000c8300000, 0x00000000eab00000)
  object space 134144K, 26% used [0x00000000c0000000,0x00000000c22ef418,0x00000000c8300000)
 Metaspace       used 56948K, capacity 58942K, committed 58968K, reserved 1099776K
  class space    used 7570K, capacity 8062K, committed 8064K, reserved 1048576K
Event: 13.635 GC heap after
Heap after GC invocations=11 (full 2):
 PSYoungGen      total 304128K, used 20845K [0x00000000eab00000, 0x0000000100000000, 0x0000000100000000)
  eden space 278528K, 0% used [0x00000000eab00000,0x00000000eab00000,0x00000000fbb00000)
  from space 25600K, 81% used [0x00000000fbb00000,0x00000000fcf5b760,0x00000000fd400000)
  to   space 27648K, 0% used [0x00000000fe500000,0x00000000fe500000,0x0000000100000000)
 ParOldGen       total 134144K, used 35781K [0x00000000c0000000, 0x00000000c8300000, 0x00000000eab00000)
  object space 134144K, 26% used [0x00000000c0000000,0x00000000c22f1418,0x00000000c8300000)
 Metaspace       used 56948K, capacity 58942K, committed 58968K, reserved 1099776K
  class space    used 7570K, capacity 8062K, committed 8064K, reserved 1048576K
}
Event: 13.635 GC heap before
{Heap before GC invocations=12 (full 3):
 PSYoungGen      total 304128K, used 20845K [0x00000000eab00000, 0x0000000100000000, 0x0000000100000000)
  eden space 278528K, 0% used [0x00000000eab00000,0x00000000eab00000,0x00000000fbb00000)
  from space 25600K, 81% used [0x00000000fbb00000,0x00000000fcf5b760,0x00000000fd400000)
  to   space 27648K, 0% used [0x00000000fe500000,0x00000000fe500000,0x0000000100000000)
 ParOldGen       total 134144K, used 35781K [0x00000000c0000000, 0x00000000c8300000, 0x00000000eab00000)
  object space 134144K, 26% used [0x00000000c0000000,0x00000000c22f1418,0x00000000c8300000)
 Metaspace       used 56948K, capacity 58942K, committed 58968K, reserved 1099776K
  class space    used 7570K, capacity 8062K, committed 8064K, reserved 1048576K

