# JRE version: OpenJDK Runtime Environment (8.0_152-b01) (build 1.8.0_152-release-915-b01)
# Java VM: OpenJDK 64-Bit Server VM (25.152-b01 mixed mode windows-amd64 compressed oops)
Heap:
 PSYoungGen      total 217088K, used 216607K [0x00000000eab00000, 0x00000000ffa00000, 0x0000000100000000)
  eden space 163328K, 100% used [0x00000000eab00000,0x00000000f4a80000,0x00000000f4a80000)
  from space 53760K, 99% used [0x00000000f4a80000,0x00000000f7e87e28,0x00000000f7f00000)
  to   space 89088K, 75% used [0x00000000fa300000,0x00000000fe48ff20,0x00000000ffa00000)
 ParOldGen       total 699392K, used 421762K [0x00000000c0000000, 0x00000000eab00000, 0x00000000eab00000)
  object space 699392K, 60% used [0x00000000c0000000,0x00000000d9be0b60,0x00000000eab00000)
 Metaspace       used 90442K, capacity 96318K, committed 96472K, reserved 1132544K
  class space    used 11337K, capacity 12737K, committed 12800K, reserved 1048576K
GC Heap History (10 events):
Event: 553.878 GC heap after
Heap after GC invocations=107 (full 10):
 PSYoungGen      total 245760K, used 67526K [0x00000000eab00000, 0x0000000100000000, 0x0000000100000000)
  eden space 156672K, 0% used [0x00000000eab00000,0x00000000eab00000,0x00000000f4400000)
  from space 89088K, 75% used [0x00000000f4400000,0x00000000f85f1ad0,0x00000000f9b00000)
  to   space 93184K, 0% used [0x00000000fa500000,0x00000000fa500000,0x0000000100000000)
 ParOldGen       total 699392K, used 414966K [0x00000000c0000000, 0x00000000eab00000, 0x00000000eab00000)
  object space 699392K, 59% used [0x00000000c0000000,0x00000000d953da60,0x00000000eab00000)
 Metaspace       used 90442K, capacity 96318K, committed 96472K, reserved 1132544K
  class space    used 11337K, capacity 12737K, committed 12800K, reserved 1048576K
}
Event: 553.964 GC heap before
{Heap before GC invocations=108 (full 10):
 PSYoungGen      total 245760K, used 224198K [0x00000000eab00000, 0x0000000100000000, 0x0000000100000000)
  eden space 156672K, 100% used [0x00000000eab00000,0x00000000f4400000,0x00000000f4400000)
  from space 89088K, 75% used [0x00000000f4400000,0x00000000f85f1ad0,0x00000000f9b00000)
  to   space 93184K, 0% used [0x00000000fa500000,0x00000000fa500000,0x0000000100000000)
 ParOldGen       total 699392K, used 414966K [0x00000000c0000000, 0x00000000eab00000, 0x00000000eab00000)
  object space 699392K, 59% used [0x00000000c0000000,0x00000000d953da60,0x00000000eab00000)
 Metaspace       used 90442K, capacity 96318K, committed 96472K, reserved 1132544K
  class space    used 11337K, capacity 12737K, committed 12800K, reserved 1048576K
Event: 553.985 GC heap after
Heap after GC invocations=108 (full 10):
 PSYoungGen      total 254976K, used 62075K [0x00000000eab00000, 0x0000000100000000, 0x0000000100000000)
  eden space 161792K, 0% used [0x00000000eab00000,0x00000000eab00000,0x00000000f4900000)
  from space 93184K, 66% used [0x00000000fa500000,0x00000000fe19eda0,0x0000000100000000)
  to   space 93696K, 0% used [0x00000000f4900000,0x00000000f4900000,0x00000000fa480000)
 ParOldGen       total 699392K, used 416034K [0x00000000c0000000, 0x00000000eab00000, 0x00000000eab00000)
  object space 699392K, 59% used [0x00000000c0000000,0x00000000d9648b60,0x00000000eab00000)
 Metaspace       used 90442K, capacity 96318K, committed 96472K, reserved 1132544K
  class space    used 11337K, capacity 12737K, committed 12800K, reserved 1048576K
}
Event: 554.077 GC heap before
{Heap before GC invocations=109 (full 10):
 PSYoungGen      total 254976K, used 223867K [0x00000000eab00000, 0x0000000100000000, 0x0000000100000000)
  eden space 161792K, 100% used [0x00000000eab00000,0x00000000f4900000,0x00000000f4900000)
  from space 93184K, 66% used [0x00000000fa500000,0x00000000fe19eda0,0x0000000100000000)
  to   space 93696K, 0% used [0x00000000f4900000,0x00000000f4900000,0x00000000fa480000)
 ParOldGen       total 699392K, used 416034K [0x00000000c0000000, 0x00000000eab00000, 0x00000000eab00000)
  object space 699392K, 59% used [0x00000000c0000000,0x00000000d9648b60,0x00000000eab00000)
 Metaspace       used 90442K, capacity 96318K, committed 96472K, reserved 1132544K
  class space    used 11337K, capacity 12737K, committed 12800K, reserved 1048576K
Event: 554.095 GC heap after
Heap after GC invocations=109 (full 10):
 PSYoungGen      total 193536K, used 31316K [0x00000000eab00000, 0x00000000ffe80000, 0x0000000100000000)
  eden space 161792K, 0% used [0x00000000eab00000,0x00000000eab00000,0x00000000f4900000)
  from space 31744K, 98% used [0x00000000f4900000,0x00000000f6795208,0x00000000f6800000)
  to   space 92672K, 0% used [0x00000000fa400000,0x00000000fa400000,0x00000000ffe80000)
 ParOldGen       total 699392K, used 417378K [0x00000000c0000000, 0x00000000eab00000, 0x00000000eab00000)
  object space 699392K, 59% used [0x00000000c0000000,0x00000000d9798b60,0x00000000eab00000)
 Metaspace       used 90442K, capacity 96318K, committed 96472K, reserved 1132544K
  class space    used 11337K, capacity 12737K, committed 12800K, reserved 1048576K
}
Event: 554.180 GC heap before
{Heap before GC invocations=110 (full 10):
 PSYoungGen      total 193536K, used 193108K [0x00000000eab00000, 0x00000000ffe80000, 0x0000000100000000)
  eden space 161792K, 100% used [0x00000000eab00000,0x00000000f4900000,0x00000000f4900000)
  from space 31744K, 98% used [0x00000000f4900000,0x00000000f6795208,0x00000000f6800000)
  to   space 92672K, 0% used [0x00000000fa400000,0x00000000fa400000,0x00000000ffe80000)
 ParOldGen       total 699392K, used 417378K [0x00000000c0000000, 0x00000000eab00000, 0x00000000eab00000)
  object space 699392K, 59% used [0x00000000c0000000,0x00000000d9798b60,0x00000000eab00000)
 Metaspace       used 90442K, capacity 96318K, committed 96472K, reserved 1132544K
  class space    used 11337K, capacity 12737K, committed 12800K, reserved 1048576K
Event: 554.200 GC heap after
Heap after GC invocations=110 (full 10):
 PSYoungGen      total 256000K, used 56824K [0x00000000eab00000, 0x0000000100000000, 0x0000000100000000)
  eden space 163328K, 0% used [0x00000000eab00000,0x00000000eab00000,0x00000000f4a80000)
  from space 92672K, 61% used [0x00000000fa400000,0x00000000fdb7e118,0x00000000ffe80000)
  to   space 91648K, 0% used [0x00000000f4a80000,0x00000000f4a80000,0x00000000fa400000)
 ParOldGen       total 699392K, used 418794K [0x00000000c0000000, 0x00000000eab00000, 0x00000000eab00000)
  object space 699392K, 59% used [0x00000000c0000000,0x00000000d98fab60,0x00000000eab00000)
 Metaspace       used 90442K, capacity 96318K, committed 96472K, reserved 1132544K
  class space    used 11337K, capacity 12737K, committed 12800K, reserved 1048576K
}
Event: 554.293 GC heap before
{Heap before GC invocations=111 (full 10):
 PSYoungGen      total 256000K, used 220152K [0x00000000eab00000, 0x0000000100000000, 0x0000000100000000)
  eden space 163328K, 100% used [0x00000000eab00000,0x00000000f4a80000,0x00000000f4a80000)
  from space 92672K, 61% used [0x00000000fa400000,0x00000000fdb7e118,0x00000000ffe80000)
  to   space 91648K, 0% used [0x00000000f4a80000,0x00000000f4a80000,0x00000000fa400000)
 ParOldGen       total 699392K, used 418794K [0x00000000c0000000, 0x00000000eab00000, 0x00000000eab00000)
  object space 699392K, 59% used [0x00000000c0000000,0x00000000d98fab60,0x00000000eab00000)
 Metaspace       used 90442K, capacity 96318K, committed 96472K, reserved 1132544K
  class space    used 11337K, capacity 12737K, committed 12800K, reserved 1048576K
Event: 554.311 GC heap after
Heap after GC invocations=111 (full 10):
 PSYoungGen      total 217088K, used 53279K [0x00000000eab00000, 0x00000000ffa00000, 0x0000000100000000)
  eden space 163328K, 0% used [0x00000000eab00000,0x00000000eab00000,0x00000000f4a80000)
  from space 53760K, 99% used [0x00000000f4a80000,0x00000000f7e87e28,0x00000000f7f00000)
  to   space 89088K, 0% used [0x00000000fa300000,0x00000000fa300000,0x00000000ffa00000)
 ParOldGen       total 699392K, used 420314K [0x00000000c0000000, 0x00000000eab00000, 0x00000000eab00000)
  object space 699392K, 60% used [0x00000000c0000000,0x00000000d9a76b60,0x00000000eab00000)
 Metaspace       used 90442K, capacity 96318K, committed 96472K, reserved 1132544K
  class space    used 11337K, capacity 12737K, committed 12800K, reserved 1048576K
}
Event: 554.408 GC heap before
{Heap before GC invocations=112 (full 10):
 PSYoungGen      total 217088K, used 216607K [0x00000000eab00000, 0x00000000ffa00000, 0x0000000100000000)
  eden space 163328K, 100% used [0x00000000eab00000,0x00000000f4a80000,0x00000000f4a80000)
  from space 53760K, 99% used [0x00000000f4a80000,0x00000000f7e87e28,0x00000000f7f00000)
  to   space 89088K, 0% used [0x00000000fa300000,0x00000000fa300000,0x00000000ffa00000)
 ParOldGen       total 699392K, used 420314K [0x00000000c0000000, 0x00000000eab00000, 0x00000000eab00000)
  object space 699392K, 60% used [0x00000000c0000000,0x00000000d9a76b60,0x00000000eab00000)
 Metaspace       used 90442K, capacity 96318K, committed 96472K, reserved 1132544K
  class space    used 11337K, capacity 12737K, committed 12800K, reserved 1048576K

