# JRE version: OpenJDK Runtime Environment (8.0_152-b01) (build 1.8.0_152-release-915-b01)
# Java VM: OpenJDK 64-Bit Server VM (25.152-b01 mixed mode windows-amd64 compressed oops)
Heap:
 PSYoungGen      total 189440K, used 161387K [0x00000000eab00000, 0x00000000fb080000, 0x0000000100000000)
  eden space 176640K, 84% used [0x00000000eab00000,0x00000000f3c1b828,0x00000000f5780000)
  from space 12800K, 99% used [0x00000000f5780000,0x00000000f63ff768,0x00000000f6400000)
  to   space 16384K, 0% used [0x00000000fa080000,0x00000000fa080000,0x00000000fb080000)
 ParOldGen       total 154624K, used 19659K [0x00000000c0000000, 0x00000000c9700000, 0x00000000eab00000)
  object space 154624K, 12% used [0x00000000c0000000,0x00000000c1332c80,0x00000000c9700000)
 Metaspace       used 52847K, capacity 54764K, committed 55128K, reserved 1097728K
  class space    used 6972K, capacity 7462K, committed 7552K, reserved 1048576K
GC Heap History (10 events):
Event: 2.518 GC heap before
{Heap before GC invocations=5 (full 1):
 PSYoungGen      total 75776K, used 65024K [0x00000000eab00000, 0x00000000f3f00000, 0x0000000100000000)
  eden space 65024K, 100% used [0x00000000eab00000,0x00000000eea80000,0x00000000eea80000)
  from space 10752K, 0% used [0x00000000eea80000,0x00000000eea80000,0x00000000ef500000)
  to   space 10752K, 0% used [0x00000000f3480000,0x00000000f3480000,0x00000000f3f00000)
 ParOldGen       total 93184K, used 6814K [0x00000000c0000000, 0x00000000c5b00000, 0x00000000eab00000)
  object space 93184K, 7% used [0x00000000c0000000,0x00000000c06a7958,0x00000000c5b00000)
 Metaspace       used 25628K, capacity 26286K, committed 26496K, reserved 1073152K
  class space    used 3493K, capacity 3702K, committed 3712K, reserved 1048576K
Event: 2.523 GC heap after
Heap after GC invocations=5 (full 1):
 PSYoungGen      total 116224K, used 7311K [0x00000000eab00000, 0x00000000f3c00000, 0x0000000100000000)
  eden space 108544K, 0% used [0x00000000eab00000,0x00000000eab00000,0x00000000f1500000)
  from space 7680K, 95% used [0x00000000f3480000,0x00000000f3ba3de0,0x00000000f3c00000)
  to   space 10752K, 0% used [0x00000000f2700000,0x00000000f2700000,0x00000000f3180000)
 ParOldGen       total 93184K, used 6822K [0x00000000c0000000, 0x00000000c5b00000, 0x00000000eab00000)
  object space 93184K, 7% used [0x00000000c0000000,0x00000000c06a9958,0x00000000c5b00000)
 Metaspace       used 25628K, capacity 26286K, committed 26496K, reserved 1073152K
  class space    used 3493K, capacity 3702K, committed 3712K, reserved 1048576K
}
Event: 3.298 GC heap before
{Heap before GC invocations=6 (full 1):
 PSYoungGen      total 116224K, used 115855K [0x00000000eab00000, 0x00000000f3c00000, 0x0000000100000000)
  eden space 108544K, 100% used [0x00000000eab00000,0x00000000f1500000,0x00000000f1500000)
  from space 7680K, 95% used [0x00000000f3480000,0x00000000f3ba3de0,0x00000000f3c00000)
  to   space 10752K, 0% used [0x00000000f2700000,0x00000000f2700000,0x00000000f3180000)
 ParOldGen       total 93184K, used 6822K [0x00000000c0000000, 0x00000000c5b00000, 0x00000000eab00000)
  object space 93184K, 7% used [0x00000000c0000000,0x00000000c06a9958,0x00000000c5b00000)
 Metaspace       used 31157K, capacity 32022K, committed 32256K, reserved 1077248K
  class space    used 4251K, capacity 4524K, committed 4608K, reserved 1048576K
Event: 3.304 GC heap after
Heap after GC invocations=6 (full 1):
 PSYoungGen      total 137728K, used 9841K [0x00000000eab00000, 0x00000000f7100000, 0x0000000100000000)
  eden space 126976K, 0% used [0x00000000eab00000,0x00000000eab00000,0x00000000f2700000)
  from space 10752K, 91% used [0x00000000f2700000,0x00000000f309c750,0x00000000f3180000)
  to   space 13312K, 0% used [0x00000000f6400000,0x00000000f6400000,0x00000000f7100000)
 ParOldGen       total 93184K, used 6902K [0x00000000c0000000, 0x00000000c5b00000, 0x00000000eab00000)
  object space 93184K, 7% used [0x00000000c0000000,0x00000000c06bd968,0x00000000c5b00000)
 Metaspace       used 31157K, capacity 32022K, committed 32256K, reserved 1077248K
  class space    used 4251K, capacity 4524K, committed 4608K, reserved 1048576K
}
Event: 3.506 GC heap before
{Heap before GC invocations=7 (full 1):
 PSYoungGen      total 137728K, used 30661K [0x00000000eab00000, 0x00000000f7100000, 0x0000000100000000)
  eden space 126976K, 16% used [0x00000000eab00000,0x00000000ebf54d58,0x00000000f2700000)
  from space 10752K, 91% used [0x00000000f2700000,0x00000000f309c750,0x00000000f3180000)
  to   space 13312K, 0% used [0x00000000f6400000,0x00000000f6400000,0x00000000f7100000)
 ParOldGen       total 93184K, used 6902K [0x00000000c0000000, 0x00000000c5b00000, 0x00000000eab00000)
  object space 93184K, 7% used [0x00000000c0000000,0x00000000c06bd968,0x00000000c5b00000)
 Metaspace       used 34352K, capacity 35238K, committed 35416K, reserved 1079296K
  class space    used 4674K, capacity 4989K, committed 4992K, reserved 1048576K
Event: 3.512 GC heap after
Heap after GC invocations=7 (full 1):
 PSYoungGen      total 189952K, used 9046K [0x00000000eab00000, 0x00000000f8e00000, 0x0000000100000000)
  eden space 176640K, 0% used [0x00000000eab00000,0x00000000eab00000,0x00000000f5780000)
  from space 13312K, 67% used [0x00000000f6400000,0x00000000f6cd58e0,0x00000000f7100000)
  to   space 12800K, 0% used [0x00000000f5780000,0x00000000f5780000,0x00000000f6400000)
 ParOldGen       total 93184K, used 6910K [0x00000000c0000000, 0x00000000c5b00000, 0x00000000eab00000)
  object space 93184K, 7% used [0x00000000c0000000,0x00000000c06bf968,0x00000000c5b00000)
 Metaspace       used 34352K, capacity 35238K, committed 35416K, reserved 1079296K
  class space    used 4674K, capacity 4989K, committed 4992K, reserved 1048576K
}
Event: 3.512 GC heap before
{Heap before GC invocations=8 (full 2):
 PSYoungGen      total 189952K, used 9046K [0x00000000eab00000, 0x00000000f8e00000, 0x0000000100000000)
  eden space 176640K, 0% used [0x00000000eab00000,0x00000000eab00000,0x00000000f5780000)
  from space 13312K, 67% used [0x00000000f6400000,0x00000000f6cd58e0,0x00000000f7100000)
  to   space 12800K, 0% used [0x00000000f5780000,0x00000000f5780000,0x00000000f6400000)
 ParOldGen       total 93184K, used 6910K [0x00000000c0000000, 0x00000000c5b00000, 0x00000000eab00000)
  object space 93184K, 7% used [0x00000000c0000000,0x00000000c06bf968,0x00000000c5b00000)
 Metaspace       used 34352K, capacity 35238K, committed 35416K, reserved 1079296K
  class space    used 4674K, capacity 4989K, committed 4992K, reserved 1048576K
Event: 3.604 GC heap after
Heap after GC invocations=8 (full 2):
 PSYoungGen      total 189952K, used 0K [0x00000000eab00000, 0x00000000f8e00000, 0x0000000100000000)
  eden space 176640K, 0% used [0x00000000eab00000,0x00000000eab00000,0x00000000f5780000)
  from space 13312K, 0% used [0x00000000f6400000,0x00000000f6400000,0x00000000f7100000)
  to   space 12800K, 0% used [0x00000000f5780000,0x00000000f5780000,0x00000000f6400000)
 ParOldGen       total 154624K, used 15262K [0x00000000c0000000, 0x00000000c9700000, 0x00000000eab00000)
  object space 154624K, 9% used [0x00000000c0000000,0x00000000c0ee7a58,0x00000000c9700000)
 Metaspace       used 34352K, capacity 35238K, committed 35416K, reserved 1079296K
  class space    used 4674K, capacity 4989K, committed 4992K, reserved 1048576K
}
Event: 5.086 GC heap before
{Heap before GC invocations=9 (full 2):
 PSYoungGen      total 189952K, used 176640K [0x00000000eab00000, 0x00000000f8e00000, 0x0000000100000000)
  eden space 176640K, 100% used [0x00000000eab00000,0x00000000f5780000,0x00000000f5780000)
  from space 13312K, 0% used [0x00000000f6400000,0x00000000f6400000,0x00000000f7100000)
  to   space 12800K, 0% used [0x00000000f5780000,0x00000000f5780000,0x00000000f6400000)
 ParOldGen       total 154624K, used 15262K [0x00000000c0000000, 0x00000000c9700000, 0x00000000eab00000)
  object space 154624K, 9% used [0x00000000c0000000,0x00000000c0ee7a58,0x00000000c9700000)
 Metaspace       used 46278K, capacity 47470K, committed 47832K, reserved 1091584K
  class space    used 6190K, capacity 6579K, committed 6656K, reserved 1048576K
Event: 5.096 GC heap after
Heap after GC invocations=9 (full 2):
 PSYoungGen      total 189440K, used 12797K [0x00000000eab00000, 0x00000000fb080000, 0x0000000100000000)
  eden space 176640K, 0% used [0x00000000eab00000,0x00000000eab00000,0x00000000f5780000)
  from space 12800K, 99% used [0x00000000f5780000,0x00000000f63ff768,0x00000000f6400000)
  to   space 16384K, 0% used [0x00000000fa080000,0x00000000fa080000,0x00000000fb080000)
 ParOldGen       total 154624K, used 19659K [0x00000000c0000000, 0x00000000c9700000, 0x00000000eab00000)
  object space 154624K, 12% used [0x00000000c0000000,0x00000000c1332c80,0x00000000c9700000)
 Metaspace       used 46278K, capacity 47470K, committed 47832K, reserved 1091584K
  class space    used 6190K, capacity 6579K, committed 6656K, reserved 1048576K
}

