# JRE version: OpenJDK Runtime Environment (8.0_152-b01) (build 1.8.0_152-release-915-b01)
# Java VM: OpenJDK 64-Bit Server VM (25.152-b01 mixed mode windows-amd64 compressed oops)
Heap:
 PSYoungGen      total 293888K, used 133921K [0x00000000eab00000, 0x0000000100000000, 0x0000000100000000)
  eden space 264192K, 39% used [0x00000000eab00000,0x00000000f10d0080,0x00000000fad00000)
  from space 29696K, 99% used [0x00000000fe300000,0x00000000ffff8688,0x0000000100000000)
  to   space 42496K, 0% used [0x00000000fad00000,0x00000000fad00000,0x00000000fd680000)
 ParOldGen       total 229888K, used 68929K [0x00000000c0000000, 0x00000000ce080000, 0x00000000eab00000)
  object space 229888K, 29% used [0x00000000c0000000,0x00000000c4350538,0x00000000ce080000)
 Metaspace       used 77249K, capacity 81412K, committed 81536K, reserved 1120256K
  class space    used 10045K, capacity 11058K, committed 11136K, reserved 1048576K
GC Heap History (10 events):
Event: 8.095 GC heap before
{Heap before GC invocations=11 (full 2):
 PSYoungGen      total 275456K, used 113698K [0x00000000eab00000, 0x00000000fe200000, 0x0000000100000000)
  eden space 258560K, 37% used [0x00000000eab00000,0x00000000f0990978,0x00000000fa780000)
  from space 16896K, 99% used [0x00000000fbf00000,0x00000000fcf780c0,0x00000000fcf80000)
  to   space 24064K, 0% used [0x00000000fa780000,0x00000000fa780000,0x00000000fbf00000)
 ParOldGen       total 140800K, used 31958K [0x00000000c0000000, 0x00000000c8980000, 0x00000000eab00000)
  object space 140800K, 22% used [0x00000000c0000000,0x00000000c1f35b20,0x00000000c8980000)
 Metaspace       used 56389K, capacity 58928K, committed 59028K, reserved 1099776K
  class space    used 7727K, capacity 8376K, committed 8448K, reserved 1048576K
Event: 8.105 GC heap after
Heap after GC invocations=11 (full 2):
 PSYoungGen      total 282624K, used 24032K [0x00000000eab00000, 0x0000000100000000, 0x0000000100000000)
  eden space 258560K, 0% used [0x00000000eab00000,0x00000000eab00000,0x00000000fa780000)
  from space 24064K, 99% used [0x00000000fa780000,0x00000000fbef8190,0x00000000fbf00000)
  to   space 29696K, 0% used [0x00000000fe300000,0x00000000fe300000,0x0000000100000000)
 ParOldGen       total 140800K, used 36707K [0x00000000c0000000, 0x00000000c8980000, 0x00000000eab00000)
  object space 140800K, 26% used [0x00000000c0000000,0x00000000c23d8cb8,0x00000000c8980000)
 Metaspace       used 56389K, capacity 58928K, committed 59028K, reserved 1099776K
  class space    used 7727K, capacity 8376K, committed 8448K, reserved 1048576K
}
Event: 8.105 GC heap before
{Heap before GC invocations=12 (full 3):
 PSYoungGen      total 282624K, used 24032K [0x00000000eab00000, 0x0000000100000000, 0x0000000100000000)
  eden space 258560K, 0% used [0x00000000eab00000,0x00000000eab00000,0x00000000fa780000)
  from space 24064K, 99% used [0x00000000fa780000,0x00000000fbef8190,0x00000000fbf00000)
  to   space 29696K, 0% used [0x00000000fe300000,0x00000000fe300000,0x0000000100000000)
 ParOldGen       total 140800K, used 36707K [0x00000000c0000000, 0x00000000c8980000, 0x00000000eab00000)
  object space 140800K, 26% used [0x00000000c0000000,0x00000000c23d8cb8,0x00000000c8980000)
 Metaspace       used 56389K, capacity 58928K, committed 59028K, reserved 1099776K
  class space    used 7727K, capacity 8376K, committed 8448K, reserved 1048576K
Event: 8.276 GC heap after
Heap after GC invocations=12 (full 3):
 PSYoungGen      total 282624K, used 0K [0x00000000eab00000, 0x0000000100000000, 0x0000000100000000)
  eden space 258560K, 0% used [0x00000000eab00000,0x00000000eab00000,0x00000000fa780000)
  from space 24064K, 0% used [0x00000000fa780000,0x00000000fa780000,0x00000000fbf00000)
  to   space 29696K, 0% used [0x00000000fe300000,0x00000000fe300000,0x0000000100000000)
 ParOldGen       total 229888K, used 49801K [0x00000000c0000000, 0x00000000ce080000, 0x00000000eab00000)
  object space 229888K, 21% used [0x00000000c0000000,0x00000000c30a26e0,0x00000000ce080000)
 Metaspace       used 56389K, capacity 58928K, committed 59028K, reserved 1099776K
  class space    used 7727K, capacity 8376K, committed 8448K, reserved 1048576K
}
Event: 45.859 GC heap before
{Heap before GC invocations=13 (full 3):
 PSYoungGen      total 282624K, used 258560K [0x00000000eab00000, 0x0000000100000000, 0x0000000100000000)
  eden space 258560K, 100% used [0x00000000eab00000,0x00000000fa780000,0x00000000fa780000)
  from space 24064K, 0% used [0x00000000fa780000,0x00000000fa780000,0x00000000fbf00000)
  to   space 29696K, 0% used [0x00000000fe300000,0x00000000fe300000,0x0000000100000000)
 ParOldGen       total 229888K, used 49801K [0x00000000c0000000, 0x00000000ce080000, 0x00000000eab00000)
  object space 229888K, 21% used [0x00000000c0000000,0x00000000c30a26e0,0x00000000ce080000)
 Metaspace       used 62026K, capacity 65298K, committed 65536K, reserved 1105920K
  class space    used 8294K, capacity 9129K, committed 9216K, reserved 1048576K
Event: 45.866 GC heap after
Heap after GC invocations=13 (full 3):
 PSYoungGen      total 321024K, used 12109K [0x00000000eab00000, 0x0000000100000000, 0x0000000100000000)
  eden space 291328K, 0% used [0x00000000eab00000,0x00000000eab00000,0x00000000fc780000)
  from space 29696K, 40% used [0x00000000fe300000,0x00000000feed36a0,0x0000000100000000)
  to   space 28160K, 0% used [0x00000000fc780000,0x00000000fc780000,0x00000000fe300000)
 ParOldGen       total 229888K, used 49809K [0x00000000c0000000, 0x00000000ce080000, 0x00000000eab00000)
  object space 229888K, 21% used [0x00000000c0000000,0x00000000c30a46e0,0x00000000ce080000)
 Metaspace       used 62026K, capacity 65298K, committed 65536K, reserved 1105920K
  class space    used 8294K, capacity 9129K, committed 9216K, reserved 1048576K
}
Event: 51.579 GC heap before
{Heap before GC invocations=14 (full 3):
 PSYoungGen      total 321024K, used 303437K [0x00000000eab00000, 0x0000000100000000, 0x0000000100000000)
  eden space 291328K, 100% used [0x00000000eab00000,0x00000000fc780000,0x00000000fc780000)
  from space 29696K, 40% used [0x00000000fe300000,0x00000000feed36a0,0x0000000100000000)
  to   space 28160K, 0% used [0x00000000fc780000,0x00000000fc780000,0x00000000fe300000)
 ParOldGen       total 229888K, used 49809K [0x00000000c0000000, 0x00000000ce080000, 0x00000000eab00000)
  object space 229888K, 21% used [0x00000000c0000000,0x00000000c30a46e0,0x00000000ce080000)
 Metaspace       used 74013K, capacity 77728K, committed 77952K, reserved 1116160K
  class space    used 9649K, capacity 10562K, committed 10624K, reserved 1048576K
Event: 51.593 GC heap after
Heap after GC invocations=14 (full 3):
 PSYoungGen      total 319488K, used 28147K [0x00000000eab00000, 0x0000000100000000, 0x0000000100000000)
  eden space 291328K, 0% used [0x00000000eab00000,0x00000000eab00000,0x00000000fc780000)
  from space 28160K, 99% used [0x00000000fc780000,0x00000000fe2fcce0,0x00000000fe300000)
  to   space 29696K, 0% used [0x00000000fe300000,0x00000000fe300000,0x0000000100000000)
 ParOldGen       total 229888K, used 58853K [0x00000000c0000000, 0x00000000ce080000, 0x00000000eab00000)
  object space 229888K, 25% used [0x00000000c0000000,0x00000000c3979490,0x00000000ce080000)
 Metaspace       used 74013K, capacity 77728K, committed 77952K, reserved 1116160K
  class space    used 9649K, capacity 10562K, committed 10624K, reserved 1048576K
}
Event: 155.961 GC heap before
{Heap before GC invocations=15 (full 3):
 PSYoungGen      total 319488K, used 319475K [0x00000000eab00000, 0x0000000100000000, 0x0000000100000000)
  eden space 291328K, 100% used [0x00000000eab00000,0x00000000fc780000,0x00000000fc780000)
  from space 28160K, 99% used [0x00000000fc780000,0x00000000fe2fcce0,0x00000000fe300000)
  to   space 29696K, 0% used [0x00000000fe300000,0x00000000fe300000,0x0000000100000000)
 ParOldGen       total 229888K, used 58853K [0x00000000c0000000, 0x00000000ce080000, 0x00000000eab00000)
  object space 229888K, 25% used [0x00000000c0000000,0x00000000c3979490,0x00000000ce080000)
 Metaspace       used 77126K, capacity 81348K, committed 81536K, reserved 1120256K
  class space    used 10042K, capacity 11058K, committed 11136K, reserved 1048576K
Event: 155.980 GC heap after
Heap after GC invocations=15 (full 3):
 PSYoungGen      total 293888K, used 29665K [0x00000000eab00000, 0x0000000100000000, 0x0000000100000000)
  eden space 264192K, 0% used [0x00000000eab00000,0x00000000eab00000,0x00000000fad00000)
  from space 29696K, 99% used [0x00000000fe300000,0x00000000ffff8688,0x0000000100000000)
  to   space 42496K, 0% used [0x00000000fad00000,0x00000000fad00000,0x00000000fd680000)
 ParOldGen       total 229888K, used 68929K [0x00000000c0000000, 0x00000000ce080000, 0x00000000eab00000)
  object space 229888K, 29% used [0x00000000c0000000,0x00000000c4350538,0x00000000ce080000)
 Metaspace       used 77126K, capacity 81348K, committed 81536K, reserved 1120256K
  class space    used 10042K, capacity 11058K, committed 11136K, reserved 1048576K
}

