# JRE version: OpenJDK Runtime Environment (8.0_152-b01) (build 1.8.0_152-release-915-b01)
# Java VM: OpenJDK 64-Bit Server VM (25.152-b01 mixed mode windows-amd64 compressed oops)
Heap:
 PSYoungGen      total 181248K, used 9093K [0x00000000eab00000, 0x00000000f8180000, 0x0000000100000000)
  eden space 168448K, 0% used [0x00000000eab00000,0x00000000eab00000,0x00000000f4f80000)
  from space 12800K, 71% used [0x00000000f5b80000,0x00000000f64614c8,0x00000000f6800000)
  to   space 12288K, 0% used [0x00000000f4f80000,0x00000000f4f80000,0x00000000f5b80000)
 ParOldGen       total 96256K, used 7064K [0x00000000c0000000, 0x00000000c5e00000, 0x00000000eab00000)
  object space 96256K, 7% used [0x00000000c0000000,0x00000000c06e61c0,0x00000000c5e00000)
 Metaspace       used 34590K, capacity 35344K, committed 35416K, reserved 1079296K
  class space    used 4686K, capacity 4978K, committed 4992K, reserved 1048576K
GC Heap History (10 events):
Event: 1.831 GC heap after
Heap after GC invocations=3 (full 0):
 PSYoungGen      total 75776K, used 7096K [0x00000000eab00000, 0x00000000f3f00000, 0x0000000100000000)
  eden space 65024K, 0% used [0x00000000eab00000,0x00000000eab00000,0x00000000eea80000)
  from space 10752K, 66% used [0x00000000eea80000,0x00000000ef16e340,0x00000000ef500000)
  to   space 10752K, 0% used [0x00000000f3480000,0x00000000f3480000,0x00000000f3f00000)
 ParOldGen       total 173568K, used 1292K [0x00000000c0000000, 0x00000000ca980000, 0x00000000eab00000)
  object space 173568K, 0% used [0x00000000c0000000,0x00000000c0143270,0x00000000ca980000)
 Metaspace       used 20709K, capacity 21120K, committed 21248K, reserved 1067008K
  class space    used 2852K, capacity 2989K, committed 3072K, reserved 1048576K
}
Event: 1.831 GC heap before
{Heap before GC invocations=4 (full 1):
 PSYoungGen      total 75776K, used 7096K [0x00000000eab00000, 0x00000000f3f00000, 0x0000000100000000)
  eden space 65024K, 0% used [0x00000000eab00000,0x00000000eab00000,0x00000000eea80000)
  from space 10752K, 66% used [0x00000000eea80000,0x00000000ef16e340,0x00000000ef500000)
  to   space 10752K, 0% used [0x00000000f3480000,0x00000000f3480000,0x00000000f3f00000)
 ParOldGen       total 173568K, used 1292K [0x00000000c0000000, 0x00000000ca980000, 0x00000000eab00000)
  object space 173568K, 0% used [0x00000000c0000000,0x00000000c0143270,0x00000000ca980000)
 Metaspace       used 20709K, capacity 21120K, committed 21248K, reserved 1067008K
  class space    used 2852K, capacity 2989K, committed 3072K, reserved 1048576K
Event: 1.856 GC heap after
Heap after GC invocations=4 (full 1):
 PSYoungGen      total 75776K, used 0K [0x00000000eab00000, 0x00000000f3f00000, 0x0000000100000000)
  eden space 65024K, 0% used [0x00000000eab00000,0x00000000eab00000,0x00000000eea80000)
  from space 10752K, 0% used [0x00000000eea80000,0x00000000eea80000,0x00000000ef500000)
  to   space 10752K, 0% used [0x00000000f3480000,0x00000000f3480000,0x00000000f3f00000)
 ParOldGen       total 96256K, used 6968K [0x00000000c0000000, 0x00000000c5e00000, 0x00000000eab00000)
  object space 96256K, 7% used [0x00000000c0000000,0x00000000c06ce1b0,0x00000000c5e00000)
 Metaspace       used 20709K, capacity 21120K, committed 21248K, reserved 1067008K
  class space    used 2852K, capacity 2989K, committed 3072K, reserved 1048576K
}
Event: 2.330 GC heap before
{Heap before GC invocations=5 (full 1):
 PSYoungGen      total 75776K, used 65024K [0x00000000eab00000, 0x00000000f3f00000, 0x0000000100000000)
  eden space 65024K, 100% used [0x00000000eab00000,0x00000000eea80000,0x00000000eea80000)
  from space 10752K, 0% used [0x00000000eea80000,0x00000000eea80000,0x00000000ef500000)
  to   space 10752K, 0% used [0x00000000f3480000,0x00000000f3480000,0x00000000f3f00000)
 ParOldGen       total 96256K, used 6968K [0x00000000c0000000, 0x00000000c5e00000, 0x00000000eab00000)
  object space 96256K, 7% used [0x00000000c0000000,0x00000000c06ce1b0,0x00000000c5e00000)
 Metaspace       used 25641K, capacity 26174K, committed 26240K, reserved 1071104K
  class space    used 3502K, capacity 3682K, committed 3712K, reserved 1048576K
Event: 2.335 GC heap after
Heap after GC invocations=5 (full 1):
 PSYoungGen      total 113152K, used 7150K [0x00000000eab00000, 0x00000000f3b80000, 0x0000000100000000)
  eden space 105984K, 0% used [0x00000000eab00000,0x00000000eab00000,0x00000000f1280000)
  from space 7168K, 99% used [0x00000000f3480000,0x00000000f3b7ba88,0x00000000f3b80000)
  to   space 10752K, 0% used [0x00000000f2680000,0x00000000f2680000,0x00000000f3100000)
 ParOldGen       total 96256K, used 6976K [0x00000000c0000000, 0x00000000c5e00000, 0x00000000eab00000)
  object space 96256K, 7% used [0x00000000c0000000,0x00000000c06d01b0,0x00000000c5e00000)
 Metaspace       used 25641K, capacity 26174K, committed 26240K, reserved 1071104K
  class space    used 3502K, capacity 3682K, committed 3712K, reserved 1048576K
}
Event: 3.283 GC heap before
{Heap before GC invocations=6 (full 1):
 PSYoungGen      total 113152K, used 113134K [0x00000000eab00000, 0x00000000f3b80000, 0x0000000100000000)
  eden space 105984K, 100% used [0x00000000eab00000,0x00000000f1280000,0x00000000f1280000)
  from space 7168K, 99% used [0x00000000f3480000,0x00000000f3b7ba88,0x00000000f3b80000)
  to   space 10752K, 0% used [0x00000000f2680000,0x00000000f2680000,0x00000000f3100000)
 ParOldGen       total 96256K, used 6976K [0x00000000c0000000, 0x00000000c5e00000, 0x00000000eab00000)
  object space 96256K, 7% used [0x00000000c0000000,0x00000000c06d01b0,0x00000000c5e00000)
 Metaspace       used 30936K, capacity 31680K, committed 31872K, reserved 1077248K
  class space    used 4210K, capacity 4471K, committed 4480K, reserved 1048576K
Event: 3.291 GC heap after
Heap after GC invocations=6 (full 1):
 PSYoungGen      total 137216K, used 9588K [0x00000000eab00000, 0x00000000f6800000, 0x0000000100000000)
  eden space 126464K, 0% used [0x00000000eab00000,0x00000000eab00000,0x00000000f2680000)
  from space 10752K, 89% used [0x00000000f2680000,0x00000000f2fdd308,0x00000000f3100000)
  to   space 12800K, 0% used [0x00000000f5b80000,0x00000000f5b80000,0x00000000f6800000)
 ParOldGen       total 96256K, used 7056K [0x00000000c0000000, 0x00000000c5e00000, 0x00000000eab00000)
  object space 96256K, 7% used [0x00000000c0000000,0x00000000c06e41c0,0x00000000c5e00000)
 Metaspace       used 30936K, capacity 31680K, committed 31872K, reserved 1077248K
  class space    used 4210K, capacity 4471K, committed 4480K, reserved 1048576K
}
Event: 4.215 GC heap before
{Heap before GC invocations=7 (full 1):
 PSYoungGen      total 137216K, used 32551K [0x00000000eab00000, 0x00000000f6800000, 0x0000000100000000)
  eden space 126464K, 18% used [0x00000000eab00000,0x00000000ec16cc00,0x00000000f2680000)
  from space 10752K, 89% used [0x00000000f2680000,0x00000000f2fdd308,0x00000000f3100000)
  to   space 12800K, 0% used [0x00000000f5b80000,0x00000000f5b80000,0x00000000f6800000)
 ParOldGen       total 96256K, used 7056K [0x00000000c0000000, 0x00000000c5e00000, 0x00000000eab00000)
  object space 96256K, 7% used [0x00000000c0000000,0x00000000c06e41c0,0x00000000c5e00000)
 Metaspace       used 34590K, capacity 35344K, committed 35416K, reserved 1079296K
  class space    used 4686K, capacity 4978K, committed 4992K, reserved 1048576K
Event: 4.221 GC heap after
Heap after GC invocations=7 (full 1):
 PSYoungGen      total 181248K, used 9093K [0x00000000eab00000, 0x00000000f8180000, 0x0000000100000000)
  eden space 168448K, 0% used [0x00000000eab00000,0x00000000eab00000,0x00000000f4f80000)
  from space 12800K, 71% used [0x00000000f5b80000,0x00000000f64614c8,0x00000000f6800000)
  to   space 12288K, 0% used [0x00000000f4f80000,0x00000000f4f80000,0x00000000f5b80000)
 ParOldGen       total 96256K, used 7064K [0x00000000c0000000, 0x00000000c5e00000, 0x00000000eab00000)
  object space 96256K, 7% used [0x00000000c0000000,0x00000000c06e61c0,0x00000000c5e00000)
 Metaspace       used 34590K, capacity 35344K, committed 35416K, reserved 1079296K
  class space    used 4686K, capacity 4978K, committed 4992K, reserved 1048576K
}
Event: 4.221 GC heap before
{Heap before GC invocations=8 (full 2):
 PSYoungGen      total 181248K, used 9093K [0x00000000eab00000, 0x00000000f8180000, 0x0000000100000000)
  eden space 168448K, 0% used [0x00000000eab00000,0x00000000eab00000,0x00000000f4f80000)
  from space 12800K, 71% used [0x00000000f5b80000,0x00000000f64614c8,0x00000000f6800000)
  to   space 12288K, 0% used [0x00000000f4f80000,0x00000000f4f80000,0x00000000f5b80000)
 ParOldGen       total 96256K, used 7064K [0x00000000c0000000, 0x00000000c5e00000, 0x00000000eab00000)
  object space 96256K, 7% used [0x00000000c0000000,0x00000000c06e61c0,0x00000000c5e00000)
 Metaspace       used 34590K, capacity 35344K, committed 35416K, reserved 1079296K
  class space    used 4686K, capacity 4978K, committed 4992K, reserved 1048576K

