# JRE version: OpenJDK Runtime Environment (8.0_152-b01) (build 1.8.0_152-release-915-b01)
# Java VM: OpenJDK 64-Bit Server VM (25.152-b01 mixed mode windows-amd64 compressed oops)
Heap:
 PSYoungGen      total 286720K, used 9880K [0x00000000eab00000, 0x00000000ff780000, 0x0000000100000000)
  eden space 235520K, 0% used [0x00000000eab00000,0x00000000eab00000,0x00000000f9100000)
  from space 51200K, 19% used [0x00000000f9100000,0x00000000f9aa6060,0x00000000fc300000)
  to   space 48128K, 0% used [0x00000000fc880000,0x00000000fc880000,0x00000000ff780000)
 ParOldGen       total 487936K, used 453052K [0x00000000c0000000, 0x00000000ddc80000, 0x00000000eab00000)
  object space 487936K, 92% used [0x00000000c0000000,0x00000000dba6f300,0x00000000ddc80000)
 Metaspace       used 81892K, capacity 86534K, committed 86656K, reserved 1124352K
  class space    used 10283K, capacity 11337K, committed 11392K, reserved 1048576K
GC Heap History (10 events):
Event: 104.564 GC heap after
Heap after GC invocations=68 (full 5):
 PSYoungGen      total 270848K, used 11909K [0x00000000eab00000, 0x00000000ff580000, 0x0000000100000000)
  eden space 206336K, 0% used [0x00000000eab00000,0x00000000eab00000,0x00000000f7480000)
  from space 64512K, 18% used [0x00000000f7480000,0x00000000f8021498,0x00000000fb380000)
  to   space 60416K, 0% used [0x00000000fba80000,0x00000000fba80000,0x00000000ff580000)
 ParOldGen       total 487936K, used 441548K [0x00000000c0000000, 0x00000000ddc80000, 0x00000000eab00000)
  object space 487936K, 90% used [0x00000000c0000000,0x00000000daf332b8,0x00000000ddc80000)
 Metaspace       used 81884K, capacity 86534K, committed 86656K, reserved 1124352K
  class space    used 10283K, capacity 11337K, committed 11392K, reserved 1048576K
}
Event: 104.656 GC heap before
{Heap before GC invocations=69 (full 5):
 PSYoungGen      total 270848K, used 218245K [0x00000000eab00000, 0x00000000ff580000, 0x0000000100000000)
  eden space 206336K, 100% used [0x00000000eab00000,0x00000000f7480000,0x00000000f7480000)
  from space 64512K, 18% used [0x00000000f7480000,0x00000000f8021498,0x00000000fb380000)
  to   space 60416K, 0% used [0x00000000fba80000,0x00000000fba80000,0x00000000ff580000)
 ParOldGen       total 487936K, used 441548K [0x00000000c0000000, 0x00000000ddc80000, 0x00000000eab00000)
  object space 487936K, 90% used [0x00000000c0000000,0x00000000daf332b8,0x00000000ddc80000)
 Metaspace       used 81884K, capacity 86534K, committed 86656K, reserved 1124352K
  class space    used 10283K, capacity 11337K, committed 11392K, reserved 1048576K
Event: 104.664 GC heap after
Heap after GC invocations=69 (full 5):
 PSYoungGen      total 281088K, used 10290K [0x00000000eab00000, 0x00000000ff500000, 0x0000000100000000)
  eden space 221184K, 0% used [0x00000000eab00000,0x00000000eab00000,0x00000000f8300000)
  from space 59904K, 17% used [0x00000000fba80000,0x00000000fc48ca50,0x00000000ff500000)
  to   space 56832K, 0% used [0x00000000f8300000,0x00000000f8300000,0x00000000fba80000)
 ParOldGen       total 487936K, used 444216K [0x00000000c0000000, 0x00000000ddc80000, 0x00000000eab00000)
  object space 487936K, 91% used [0x00000000c0000000,0x00000000db1ce160,0x00000000ddc80000)
 Metaspace       used 81884K, capacity 86534K, committed 86656K, reserved 1124352K
  class space    used 10283K, capacity 11337K, committed 11392K, reserved 1048576K
}
Event: 104.762 GC heap before
{Heap before GC invocations=70 (full 5):
 PSYoungGen      total 281088K, used 231474K [0x00000000eab00000, 0x00000000ff500000, 0x0000000100000000)
  eden space 221184K, 100% used [0x00000000eab00000,0x00000000f8300000,0x00000000f8300000)
  from space 59904K, 17% used [0x00000000fba80000,0x00000000fc48ca50,0x00000000ff500000)
  to   space 56832K, 0% used [0x00000000f8300000,0x00000000f8300000,0x00000000fba80000)
 ParOldGen       total 487936K, used 444216K [0x00000000c0000000, 0x00000000ddc80000, 0x00000000eab00000)
  object space 487936K, 91% used [0x00000000c0000000,0x00000000db1ce160,0x00000000ddc80000)
 Metaspace       used 81889K, capacity 86534K, committed 86656K, reserved 1124352K
  class space    used 10283K, capacity 11337K, committed 11392K, reserved 1048576K
Event: 104.769 GC heap after
Heap after GC invocations=70 (full 5):
 PSYoungGen      total 278016K, used 6281K [0x00000000eab00000, 0x00000000ff800000, 0x0000000100000000)
  eden space 221184K, 0% used [0x00000000eab00000,0x00000000eab00000,0x00000000f8300000)
  from space 56832K, 11% used [0x00000000f8300000,0x00000000f8922540,0x00000000fba80000)
  to   space 54272K, 0% used [0x00000000fc300000,0x00000000fc300000,0x00000000ff800000)
 ParOldGen       total 487936K, used 446648K [0x00000000c0000000, 0x00000000ddc80000, 0x00000000eab00000)
  object space 487936K, 91% used [0x00000000c0000000,0x00000000db42e200,0x00000000ddc80000)
 Metaspace       used 81889K, capacity 86534K, committed 86656K, reserved 1124352K
  class space    used 10283K, capacity 11337K, committed 11392K, reserved 1048576K
}
Event: 104.864 GC heap before
{Heap before GC invocations=71 (full 5):
 PSYoungGen      total 278016K, used 227465K [0x00000000eab00000, 0x00000000ff800000, 0x0000000100000000)
  eden space 221184K, 100% used [0x00000000eab00000,0x00000000f8300000,0x00000000f8300000)
  from space 56832K, 11% used [0x00000000f8300000,0x00000000f8922540,0x00000000fba80000)
  to   space 54272K, 0% used [0x00000000fc300000,0x00000000fc300000,0x00000000ff800000)
 ParOldGen       total 487936K, used 446656K [0x00000000c0000000, 0x00000000ddc80000, 0x00000000eab00000)
  object space 487936K, 91% used [0x00000000c0000000,0x00000000db430240,0x00000000ddc80000)
 Metaspace       used 81889K, capacity 86534K, committed 86656K, reserved 1124352K
  class space    used 10283K, capacity 11337K, committed 11392K, reserved 1048576K
Event: 104.872 GC heap after
Heap after GC invocations=71 (full 5):
 PSYoungGen      total 289280K, used 9056K [0x00000000eab00000, 0x00000000ff780000, 0x0000000100000000)
  eden space 235520K, 0% used [0x00000000eab00000,0x00000000eab00000,0x00000000f9100000)
  from space 53760K, 16% used [0x00000000fc300000,0x00000000fcbd80a0,0x00000000ff780000)
  to   space 51200K, 0% used [0x00000000f9100000,0x00000000f9100000,0x00000000fc300000)
 ParOldGen       total 487936K, used 449515K [0x00000000c0000000, 0x00000000ddc80000, 0x00000000eab00000)
  object space 487936K, 92% used [0x00000000c0000000,0x00000000db6fafa0,0x00000000ddc80000)
 Metaspace       used 81889K, capacity 86534K, committed 86656K, reserved 1124352K
  class space    used 10283K, capacity 11337K, committed 11392K, reserved 1048576K
}
Event: 104.978 GC heap before
{Heap before GC invocations=72 (full 5):
 PSYoungGen      total 289280K, used 244576K [0x00000000eab00000, 0x00000000ff780000, 0x0000000100000000)
  eden space 235520K, 100% used [0x00000000eab00000,0x00000000f9100000,0x00000000f9100000)
  from space 53760K, 16% used [0x00000000fc300000,0x00000000fcbd80a0,0x00000000ff780000)
  to   space 51200K, 0% used [0x00000000f9100000,0x00000000f9100000,0x00000000fc300000)
 ParOldGen       total 487936K, used 449520K [0x00000000c0000000, 0x00000000ddc80000, 0x00000000eab00000)
  object space 487936K, 92% used [0x00000000c0000000,0x00000000db6fc0f0,0x00000000ddc80000)
 Metaspace       used 81892K, capacity 86534K, committed 86656K, reserved 1124352K
  class space    used 10283K, capacity 11337K, committed 11392K, reserved 1048576K
Event: 104.986 GC heap after
Heap after GC invocations=72 (full 5):
 PSYoungGen      total 286720K, used 9880K [0x00000000eab00000, 0x00000000ff780000, 0x0000000100000000)
  eden space 235520K, 0% used [0x00000000eab00000,0x00000000eab00000,0x00000000f9100000)
  from space 51200K, 19% used [0x00000000f9100000,0x00000000f9aa6060,0x00000000fc300000)
  to   space 48128K, 0% used [0x00000000fc880000,0x00000000fc880000,0x00000000ff780000)
 ParOldGen       total 487936K, used 453052K [0x00000000c0000000, 0x00000000ddc80000, 0x00000000eab00000)
  object space 487936K, 92% used [0x00000000c0000000,0x00000000dba6f300,0x00000000ddc80000)
 Metaspace       used 81892K, capacity 86534K, committed 86656K, reserved 1124352K
  class space    used 10283K, capacity 11337K, committed 11392K, reserved 1048576K
}
Event: 104.986 GC heap before
{Heap before GC invocations=73 (full 6):
 PSYoungGen      total 286720K, used 9880K [0x00000000eab00000, 0x00000000ff780000, 0x0000000100000000)
  eden space 235520K, 0% used [0x00000000eab00000,0x00000000eab00000,0x00000000f9100000)
  from space 51200K, 19% used [0x00000000f9100000,0x00000000f9aa6060,0x00000000fc300000)
  to   space 48128K, 0% used [0x00000000fc880000,0x00000000fc880000,0x00000000ff780000)
 ParOldGen       total 487936K, used 453052K [0x00000000c0000000, 0x00000000ddc80000, 0x00000000eab00000)
  object space 487936K, 92% used [0x00000000c0000000,0x00000000dba6f300,0x00000000ddc80000)
 Metaspace       used 81892K, capacity 86534K, committed 86656K, reserved 1124352K
  class space    used 10283K, capacity 11337K, committed 11392K, reserved 1048576K

