# JRE version: OpenJDK Runtime Environment (8.0_152-b01) (build 1.8.0_152-release-915-b01)
# Java VM: OpenJDK 64-Bit Server VM (25.152-b01 mixed mode windows-amd64 compressed oops)
Heap:
 PSYoungGen      total 285184K, used 24574K [0x00000000eab00000, 0x0000000100000000, 0x0000000100000000)
  eden space 260608K, 0% used [0x00000000eab00000,0x00000000eab00000,0x00000000fa980000)
  from space 24576K, 99% used [0x00000000fa980000,0x00000000fc17fb10,0x00000000fc180000)
  to   space 29184K, 0% used [0x00000000fe380000,0x00000000fe380000,0x0000000100000000)
 ParOldGen       total 138240K, used 35551K [0x00000000c0000000, 0x00000000c8700000, 0x00000000eab00000)
  object space 138240K, 25% used [0x00000000c0000000,0x00000000c22b7d00,0x00000000c8700000)
 Metaspace       used 56395K, capacity 58880K, committed 59028K, reserved 1099776K
  class space    used 7736K, capacity 8342K, committed 8448K, reserved 1048576K
GC Heap History (10 events):
Event: 5.019 GC heap after
Heap after GC invocations=7 (full 1):
 PSYoungGen      total 188416K, used 10301K [0x00000000eab00000, 0x00000000f8700000, 0x0000000100000000)
  eden space 175104K, 0% used [0x00000000eab00000,0x00000000eab00000,0x00000000f5600000)
  from space 13312K, 77% used [0x00000000f6380000,0x00000000f6d8f798,0x00000000f7080000)
  to   space 13824K, 0% used [0x00000000f5600000,0x00000000f5600000,0x00000000f6380000)
 ParOldGen       total 92672K, used 7011K [0x00000000c0000000, 0x00000000c5a80000, 0x00000000eab00000)
  object space 92672K, 7% used [0x00000000c0000000,0x00000000c06d8f98,0x00000000c5a80000)
 Metaspace       used 34392K, capacity 35280K, committed 35416K, reserved 1079296K
  class space    used 4692K, capacity 5006K, committed 5120K, reserved 1048576K
}
Event: 5.019 GC heap before
{Heap before GC invocations=8 (full 2):
 PSYoungGen      total 188416K, used 10301K [0x00000000eab00000, 0x00000000f8700000, 0x0000000100000000)
  eden space 175104K, 0% used [0x00000000eab00000,0x00000000eab00000,0x00000000f5600000)
  from space 13312K, 77% used [0x00000000f6380000,0x00000000f6d8f798,0x00000000f7080000)
  to   space 13824K, 0% used [0x00000000f5600000,0x00000000f5600000,0x00000000f6380000)
 ParOldGen       total 92672K, used 7011K [0x00000000c0000000, 0x00000000c5a80000, 0x00000000eab00000)
  object space 92672K, 7% used [0x00000000c0000000,0x00000000c06d8f98,0x00000000c5a80000)
 Metaspace       used 34392K, capacity 35280K, committed 35416K, reserved 1079296K
  class space    used 4692K, capacity 5006K, committed 5120K, reserved 1048576K
Event: 5.053 GC heap after
Heap after GC invocations=8 (full 2):
 PSYoungGen      total 188416K, used 0K [0x00000000eab00000, 0x00000000f8700000, 0x0000000100000000)
  eden space 175104K, 0% used [0x00000000eab00000,0x00000000eab00000,0x00000000f5600000)
  from space 13312K, 0% used [0x00000000f6380000,0x00000000f6380000,0x00000000f7080000)
  to   space 13824K, 0% used [0x00000000f5600000,0x00000000f5600000,0x00000000f6380000)
 ParOldGen       total 138240K, used 16541K [0x00000000c0000000, 0x00000000c8700000, 0x00000000eab00000)
  object space 138240K, 11% used [0x00000000c0000000,0x00000000c1027770,0x00000000c8700000)
 Metaspace       used 34392K, capacity 35280K, committed 35416K, reserved 1079296K
  class space    used 4692K, capacity 5006K, committed 5120K, reserved 1048576K
}
Event: 6.192 GC heap before
{Heap before GC invocations=9 (full 2):
 PSYoungGen      total 188416K, used 175104K [0x00000000eab00000, 0x00000000f8700000, 0x0000000100000000)
  eden space 175104K, 100% used [0x00000000eab00000,0x00000000f5600000,0x00000000f5600000)
  from space 13312K, 0% used [0x00000000f6380000,0x00000000f6380000,0x00000000f7080000)
  to   space 13824K, 0% used [0x00000000f5600000,0x00000000f5600000,0x00000000f6380000)
 ParOldGen       total 138240K, used 16541K [0x00000000c0000000, 0x00000000c8700000, 0x00000000eab00000)
  object space 138240K, 11% used [0x00000000c0000000,0x00000000c1027770,0x00000000c8700000)
 Metaspace       used 47030K, capacity 48194K, committed 48256K, reserved 1091584K
  class space    used 6317K, capacity 6742K, committed 6784K, reserved 1048576K
Event: 6.200 GC heap after
Heap after GC invocations=9 (full 2):
 PSYoungGen      total 188928K, used 13822K [0x00000000eab00000, 0x00000000fd200000, 0x0000000100000000)
  eden space 175104K, 0% used [0x00000000eab00000,0x00000000eab00000,0x00000000f5600000)
  from space 13824K, 99% used [0x00000000f5600000,0x00000000f637fac8,0x00000000f6380000)
  to   space 16896K, 0% used [0x00000000fc180000,0x00000000fc180000,0x00000000fd200000)
 ParOldGen       total 138240K, used 19984K [0x00000000c0000000, 0x00000000c8700000, 0x00000000eab00000)
  object space 138240K, 14% used [0x00000000c0000000,0x00000000c13840a0,0x00000000c8700000)
 Metaspace       used 47030K, capacity 48194K, committed 48256K, reserved 1091584K
  class space    used 6317K, capacity 6742K, committed 6784K, reserved 1048576K
}
Event: 7.040 GC heap before
{Heap before GC invocations=10 (full 2):
 PSYoungGen      total 188928K, used 188926K [0x00000000eab00000, 0x00000000fd200000, 0x0000000100000000)
  eden space 175104K, 100% used [0x00000000eab00000,0x00000000f5600000,0x00000000f5600000)
  from space 13824K, 99% used [0x00000000f5600000,0x00000000f637fac8,0x00000000f6380000)
  to   space 16896K, 0% used [0x00000000fc180000,0x00000000fc180000,0x00000000fd200000)
 ParOldGen       total 138240K, used 19984K [0x00000000c0000000, 0x00000000c8700000, 0x00000000eab00000)
  object space 138240K, 14% used [0x00000000c0000000,0x00000000c13840a0,0x00000000c8700000)
 Metaspace       used 54324K, capacity 56450K, committed 56704K, reserved 1097728K
  class space    used 7457K, capacity 8007K, committed 8064K, reserved 1048576K
Event: 7.052 GC heap after
Heap after GC invocations=10 (full 2):
 PSYoungGen      total 277504K, used 16888K [0x00000000eab00000, 0x00000000fe280000, 0x0000000100000000)
  eden space 260608K, 0% used [0x00000000eab00000,0x00000000eab00000,0x00000000fa980000)
  from space 16896K, 99% used [0x00000000fc180000,0x00000000fd1fe0c0,0x00000000fd200000)
  to   space 24576K, 0% used [0x00000000fa980000,0x00000000fa980000,0x00000000fc180000)
 ParOldGen       total 138240K, used 32629K [0x00000000c0000000, 0x00000000c8700000, 0x00000000eab00000)
  object space 138240K, 23% used [0x00000000c0000000,0x00000000c1fdd438,0x00000000c8700000)
 Metaspace       used 54324K, capacity 56450K, committed 56704K, reserved 1097728K
  class space    used 7457K, capacity 8007K, committed 8064K, reserved 1048576K
}
Event: 7.575 GC heap before
{Heap before GC invocations=11 (full 2):
 PSYoungGen      total 277504K, used 112546K [0x00000000eab00000, 0x00000000fe280000, 0x0000000100000000)
  eden space 260608K, 36% used [0x00000000eab00000,0x00000000f086a810,0x00000000fa980000)
  from space 16896K, 99% used [0x00000000fc180000,0x00000000fd1fe0c0,0x00000000fd200000)
  to   space 24576K, 0% used [0x00000000fa980000,0x00000000fa980000,0x00000000fc180000)
 ParOldGen       total 138240K, used 32629K [0x00000000c0000000, 0x00000000c8700000, 0x00000000eab00000)
  object space 138240K, 23% used [0x00000000c0000000,0x00000000c1fdd438,0x00000000c8700000)
 Metaspace       used 56395K, capacity 58880K, committed 59028K, reserved 1099776K
  class space    used 7736K, capacity 8342K, committed 8448K, reserved 1048576K
Event: 7.586 GC heap after
Heap after GC invocations=11 (full 2):
 PSYoungGen      total 285184K, used 24574K [0x00000000eab00000, 0x0000000100000000, 0x0000000100000000)
  eden space 260608K, 0% used [0x00000000eab00000,0x00000000eab00000,0x00000000fa980000)
  from space 24576K, 99% used [0x00000000fa980000,0x00000000fc17fb10,0x00000000fc180000)
  to   space 29184K, 0% used [0x00000000fe380000,0x00000000fe380000,0x0000000100000000)
 ParOldGen       total 138240K, used 35551K [0x00000000c0000000, 0x00000000c8700000, 0x00000000eab00000)
  object space 138240K, 25% used [0x00000000c0000000,0x00000000c22b7d00,0x00000000c8700000)
 Metaspace       used 56395K, capacity 58880K, committed 59028K, reserved 1099776K
  class space    used 7736K, capacity 8342K, committed 8448K, reserved 1048576K
}
Event: 7.586 GC heap before
{Heap before GC invocations=12 (full 3):
 PSYoungGen      total 285184K, used 24574K [0x00000000eab00000, 0x0000000100000000, 0x0000000100000000)
  eden space 260608K, 0% used [0x00000000eab00000,0x00000000eab00000,0x00000000fa980000)
  from space 24576K, 99% used [0x00000000fa980000,0x00000000fc17fb10,0x00000000fc180000)
  to   space 29184K, 0% used [0x00000000fe380000,0x00000000fe380000,0x0000000100000000)
 ParOldGen       total 138240K, used 35551K [0x00000000c0000000, 0x00000000c8700000, 0x00000000eab00000)
  object space 138240K, 25% used [0x00000000c0000000,0x00000000c22b7d00,0x00000000c8700000)
 Metaspace       used 56395K, capacity 58880K, committed 59028K, reserved 1099776K
  class space    used 7736K, capacity 8342K, committed 8448K, reserved 1048576K

