# JRE version: OpenJDK Runtime Environment (8.0_152-b01) (build 1.8.0_152-release-915-b01)
# Java VM: OpenJDK 64-Bit Server VM (25.152-b01 mixed mode windows-amd64 compressed oops)
Heap:
 PSYoungGen      total 315904K, used 304504K [0x00000000eab00000, 0x0000000100000000, 0x0000000100000000)
  eden space 282624K, 100% used [0x00000000eab00000,0x00000000fbf00000,0x00000000fbf00000)
  from space 33280K, 65% used [0x00000000fdf80000,0x00000000ff4de160,0x0000000100000000)
  to   space 33280K, 69% used [0x00000000fbf00000,0x00000000fd57a130,0x00000000fdf80000)
 ParOldGen       total 299520K, used 65328K [0x00000000c0000000, 0x00000000d2480000, 0x00000000eab00000)
  object space 299520K, 21% used [0x00000000c0000000,0x00000000c3fcc298,0x00000000d2480000)
 Metaspace       used 57728K, capacity 59598K, committed 60120K, reserved 1101824K
  class space    used 7595K, capacity 8044K, committed 8192K, reserved 1048576K
GC Heap History (10 events):
Event: 6.361 GC heap after
Heap after GC invocations=17 (full 3):
 PSYoungGen      total 311808K, used 27109K [0x00000000eab00000, 0x0000000100000000, 0x0000000100000000)
  eden space 284672K, 0% used [0x00000000eab00000,0x00000000eab00000,0x00000000fc100000)
  from space 27136K, 99% used [0x00000000fe400000,0x00000000ffe795d8,0x00000000ffe80000)
  to   space 32256K, 0% used [0x00000000fc100000,0x00000000fc100000,0x00000000fe080000)
 ParOldGen       total 299520K, used 54717K [0x00000000c0000000, 0x00000000d2480000, 0x00000000eab00000)
  object space 299520K, 18% used [0x00000000c0000000,0x00000000c356f7c0,0x00000000d2480000)
 Metaspace       used 57625K, capacity 59466K, committed 60120K, reserved 1101824K
  class space    used 7595K, capacity 8044K, committed 8192K, reserved 1048576K
}
Event: 6.544 GC heap before
{Heap before GC invocations=18 (full 3):
 PSYoungGen      total 311808K, used 311781K [0x00000000eab00000, 0x0000000100000000, 0x0000000100000000)
  eden space 284672K, 100% used [0x00000000eab00000,0x00000000fc100000,0x00000000fc100000)
  from space 27136K, 99% used [0x00000000fe400000,0x00000000ffe795d8,0x00000000ffe80000)
  to   space 32256K, 0% used [0x00000000fc100000,0x00000000fc100000,0x00000000fe080000)
 ParOldGen       total 299520K, used 54717K [0x00000000c0000000, 0x00000000d2480000, 0x00000000eab00000)
  object space 299520K, 18% used [0x00000000c0000000,0x00000000c356f7c0,0x00000000d2480000)
 Metaspace       used 57664K, capacity 59530K, committed 60120K, reserved 1101824K
  class space    used 7595K, capacity 8044K, committed 8192K, reserved 1048576K
Event: 6.552 GC heap after
Heap after GC invocations=18 (full 3):
 PSYoungGen      total 316928K, used 20181K [0x00000000eab00000, 0x0000000100000000, 0x0000000100000000)
  eden space 284672K, 0% used [0x00000000eab00000,0x00000000eab00000,0x00000000fc100000)
  from space 32256K, 62% used [0x00000000fc100000,0x00000000fd4b5708,0x00000000fe080000)
  to   space 32256K, 0% used [0x00000000fe080000,0x00000000fe080000,0x0000000100000000)
 ParOldGen       total 299520K, used 54725K [0x00000000c0000000, 0x00000000d2480000, 0x00000000eab00000)
  object space 299520K, 18% used [0x00000000c0000000,0x00000000c35717c0,0x00000000d2480000)
 Metaspace       used 57664K, capacity 59530K, committed 60120K, reserved 1101824K
  class space    used 7595K, capacity 8044K, committed 8192K, reserved 1048576K
}
Event: 6.734 GC heap before
{Heap before GC invocations=19 (full 3):
 PSYoungGen      total 316928K, used 304853K [0x00000000eab00000, 0x0000000100000000, 0x0000000100000000)
  eden space 284672K, 100% used [0x00000000eab00000,0x00000000fc100000,0x00000000fc100000)
  from space 32256K, 62% used [0x00000000fc100000,0x00000000fd4b5708,0x00000000fe080000)
  to   space 32256K, 0% used [0x00000000fe080000,0x00000000fe080000,0x0000000100000000)
 ParOldGen       total 299520K, used 54725K [0x00000000c0000000, 0x00000000d2480000, 0x00000000eab00000)
  object space 299520K, 18% used [0x00000000c0000000,0x00000000c35717c0,0x00000000d2480000)
 Metaspace       used 57687K, capacity 59530K, committed 60120K, reserved 1101824K
  class space    used 7595K, capacity 8044K, committed 8192K, reserved 1048576K
Event: 6.744 GC heap after
Heap after GC invocations=19 (full 3):
 PSYoungGen      total 314880K, used 23688K [0x00000000eab00000, 0x0000000100000000, 0x0000000100000000)
  eden space 282624K, 0% used [0x00000000eab00000,0x00000000eab00000,0x00000000fbf00000)
  from space 32256K, 73% used [0x00000000fe080000,0x00000000ff7a2150,0x0000000100000000)
  to   space 33280K, 0% used [0x00000000fbf00000,0x00000000fbf00000,0x00000000fdf80000)
 ParOldGen       total 299520K, used 54733K [0x00000000c0000000, 0x00000000d2480000, 0x00000000eab00000)
  object space 299520K, 18% used [0x00000000c0000000,0x00000000c35737c0,0x00000000d2480000)
 Metaspace       used 57687K, capacity 59530K, committed 60120K, reserved 1101824K
  class space    used 7595K, capacity 8044K, committed 8192K, reserved 1048576K
}
Event: 6.925 GC heap before
{Heap before GC invocations=20 (full 3):
 PSYoungGen      total 314880K, used 306312K [0x00000000eab00000, 0x0000000100000000, 0x0000000100000000)
  eden space 282624K, 100% used [0x00000000eab00000,0x00000000fbf00000,0x00000000fbf00000)
  from space 32256K, 73% used [0x00000000fe080000,0x00000000ff7a2150,0x0000000100000000)
  to   space 33280K, 0% used [0x00000000fbf00000,0x00000000fbf00000,0x00000000fdf80000)
 ParOldGen       total 299520K, used 54733K [0x00000000c0000000, 0x00000000d2480000, 0x00000000eab00000)
  object space 299520K, 18% used [0x00000000c0000000,0x00000000c35737c0,0x00000000d2480000)
 Metaspace       used 57699K, capacity 59530K, committed 60120K, reserved 1101824K
  class space    used 7595K, capacity 8044K, committed 8192K, reserved 1048576K
Event: 6.935 GC heap after
Heap after GC invocations=20 (full 3):
 PSYoungGen      total 315904K, used 21416K [0x00000000eab00000, 0x0000000100000000, 0x0000000100000000)
  eden space 282624K, 0% used [0x00000000eab00000,0x00000000eab00000,0x00000000fbf00000)
  from space 33280K, 64% used [0x00000000fbf00000,0x00000000fd3ea170,0x00000000fdf80000)
  to   space 33280K, 0% used [0x00000000fdf80000,0x00000000fdf80000,0x0000000100000000)
 ParOldGen       total 299520K, used 58595K [0x00000000c0000000, 0x00000000d2480000, 0x00000000eab00000)
  object space 299520K, 19% used [0x00000000c0000000,0x00000000c3938e48,0x00000000d2480000)
 Metaspace       used 57699K, capacity 59530K, committed 60120K, reserved 1101824K
  class space    used 7595K, capacity 8044K, committed 8192K, reserved 1048576K
}
Event: 7.119 GC heap before
{Heap before GC invocations=21 (full 3):
 PSYoungGen      total 315904K, used 304040K [0x00000000eab00000, 0x0000000100000000, 0x0000000100000000)
  eden space 282624K, 100% used [0x00000000eab00000,0x00000000fbf00000,0x00000000fbf00000)
  from space 33280K, 64% used [0x00000000fbf00000,0x00000000fd3ea170,0x00000000fdf80000)
  to   space 33280K, 0% used [0x00000000fdf80000,0x00000000fdf80000,0x0000000100000000)
 ParOldGen       total 299520K, used 58595K [0x00000000c0000000, 0x00000000d2480000, 0x00000000eab00000)
  object space 299520K, 19% used [0x00000000c0000000,0x00000000c3938e48,0x00000000d2480000)
 Metaspace       used 57715K, capacity 59534K, committed 60120K, reserved 1101824K
  class space    used 7595K, capacity 8044K, committed 8192K, reserved 1048576K
Event: 7.131 GC heap after
Heap after GC invocations=21 (full 3):
 PSYoungGen      total 315904K, used 21880K [0x00000000eab00000, 0x0000000100000000, 0x0000000100000000)
  eden space 282624K, 0% used [0x00000000eab00000,0x00000000eab00000,0x00000000fbf00000)
  from space 33280K, 65% used [0x00000000fdf80000,0x00000000ff4de160,0x0000000100000000)
  to   space 33280K, 0% used [0x00000000fbf00000,0x00000000fbf00000,0x00000000fdf80000)
 ParOldGen       total 299520K, used 61411K [0x00000000c0000000, 0x00000000d2480000, 0x00000000eab00000)
  object space 299520K, 20% used [0x00000000c0000000,0x00000000c3bf8e48,0x00000000d2480000)
 Metaspace       used 57715K, capacity 59534K, committed 60120K, reserved 1101824K
  class space    used 7595K, capacity 8044K, committed 8192K, reserved 1048576K
}
Event: 7.311 GC heap before
{Heap before GC invocations=22 (full 3):
 PSYoungGen      total 315904K, used 304504K [0x00000000eab00000, 0x0000000100000000, 0x0000000100000000)
  eden space 282624K, 100% used [0x00000000eab00000,0x00000000fbf00000,0x00000000fbf00000)
  from space 33280K, 65% used [0x00000000fdf80000,0x00000000ff4de160,0x0000000100000000)
  to   space 33280K, 0% used [0x00000000fbf00000,0x00000000fbf00000,0x00000000fdf80000)
 ParOldGen       total 299520K, used 61411K [0x00000000c0000000, 0x00000000d2480000, 0x00000000eab00000)
  object space 299520K, 20% used [0x00000000c0000000,0x00000000c3bf8e48,0x00000000d2480000)
 Metaspace       used 57728K, capacity 59598K, committed 60120K, reserved 1101824K
  class space    used 7595K, capacity 8044K, committed 8192K, reserved 1048576K

