# JRE version: OpenJDK Runtime Environment (8.0_152-b01) (build 1.8.0_152-release-915-b01)
# Java VM: OpenJDK 64-Bit Server VM (25.152-b01 mixed mode windows-amd64 compressed oops)
Heap:
 PSYoungGen      total 303616K, used 232373K [0x00000000eab00000, 0x00000000ffe80000, 0x0000000100000000)
  eden space 295424K, 76% used [0x00000000eab00000,0x00000000f8649058,0x00000000fcb80000)
  from space 8192K, 95% used [0x00000000fcb80000,0x00000000fd3246d0,0x00000000fd380000)
  to   space 26112K, 0% used [0x00000000fe500000,0x00000000fe500000,0x00000000ffe80000)
 ParOldGen       total 203264K, used 36177K [0x00000000c0000000, 0x00000000cc680000, 0x00000000eab00000)
  object space 203264K, 17% used [0x00000000c0000000,0x00000000c2354758,0x00000000cc680000)
 Metaspace       used 58723K, capacity 61220K, committed 61400K, reserved 1101824K
  class space    used 7867K, capacity 8441K, committed 8448K, reserved 1048576K
GC Heap History (10 events):
Event: 6.274 GC heap before
{Heap before GC invocations=12 (full 2):
 PSYoungGen      total 265728K, used 263092K [0x00000000eab00000, 0x00000000ffe80000, 0x0000000100000000)
  eden space 242688K, 99% used [0x00000000eab00000,0x00000000f97b5e90,0x00000000f9800000)
  from space 23040K, 89% used [0x00000000f9800000,0x00000000fac373a8,0x00000000fae80000)
  to   space 25088K, 0% used [0x00000000fe600000,0x00000000fe600000,0x00000000ffe80000)
 ParOldGen       total 148480K, used 30071K [0x00000000c0000000, 0x00000000c9100000, 0x00000000eab00000)
  object space 148480K, 20% used [0x00000000c0000000,0x00000000c1d5de58,0x00000000c9100000)
 Metaspace       used 56311K, capacity 58378K, committed 58584K, reserved 1099776K
  class space    used 7612K, capacity 8086K, committed 8192K, reserved 1048576K
Event: 6.281 GC heap after
Heap after GC invocations=12 (full 2):
 PSYoungGen      total 321024K, used 19578K [0x00000000eab00000, 0x0000000100000000, 0x0000000100000000)
  eden space 295936K, 0% used [0x00000000eab00000,0x00000000eab00000,0x00000000fcc00000)
  from space 25088K, 78% used [0x00000000fe600000,0x00000000ff91e8f8,0x00000000ffe80000)
  to   space 26624K, 0% used [0x00000000fcc00000,0x00000000fcc00000,0x00000000fe600000)
 ParOldGen       total 148480K, used 30079K [0x00000000c0000000, 0x00000000c9100000, 0x00000000eab00000)
  object space 148480K, 20% used [0x00000000c0000000,0x00000000c1d5fe58,0x00000000c9100000)
 Metaspace       used 56311K, capacity 58378K, committed 58584K, reserved 1099776K
  class space    used 7612K, capacity 8086K, committed 8192K, reserved 1048576K
}
Event: 7.440 GC heap before
{Heap before GC invocations=13 (full 2):
 PSYoungGen      total 321024K, used 245475K [0x00000000eab00000, 0x0000000100000000, 0x0000000100000000)
  eden space 295936K, 76% used [0x00000000eab00000,0x00000000f879a690,0x00000000fcc00000)
  from space 25088K, 78% used [0x00000000fe600000,0x00000000ff91e8f8,0x00000000ffe80000)
  to   space 26624K, 0% used [0x00000000fcc00000,0x00000000fcc00000,0x00000000fe600000)
 ParOldGen       total 148480K, used 30079K [0x00000000c0000000, 0x00000000c9100000, 0x00000000eab00000)
  object space 148480K, 20% used [0x00000000c0000000,0x00000000c1d5fe58,0x00000000c9100000)
 Metaspace       used 56801K, capacity 58994K, committed 59028K, reserved 1099776K
  class space    used 7670K, capacity 8172K, committed 8192K, reserved 1048576K
Event: 7.447 GC heap after
Heap after GC invocations=13 (full 2):
 PSYoungGen      total 299520K, used 3204K [0x00000000eab00000, 0x0000000100000000, 0x0000000100000000)
  eden space 295936K, 0% used [0x00000000eab00000,0x00000000eab00000,0x00000000fcc00000)
  from space 3584K, 89% used [0x00000000fcc00000,0x00000000fcf210f0,0x00000000fcf80000)
  to   space 27136K, 0% used [0x00000000fe580000,0x00000000fe580000,0x0000000100000000)
 ParOldGen       total 148480K, used 45584K [0x00000000c0000000, 0x00000000c9100000, 0x00000000eab00000)
  object space 148480K, 30% used [0x00000000c0000000,0x00000000c2c842a0,0x00000000c9100000)
 Metaspace       used 56801K, capacity 58994K, committed 59028K, reserved 1099776K
  class space    used 7670K, capacity 8172K, committed 8192K, reserved 1048576K
}
Event: 7.447 GC heap before
{Heap before GC invocations=14 (full 3):
 PSYoungGen      total 299520K, used 3204K [0x00000000eab00000, 0x0000000100000000, 0x0000000100000000)
  eden space 295936K, 0% used [0x00000000eab00000,0x00000000eab00000,0x00000000fcc00000)
  from space 3584K, 89% used [0x00000000fcc00000,0x00000000fcf210f0,0x00000000fcf80000)
  to   space 27136K, 0% used [0x00000000fe580000,0x00000000fe580000,0x0000000100000000)
 ParOldGen       total 148480K, used 45584K [0x00000000c0000000, 0x00000000c9100000, 0x00000000eab00000)
  object space 148480K, 30% used [0x00000000c0000000,0x00000000c2c842a0,0x00000000c9100000)
 Metaspace       used 56801K, capacity 58994K, committed 59028K, reserved 1099776K
  class space    used 7670K, capacity 8172K, committed 8192K, reserved 1048576K
Event: 7.597 GC heap after
Heap after GC invocations=14 (full 3):
 PSYoungGen      total 299520K, used 0K [0x00000000eab00000, 0x0000000100000000, 0x0000000100000000)
  eden space 295936K, 0% used [0x00000000eab00000,0x00000000eab00000,0x00000000fcc00000)
  from space 3584K, 0% used [0x00000000fcc00000,0x00000000fcc00000,0x00000000fcf80000)
  to   space 27136K, 0% used [0x00000000fe580000,0x00000000fe580000,0x0000000100000000)
 ParOldGen       total 203264K, used 35537K [0x00000000c0000000, 0x00000000cc680000, 0x00000000eab00000)
  object space 203264K, 17% used [0x00000000c0000000,0x00000000c22b4738,0x00000000cc680000)
 Metaspace       used 56800K, capacity 58988K, committed 59028K, reserved 1099776K
  class space    used 7669K, capacity 8171K, committed 8192K, reserved 1048576K
}
Event: 8.959 GC heap before
{Heap before GC invocations=15 (full 3):
 PSYoungGen      total 299520K, used 295936K [0x00000000eab00000, 0x0000000100000000, 0x0000000100000000)
  eden space 295936K, 100% used [0x00000000eab00000,0x00000000fcc00000,0x00000000fcc00000)
  from space 3584K, 0% used [0x00000000fcc00000,0x00000000fcc00000,0x00000000fcf80000)
  to   space 27136K, 0% used [0x00000000fe580000,0x00000000fe580000,0x0000000100000000)
 ParOldGen       total 203264K, used 35537K [0x00000000c0000000, 0x00000000cc680000, 0x00000000eab00000)
  object space 203264K, 17% used [0x00000000c0000000,0x00000000c22b4738,0x00000000cc680000)
 Metaspace       used 57463K, capacity 59816K, committed 59992K, reserved 1101824K
  class space    used 7768K, capacity 8311K, committed 8320K, reserved 1048576K
Event: 8.963 GC heap after
Heap after GC invocations=15 (full 3):
 PSYoungGen      total 322560K, used 6497K [0x00000000eab00000, 0x0000000100000000, 0x0000000100000000)
  eden space 295424K, 0% used [0x00000000eab00000,0x00000000eab00000,0x00000000fcb80000)
  from space 27136K, 23% used [0x00000000fe580000,0x00000000febd85f8,0x0000000100000000)
  to   space 26624K, 0% used [0x00000000fcb80000,0x00000000fcb80000,0x00000000fe580000)
 ParOldGen       total 203264K, used 35545K [0x00000000c0000000, 0x00000000cc680000, 0x00000000eab00000)
  object space 203264K, 17% used [0x00000000c0000000,0x00000000c22b6738,0x00000000cc680000)
 Metaspace       used 57463K, capacity 59816K, committed 59992K, reserved 1101824K
  class space    used 7768K, capacity 8311K, committed 8320K, reserved 1048576K
}
Event: 9.608 GC heap before
{Heap before GC invocations=16 (full 3):
 PSYoungGen      total 322560K, used 301921K [0x00000000eab00000, 0x0000000100000000, 0x0000000100000000)
  eden space 295424K, 100% used [0x00000000eab00000,0x00000000fcb80000,0x00000000fcb80000)
  from space 27136K, 23% used [0x00000000fe580000,0x00000000febd85f8,0x0000000100000000)
  to   space 26624K, 0% used [0x00000000fcb80000,0x00000000fcb80000,0x00000000fe580000)
 ParOldGen       total 203264K, used 35545K [0x00000000c0000000, 0x00000000cc680000, 0x00000000eab00000)
  object space 203264K, 17% used [0x00000000c0000000,0x00000000c22b6738,0x00000000cc680000)
 Metaspace       used 57891K, capacity 60310K, committed 60632K, reserved 1101824K
  class space    used 7806K, capacity 8356K, committed 8448K, reserved 1048576K
Event: 9.614 GC heap after
Heap after GC invocations=16 (full 3):
 PSYoungGen      total 303616K, used 7825K [0x00000000eab00000, 0x00000000ffe80000, 0x0000000100000000)
  eden space 295424K, 0% used [0x00000000eab00000,0x00000000eab00000,0x00000000fcb80000)
  from space 8192K, 95% used [0x00000000fcb80000,0x00000000fd3246d0,0x00000000fd380000)
  to   space 26112K, 0% used [0x00000000fe500000,0x00000000fe500000,0x00000000ffe80000)
 ParOldGen       total 203264K, used 36177K [0x00000000c0000000, 0x00000000cc680000, 0x00000000eab00000)
  object space 203264K, 17% used [0x00000000c0000000,0x00000000c2354758,0x00000000cc680000)
 Metaspace       used 57891K, capacity 60310K, committed 60632K, reserved 1101824K
  class space    used 7806K, capacity 8356K, committed 8448K, reserved 1048576K
}

