# JRE version: OpenJDK Runtime Environment (8.0_152-b01) (build 1.8.0_152-release-915-b01)
# Java VM: OpenJDK 64-Bit Server VM (25.152-b01 mixed mode windows-amd64 compressed oops)
Heap:
 PSYoungGen      total 298496K, used 192661K [0x00000000eab00000, 0x0000000100000000, 0x0000000100000000)
  eden space 248832K, 57% used [0x00000000eab00000,0x00000000f371c130,0x00000000f9e00000)
  from space 49664K, 99% used [0x00000000f9e00000,0x00000000fce7cdf8,0x00000000fce80000)
  to   space 50688K, 0% used [0x00000000fce80000,0x00000000fce80000,0x0000000100000000)
 ParOldGen       total 295424K, used 174555K [0x00000000c0000000, 0x00000000d2080000, 0x00000000eab00000)
  object space 295424K, 59% used [0x00000000c0000000,0x00000000caa76ef0,0x00000000d2080000)
 Metaspace       used 73073K, capacity 76874K, committed 77144K, reserved 1116160K
  class space    used 9395K, capacity 10257K, committed 10368K, reserved 1048576K
GC Heap History (10 events):
Event: 39.047 GC heap before
{Heap before GC invocations=30 (full 3):
 PSYoungGen      total 289792K, used 256895K [0x00000000eab00000, 0x00000000ffb00000, 0x0000000100000000)
  eden space 239616K, 100% used [0x00000000eab00000,0x00000000f9500000,0x00000000f9500000)
  from space 50176K, 34% used [0x00000000fca00000,0x00000000fdadfc20,0x00000000ffb00000)
  to   space 52224K, 0% used [0x00000000f9500000,0x00000000f9500000,0x00000000fc800000)
 ParOldGen       total 295424K, used 126046K [0x00000000c0000000, 0x00000000d2080000, 0x00000000eab00000)
  object space 295424K, 42% used [0x00000000c0000000,0x00000000c7b17a28,0x00000000d2080000)
 Metaspace       used 73029K, capacity 76810K, committed 77144K, reserved 1116160K
  class space    used 9392K, capacity 10257K, committed 10368K, reserved 1048576K
Event: 39.055 GC heap after
Heap after GC invocations=30 (full 3):
 PSYoungGen      total 291840K, used 7681K [0x00000000eab00000, 0x0000000100000000, 0x0000000100000000)
  eden space 239616K, 0% used [0x00000000eab00000,0x00000000eab00000,0x00000000f9500000)
  from space 52224K, 14% used [0x00000000f9500000,0x00000000f9c804c8,0x00000000fc800000)
  to   space 51200K, 0% used [0x00000000fce00000,0x00000000fce00000,0x0000000100000000)
 ParOldGen       total 295424K, used 137293K [0x00000000c0000000, 0x00000000d2080000, 0x00000000eab00000)
  object space 295424K, 46% used [0x00000000c0000000,0x00000000c8613608,0x00000000d2080000)
 Metaspace       used 73029K, capacity 76810K, committed 77144K, reserved 1116160K
  class space    used 9392K, capacity 10257K, committed 10368K, reserved 1048576K
}
Event: 39.499 GC heap before
{Heap before GC invocations=31 (full 3):
 PSYoungGen      total 291840K, used 247297K [0x00000000eab00000, 0x0000000100000000, 0x0000000100000000)
  eden space 239616K, 100% used [0x00000000eab00000,0x00000000f9500000,0x00000000f9500000)
  from space 52224K, 14% used [0x00000000f9500000,0x00000000f9c804c8,0x00000000fc800000)
  to   space 51200K, 0% used [0x00000000fce00000,0x00000000fce00000,0x0000000100000000)
 ParOldGen       total 295424K, used 137293K [0x00000000c0000000, 0x00000000d2080000, 0x00000000eab00000)
  object space 295424K, 46% used [0x00000000c0000000,0x00000000c8613608,0x00000000d2080000)
 Metaspace       used 73033K, capacity 76810K, committed 77144K, reserved 1116160K
  class space    used 9392K, capacity 10257K, committed 10368K, reserved 1048576K
Event: 39.506 GC heap after
Heap after GC invocations=31 (full 3):
 PSYoungGen      total 293888K, used 8399K [0x00000000eab00000, 0x00000000ffd00000, 0x0000000100000000)
  eden space 245760K, 0% used [0x00000000eab00000,0x00000000eab00000,0x00000000f9b00000)
  from space 48128K, 17% used [0x00000000fce00000,0x00000000fd633cf0,0x00000000ffd00000)
  to   space 50176K, 0% used [0x00000000f9b00000,0x00000000f9b00000,0x00000000fcc00000)
 ParOldGen       total 295424K, used 143205K [0x00000000c0000000, 0x00000000d2080000, 0x00000000eab00000)
  object space 295424K, 48% used [0x00000000c0000000,0x00000000c8bd9528,0x00000000d2080000)
 Metaspace       used 73033K, capacity 76810K, committed 77144K, reserved 1116160K
  class space    used 9392K, capacity 10257K, committed 10368K, reserved 1048576K
}
Event: 40.075 GC heap before
{Heap before GC invocations=32 (full 3):
 PSYoungGen      total 293888K, used 254159K [0x00000000eab00000, 0x00000000ffd00000, 0x0000000100000000)
  eden space 245760K, 100% used [0x00000000eab00000,0x00000000f9b00000,0x00000000f9b00000)
  from space 48128K, 17% used [0x00000000fce00000,0x00000000fd633cf0,0x00000000ffd00000)
  to   space 50176K, 0% used [0x00000000f9b00000,0x00000000f9b00000,0x00000000fcc00000)
 ParOldGen       total 295424K, used 143205K [0x00000000c0000000, 0x00000000d2080000, 0x00000000eab00000)
  object space 295424K, 48% used [0x00000000c0000000,0x00000000c8bd9528,0x00000000d2080000)
 Metaspace       used 73041K, capacity 76810K, committed 77144K, reserved 1116160K
  class space    used 9392K, capacity 10257K, committed 10368K, reserved 1048576K
Event: 40.082 GC heap after
Heap after GC invocations=32 (full 3):
 PSYoungGen      total 295936K, used 14214K [0x00000000eab00000, 0x00000000ffd00000, 0x0000000100000000)
  eden space 245760K, 0% used [0x00000000eab00000,0x00000000eab00000,0x00000000f9b00000)
  from space 50176K, 28% used [0x00000000f9b00000,0x00000000fa8e1b58,0x00000000fcc00000)
  to   space 47616K, 0% used [0x00000000fce80000,0x00000000fce80000,0x00000000ffd00000)
 ParOldGen       total 295424K, used 143213K [0x00000000c0000000, 0x00000000d2080000, 0x00000000eab00000)
  object space 295424K, 48% used [0x00000000c0000000,0x00000000c8bdb528,0x00000000d2080000)
 Metaspace       used 73041K, capacity 76810K, committed 77144K, reserved 1116160K
  class space    used 9392K, capacity 10257K, committed 10368K, reserved 1048576K
}
Event: 41.213 GC heap before
{Heap before GC invocations=33 (full 3):
 PSYoungGen      total 295936K, used 259974K [0x00000000eab00000, 0x00000000ffd00000, 0x0000000100000000)
  eden space 245760K, 100% used [0x00000000eab00000,0x00000000f9b00000,0x00000000f9b00000)
  from space 50176K, 28% used [0x00000000f9b00000,0x00000000fa8e1b58,0x00000000fcc00000)
  to   space 47616K, 0% used [0x00000000fce80000,0x00000000fce80000,0x00000000ffd00000)
 ParOldGen       total 295424K, used 143213K [0x00000000c0000000, 0x00000000d2080000, 0x00000000eab00000)
  object space 295424K, 48% used [0x00000000c0000000,0x00000000c8bdb528,0x00000000d2080000)
 Metaspace       used 73058K, capacity 76810K, committed 77144K, reserved 1116160K
  class space    used 9393K, capacity 10257K, committed 10368K, reserved 1048576K
Event: 41.225 GC heap after
Heap after GC invocations=33 (full 3):
 PSYoungGen      total 296448K, used 31370K [0x00000000eab00000, 0x0000000100000000, 0x0000000100000000)
  eden space 248832K, 0% used [0x00000000eab00000,0x00000000eab00000,0x00000000f9e00000)
  from space 47616K, 65% used [0x00000000fce80000,0x00000000fed229e0,0x00000000ffd00000)
  to   space 49664K, 0% used [0x00000000f9e00000,0x00000000f9e00000,0x00000000fce80000)
 ParOldGen       total 295424K, used 143213K [0x00000000c0000000, 0x00000000d2080000, 0x00000000eab00000)
  object space 295424K, 48% used [0x00000000c0000000,0x00000000c8bdb528,0x00000000d2080000)
 Metaspace       used 73058K, capacity 76810K, committed 77144K, reserved 1116160K
  class space    used 9393K, capacity 10257K, committed 10368K, reserved 1048576K
}
Event: 42.094 GC heap before
{Heap before GC invocations=34 (full 3):
 PSYoungGen      total 296448K, used 280202K [0x00000000eab00000, 0x0000000100000000, 0x0000000100000000)
  eden space 248832K, 100% used [0x00000000eab00000,0x00000000f9e00000,0x00000000f9e00000)
  from space 47616K, 65% used [0x00000000fce80000,0x00000000fed229e0,0x00000000ffd00000)
  to   space 49664K, 0% used [0x00000000f9e00000,0x00000000f9e00000,0x00000000fce80000)
 ParOldGen       total 295424K, used 143213K [0x00000000c0000000, 0x00000000d2080000, 0x00000000eab00000)
  object space 295424K, 48% used [0x00000000c0000000,0x00000000c8bdb528,0x00000000d2080000)
 Metaspace       used 73073K, capacity 76874K, committed 77144K, reserved 1116160K
  class space    used 9395K, capacity 10257K, committed 10368K, reserved 1048576K
Event: 42.115 GC heap after
Heap after GC invocations=34 (full 3):
 PSYoungGen      total 298496K, used 49651K [0x00000000eab00000, 0x0000000100000000, 0x0000000100000000)
  eden space 248832K, 0% used [0x00000000eab00000,0x00000000eab00000,0x00000000f9e00000)
  from space 49664K, 99% used [0x00000000f9e00000,0x00000000fce7cdf8,0x00000000fce80000)
  to   space 50688K, 0% used [0x00000000fce80000,0x00000000fce80000,0x0000000100000000)
 ParOldGen       total 295424K, used 174555K [0x00000000c0000000, 0x00000000d2080000, 0x00000000eab00000)
  object space 295424K, 59% used [0x00000000c0000000,0x00000000caa76ef0,0x00000000d2080000)
 Metaspace       used 73073K, capacity 76874K, committed 77144K, reserved 1116160K
  class space    used 9395K, capacity 10257K, committed 10368K, reserved 1048576K
}

