# JRE version: OpenJDK Runtime Environment (8.0_152-b01) (build 1.8.0_152-release-915-b01)
# Java VM: OpenJDK 64-Bit Server VM (25.152-b01 mixed mode windows-amd64 compressed oops)
Heap:
 PSYoungGen      total 278016K, used 186358K [0x00000000eab00000, 0x0000000100000000, 0x0000000100000000)
  eden space 247808K, 65% used [0x00000000eab00000,0x00000000f48a2a90,0x00000000f9d00000)
  from space 30208K, 82% used [0x00000000f9d00000,0x00000000fb55b158,0x00000000fba80000)
  to   space 32256K, 0% used [0x00000000fe080000,0x00000000fe080000,0x0000000100000000)
 ParOldGen       total 283648K, used 44089K [0x00000000c0000000, 0x00000000d1500000, 0x00000000eab00000)
  object space 283648K, 15% used [0x00000000c0000000,0x00000000c2b0e700,0x00000000d1500000)
 Metaspace       used 58933K, capacity 60884K, committed 61528K, reserved 1101824K
  class space    used 7715K, capacity 8185K, committed 8320K, reserved 1048576K
GC Heap History (10 events):
Event: 6.289 GC heap before
{Heap before GC invocations=12 (full 2):
 PSYoungGen      total 184832K, used 157927K [0x00000000eab00000, 0x00000000faa80000, 0x0000000100000000)
  eden space 160256K, 83% used [0x00000000eab00000,0x00000000f2dca158,0x00000000f4780000)
  from space 24576K, 97% used [0x00000000f4780000,0x00000000f5eefbb0,0x00000000f5f80000)
  to   space 27648K, 0% used [0x00000000f8f80000,0x00000000f8f80000,0x00000000faa80000)
 ParOldGen       total 186368K, used 33118K [0x00000000c0000000, 0x00000000cb600000, 0x00000000eab00000)
  object space 186368K, 17% used [0x00000000c0000000,0x00000000c2057a80,0x00000000cb600000)
 Metaspace       used 56766K, capacity 58930K, committed 59028K, reserved 1099776K
  class space    used 7657K, capacity 8146K, committed 8192K, reserved 1048576K
Event: 6.300 GC heap after
Heap after GC invocations=12 (full 2):
 PSYoungGen      total 230400K, used 27635K [0x00000000eab00000, 0x00000000faf00000, 0x0000000100000000)
  eden space 202752K, 0% used [0x00000000eab00000,0x00000000eab00000,0x00000000f7100000)
  from space 27648K, 99% used [0x00000000f8f80000,0x00000000faa7cd28,0x00000000faa80000)
  to   space 31232K, 0% used [0x00000000f7100000,0x00000000f7100000,0x00000000f8f80000)
 ParOldGen       total 186368K, used 33522K [0x00000000c0000000, 0x00000000cb600000, 0x00000000eab00000)
  object space 186368K, 17% used [0x00000000c0000000,0x00000000c20bc940,0x00000000cb600000)
 Metaspace       used 56766K, capacity 58930K, committed 59028K, reserved 1099776K
  class space    used 7657K, capacity 8146K, committed 8192K, reserved 1048576K
}
Event: 6.301 GC heap before
{Heap before GC invocations=13 (full 3):
 PSYoungGen      total 230400K, used 27635K [0x00000000eab00000, 0x00000000faf00000, 0x0000000100000000)
  eden space 202752K, 0% used [0x00000000eab00000,0x00000000eab00000,0x00000000f7100000)
  from space 27648K, 99% used [0x00000000f8f80000,0x00000000faa7cd28,0x00000000faa80000)
  to   space 31232K, 0% used [0x00000000f7100000,0x00000000f7100000,0x00000000f8f80000)
 ParOldGen       total 186368K, used 33522K [0x00000000c0000000, 0x00000000cb600000, 0x00000000eab00000)
  object space 186368K, 17% used [0x00000000c0000000,0x00000000c20bc940,0x00000000cb600000)
 Metaspace       used 56766K, capacity 58930K, committed 59028K, reserved 1099776K
  class space    used 7657K, capacity 8146K, committed 8192K, reserved 1048576K
Event: 6.457 GC heap after
Heap after GC invocations=13 (full 3):
 PSYoungGen      total 230400K, used 0K [0x00000000eab00000, 0x00000000faf00000, 0x0000000100000000)
  eden space 202752K, 0% used [0x00000000eab00000,0x00000000eab00000,0x00000000f7100000)
  from space 27648K, 0% used [0x00000000f8f80000,0x00000000f8f80000,0x00000000faa80000)
  to   space 31232K, 0% used [0x00000000f7100000,0x00000000f7100000,0x00000000f8f80000)
 ParOldGen       total 283648K, used 44065K [0x00000000c0000000, 0x00000000d1500000, 0x00000000eab00000)
  object space 283648K, 15% used [0x00000000c0000000,0x00000000c2b08700,0x00000000d1500000)
 Metaspace       used 56448K, capacity 58302K, committed 59028K, reserved 1099776K
  class space    used 7574K, capacity 7990K, committed 8192K, reserved 1048576K
}
Event: 6.795 GC heap before
{Heap before GC invocations=14 (full 3):
 PSYoungGen      total 230400K, used 202752K [0x00000000eab00000, 0x00000000faf00000, 0x0000000100000000)
  eden space 202752K, 100% used [0x00000000eab00000,0x00000000f7100000,0x00000000f7100000)
  from space 27648K, 0% used [0x00000000f8f80000,0x00000000f8f80000,0x00000000faa80000)
  to   space 31232K, 0% used [0x00000000f7100000,0x00000000f7100000,0x00000000f8f80000)
 ParOldGen       total 283648K, used 44065K [0x00000000c0000000, 0x00000000d1500000, 0x00000000eab00000)
  object space 283648K, 15% used [0x00000000c0000000,0x00000000c2b08700,0x00000000d1500000)
 Metaspace       used 58354K, capacity 60296K, committed 61016K, reserved 1101824K
  class space    used 7715K, capacity 8185K, committed 8320K, reserved 1048576K
Event: 6.803 GC heap after
Heap after GC invocations=14 (full 3):
 PSYoungGen      total 233984K, used 16180K [0x00000000eab00000, 0x00000000fd800000, 0x0000000100000000)
  eden space 202752K, 0% used [0x00000000eab00000,0x00000000eab00000,0x00000000f7100000)
  from space 31232K, 51% used [0x00000000f7100000,0x00000000f80cd340,0x00000000f8f80000)
  to   space 30208K, 0% used [0x00000000fba80000,0x00000000fba80000,0x00000000fd800000)
 ParOldGen       total 283648K, used 44073K [0x00000000c0000000, 0x00000000d1500000, 0x00000000eab00000)
  object space 283648K, 15% used [0x00000000c0000000,0x00000000c2b0a700,0x00000000d1500000)
 Metaspace       used 58354K, capacity 60296K, committed 61016K, reserved 1101824K
  class space    used 7715K, capacity 8185K, committed 8320K, reserved 1048576K
}
Event: 6.987 GC heap before
{Heap before GC invocations=15 (full 3):
 PSYoungGen      total 233984K, used 218932K [0x00000000eab00000, 0x00000000fd800000, 0x0000000100000000)
  eden space 202752K, 100% used [0x00000000eab00000,0x00000000f7100000,0x00000000f7100000)
  from space 31232K, 51% used [0x00000000f7100000,0x00000000f80cd340,0x00000000f8f80000)
  to   space 30208K, 0% used [0x00000000fba80000,0x00000000fba80000,0x00000000fd800000)
 ParOldGen       total 283648K, used 44073K [0x00000000c0000000, 0x00000000d1500000, 0x00000000eab00000)
  object space 283648K, 15% used [0x00000000c0000000,0x00000000c2b0a700,0x00000000d1500000)
 Metaspace       used 58498K, capacity 60424K, committed 61016K, reserved 1101824K
  class space    used 7715K, capacity 8185K, committed 8320K, reserved 1048576K
Event: 6.994 GC heap after
Heap after GC invocations=15 (full 3):
 PSYoungGen      total 278016K, used 19544K [0x00000000eab00000, 0x00000000fdf80000, 0x0000000100000000)
  eden space 247808K, 0% used [0x00000000eab00000,0x00000000eab00000,0x00000000f9d00000)
  from space 30208K, 64% used [0x00000000fba80000,0x00000000fcd96028,0x00000000fd800000)
  to   space 30208K, 0% used [0x00000000f9d00000,0x00000000f9d00000,0x00000000fba80000)
 ParOldGen       total 283648K, used 44081K [0x00000000c0000000, 0x00000000d1500000, 0x00000000eab00000)
  object space 283648K, 15% used [0x00000000c0000000,0x00000000c2b0c700,0x00000000d1500000)
 Metaspace       used 58498K, capacity 60424K, committed 61016K, reserved 1101824K
  class space    used 7715K, capacity 8185K, committed 8320K, reserved 1048576K
}
Event: 7.179 GC heap before
{Heap before GC invocations=16 (full 3):
 PSYoungGen      total 278016K, used 267352K [0x00000000eab00000, 0x00000000fdf80000, 0x0000000100000000)
  eden space 247808K, 100% used [0x00000000eab00000,0x00000000f9d00000,0x00000000f9d00000)
  from space 30208K, 64% used [0x00000000fba80000,0x00000000fcd96028,0x00000000fd800000)
  to   space 30208K, 0% used [0x00000000f9d00000,0x00000000f9d00000,0x00000000fba80000)
 ParOldGen       total 283648K, used 44081K [0x00000000c0000000, 0x00000000d1500000, 0x00000000eab00000)
  object space 283648K, 15% used [0x00000000c0000000,0x00000000c2b0c700,0x00000000d1500000)
 Metaspace       used 58766K, capacity 60684K, committed 61272K, reserved 1101824K
  class space    used 7715K, capacity 8185K, committed 8320K, reserved 1048576K
Event: 7.190 GC heap after
Heap after GC invocations=16 (full 3):
 PSYoungGen      total 278016K, used 24940K [0x00000000eab00000, 0x0000000100000000, 0x0000000100000000)
  eden space 247808K, 0% used [0x00000000eab00000,0x00000000eab00000,0x00000000f9d00000)
  from space 30208K, 82% used [0x00000000f9d00000,0x00000000fb55b158,0x00000000fba80000)
  to   space 32256K, 0% used [0x00000000fe080000,0x00000000fe080000,0x0000000100000000)
 ParOldGen       total 283648K, used 44089K [0x00000000c0000000, 0x00000000d1500000, 0x00000000eab00000)
  object space 283648K, 15% used [0x00000000c0000000,0x00000000c2b0e700,0x00000000d1500000)
 Metaspace       used 58766K, capacity 60684K, committed 61272K, reserved 1101824K
  class space    used 7715K, capacity 8185K, committed 8320K, reserved 1048576K
}

