# JRE version: OpenJDK Runtime Environment (8.0_152-b01) (build 1.8.0_152-release-915-b01)
# Java VM: OpenJDK 64-Bit Server VM (25.152-b01 mixed mode windows-amd64 compressed oops)
Heap:
 PSYoungGen      total 312320K, used 50776K [0x00000000eab00000, 0x0000000100000000, 0x0000000100000000)
  eden space 276480K, 17% used [0x00000000eab00000,0x00000000ed995598,0x00000000fb900000)
  from space 35840K, 8% used [0x00000000fb900000,0x00000000fbc00df8,0x00000000fdc00000)
  to   space 36352K, 0% used [0x00000000fdc80000,0x00000000fdc80000,0x0000000100000000)
 ParOldGen       total 278016K, used 83351K [0x00000000c0000000, 0x00000000d0f80000, 0x00000000eab00000)
  object space 278016K, 29% used [0x00000000c0000000,0x00000000c5165ee0,0x00000000d0f80000)
 Metaspace       used 74665K, capacity 77864K, committed 78040K, reserved 1118208K
  class space    used 9444K, capacity 10172K, committed 10240K, reserved 1048576K
GC Heap History (10 events):
Event: 10.344 GC heap before
{Heap before GC invocations=18 (full 3):
 PSYoungGen      total 305152K, used 301504K [0x00000000eab00000, 0x0000000100000000, 0x0000000100000000)
  eden space 269312K, 99% used [0x00000000eab00000,0x00000000fb0de3c0,0x00000000fb200000)
  from space 35840K, 93% used [0x00000000fdd00000,0x00000000ffd91dc8,0x0000000100000000)
  to   space 39936K, 0% used [0x00000000fb200000,0x00000000fb200000,0x00000000fd900000)
 ParOldGen       total 278016K, used 49486K [0x00000000c0000000, 0x00000000d0f80000, 0x00000000eab00000)
  object space 278016K, 17% used [0x00000000c0000000,0x00000000c30538c0,0x00000000d0f80000)
 Metaspace       used 69264K, capacity 71796K, committed 72024K, reserved 1112064K
  class space    used 8929K, capacity 9518K, committed 9600K, reserved 1048576K
Event: 10.354 GC heap after
Heap after GC invocations=18 (full 3):
 PSYoungGen      total 309248K, used 19835K [0x00000000eab00000, 0x0000000100000000, 0x0000000100000000)
  eden space 269312K, 0% used [0x00000000eab00000,0x00000000eab00000,0x00000000fb200000)
  from space 39936K, 49% used [0x00000000fb200000,0x00000000fc55ee08,0x00000000fd900000)
  to   space 38400K, 0% used [0x00000000fda80000,0x00000000fda80000,0x0000000100000000)
 ParOldGen       total 278016K, used 64946K [0x00000000c0000000, 0x00000000d0f80000, 0x00000000eab00000)
  object space 278016K, 23% used [0x00000000c0000000,0x00000000c3f6c818,0x00000000d0f80000)
 Metaspace       used 69264K, capacity 71796K, committed 72024K, reserved 1112064K
  class space    used 8929K, capacity 9518K, committed 9600K, reserved 1048576K
}
Event: 10.577 GC heap before
{Heap before GC invocations=19 (full 3):
 PSYoungGen      total 309248K, used 288263K [0x00000000eab00000, 0x0000000100000000, 0x0000000100000000)
  eden space 269312K, 99% used [0x00000000eab00000,0x00000000fb122e90,0x00000000fb200000)
  from space 39936K, 49% used [0x00000000fb200000,0x00000000fc55ee08,0x00000000fd900000)
  to   space 38400K, 0% used [0x00000000fda80000,0x00000000fda80000,0x0000000100000000)
 ParOldGen       total 278016K, used 64946K [0x00000000c0000000, 0x00000000d0f80000, 0x00000000eab00000)
  object space 278016K, 23% used [0x00000000c0000000,0x00000000c3f6c818,0x00000000d0f80000)
 Metaspace       used 69284K, capacity 71796K, committed 72024K, reserved 1112064K
  class space    used 8929K, capacity 9518K, committed 9600K, reserved 1048576K
Event: 10.583 GC heap after
Heap after GC invocations=19 (full 3):
 PSYoungGen      total 303616K, used 18995K [0x00000000eab00000, 0x00000000ffa80000, 0x0000000100000000)
  eden space 270848K, 0% used [0x00000000eab00000,0x00000000eab00000,0x00000000fb380000)
  from space 32768K, 57% used [0x00000000fda80000,0x00000000fed0cd80,0x00000000ffa80000)
  to   space 36352K, 0% used [0x00000000fb380000,0x00000000fb380000,0x00000000fd700000)
 ParOldGen       total 278016K, used 69836K [0x00000000c0000000, 0x00000000d0f80000, 0x00000000eab00000)
  object space 278016K, 25% used [0x00000000c0000000,0x00000000c4433110,0x00000000d0f80000)
 Metaspace       used 69284K, capacity 71796K, committed 72024K, reserved 1112064K
  class space    used 8929K, capacity 9518K, committed 9600K, reserved 1048576K
}
Event: 10.606 GC heap before
{Heap before GC invocations=20 (full 3):
 PSYoungGen      total 303616K, used 288848K [0x00000000eab00000, 0x00000000ffa80000, 0x0000000100000000)
  eden space 270848K, 99% used [0x00000000eab00000,0x00000000fb287548,0x00000000fb380000)
  from space 32768K, 57% used [0x00000000fda80000,0x00000000fed0cd80,0x00000000ffa80000)
  to   space 36352K, 0% used [0x00000000fb380000,0x00000000fb380000,0x00000000fd700000)
 ParOldGen       total 278016K, used 69836K [0x00000000c0000000, 0x00000000d0f80000, 0x00000000eab00000)
  object space 278016K, 25% used [0x00000000c0000000,0x00000000c4433110,0x00000000d0f80000)
 Metaspace       used 69284K, capacity 71796K, committed 72024K, reserved 1112064K
  class space    used 8929K, capacity 9518K, committed 9600K, reserved 1048576K
Event: 10.611 GC heap after
Heap after GC invocations=20 (full 3):
 PSYoungGen      total 307200K, used 9662K [0x00000000eab00000, 0x0000000100000000, 0x0000000100000000)
  eden space 270848K, 0% used [0x00000000eab00000,0x00000000eab00000,0x00000000fb380000)
  from space 36352K, 26% used [0x00000000fb380000,0x00000000fbcefb78,0x00000000fd700000)
  to   space 36352K, 0% used [0x00000000fdc80000,0x00000000fdc80000,0x0000000100000000)
 ParOldGen       total 278016K, used 77538K [0x00000000c0000000, 0x00000000d0f80000, 0x00000000eab00000)
  object space 278016K, 27% used [0x00000000c0000000,0x00000000c4bb8828,0x00000000d0f80000)
 Metaspace       used 69284K, capacity 71796K, committed 72024K, reserved 1112064K
  class space    used 8929K, capacity 9518K, committed 9600K, reserved 1048576K
}
Event: 618.688 GC heap before
{Heap before GC invocations=21 (full 3):
 PSYoungGen      total 307200K, used 280510K [0x00000000eab00000, 0x0000000100000000, 0x0000000100000000)
  eden space 270848K, 100% used [0x00000000eab00000,0x00000000fb380000,0x00000000fb380000)
  from space 36352K, 26% used [0x00000000fb380000,0x00000000fbcefb78,0x00000000fd700000)
  to   space 36352K, 0% used [0x00000000fdc80000,0x00000000fdc80000,0x0000000100000000)
 ParOldGen       total 278016K, used 77538K [0x00000000c0000000, 0x00000000d0f80000, 0x00000000eab00000)
  object space 278016K, 27% used [0x00000000c0000000,0x00000000c4bb8828,0x00000000d0f80000)
 Metaspace       used 74134K, capacity 77250K, committed 77400K, reserved 1116160K
  class space    used 9417K, capacity 10103K, committed 10112K, reserved 1048576K
Event: 618.694 GC heap after
Heap after GC invocations=21 (full 3):
 PSYoungGen      total 311808K, used 10051K [0x00000000eab00000, 0x00000000fff00000, 0x0000000100000000)
  eden space 276480K, 0% used [0x00000000eab00000,0x00000000eab00000,0x00000000fb900000)
  from space 35328K, 28% used [0x00000000fdc80000,0x00000000fe650ec0,0x00000000fff00000)
  to   space 35840K, 0% used [0x00000000fb900000,0x00000000fb900000,0x00000000fdc00000)
 ParOldGen       total 278016K, used 78120K [0x00000000c0000000, 0x00000000d0f80000, 0x00000000eab00000)
  object space 278016K, 28% used [0x00000000c0000000,0x00000000c4c4a220,0x00000000d0f80000)
 Metaspace       used 74134K, capacity 77250K, committed 77400K, reserved 1116160K
  class space    used 9417K, capacity 10103K, committed 10112K, reserved 1048576K
}
Event: 678.430 GC heap before
{Heap before GC invocations=22 (full 3):
 PSYoungGen      total 311808K, used 286531K [0x00000000eab00000, 0x00000000fff00000, 0x0000000100000000)
  eden space 276480K, 100% used [0x00000000eab00000,0x00000000fb900000,0x00000000fb900000)
  from space 35328K, 28% used [0x00000000fdc80000,0x00000000fe650ec0,0x00000000fff00000)
  to   space 35840K, 0% used [0x00000000fb900000,0x00000000fb900000,0x00000000fdc00000)
 ParOldGen       total 278016K, used 78120K [0x00000000c0000000, 0x00000000d0f80000, 0x00000000eab00000)
  object space 278016K, 28% used [0x00000000c0000000,0x00000000c4c4a220,0x00000000d0f80000)
 Metaspace       used 74468K, capacity 77662K, committed 77784K, reserved 1116160K
  class space    used 9431K, capacity 10149K, committed 10240K, reserved 1048576K
Event: 678.434 GC heap after
Heap after GC invocations=22 (full 3):
 PSYoungGen      total 312320K, used 3075K [0x00000000eab00000, 0x0000000100000000, 0x0000000100000000)
  eden space 276480K, 0% used [0x00000000eab00000,0x00000000eab00000,0x00000000fb900000)
  from space 35840K, 8% used [0x00000000fb900000,0x00000000fbc00df8,0x00000000fdc00000)
  to   space 36352K, 0% used [0x00000000fdc80000,0x00000000fdc80000,0x0000000100000000)
 ParOldGen       total 278016K, used 83351K [0x00000000c0000000, 0x00000000d0f80000, 0x00000000eab00000)
  object space 278016K, 29% used [0x00000000c0000000,0x00000000c5165ee0,0x00000000d0f80000)
 Metaspace       used 74468K, capacity 77662K, committed 77784K, reserved 1116160K
  class space    used 9431K, capacity 10149K, committed 10240K, reserved 1048576K
}

