# JRE version: OpenJDK Runtime Environment (8.0_152-b01) (build 1.8.0_152-release-915-b01)
# Java VM: OpenJDK 64-Bit Server VM (25.152-b01 mixed mode windows-amd64 compressed oops)
Heap:
 PSYoungGen      total 301056K, used 24026K [0x00000000eab00000, 0x0000000100000000, 0x0000000100000000)
  eden space 274944K, 8% used [0x00000000eab00000,0x00000000ec276978,0x00000000fb780000)
  from space 26112K, 0% used [0x00000000fb780000,0x00000000fb780000,0x00000000fd100000)
  to   space 29696K, 0% used [0x00000000fe300000,0x00000000fe300000,0x0000000100000000)
 ParOldGen       total 229888K, used 53718K [0x00000000c0000000, 0x00000000ce080000, 0x00000000eab00000)
  object space 229888K, 23% used [0x00000000c0000000,0x00000000c3475978,0x00000000ce080000)
 Metaspace       used 59280K, capacity 62002K, committed 62208K, reserved 1103872K
  class space    used 7985K, capacity 8635K, committed 8704K, reserved 1048576K
GC Heap History (10 events):
Event: 3.446 GC heap before
{Heap before GC invocations=8 (full 2):
 PSYoungGen      total 200704K, used 10279K [0x00000000eab00000, 0x00000000f9480000, 0x0000000100000000)
  eden space 187392K, 0% used [0x00000000eab00000,0x00000000eab00000,0x00000000f6200000)
  from space 13312K, 77% used [0x00000000f6f00000,0x00000000f7909c68,0x00000000f7c00000)
  to   space 13312K, 0% used [0x00000000f6200000,0x00000000f6200000,0x00000000f6f00000)
 ParOldGen       total 90624K, used 7131K [0x00000000c0000000, 0x00000000c5880000, 0x00000000eab00000)
  object space 90624K, 7% used [0x00000000c0000000,0x00000000c06f6f08,0x00000000c5880000)
 Metaspace       used 34505K, capacity 35316K, committed 35416K, reserved 1079296K
  class space    used 4707K, capacity 5038K, committed 5120K, reserved 1048576K
Event: 3.473 GC heap after
Heap after GC invocations=8 (full 2):
 PSYoungGen      total 200704K, used 0K [0x00000000eab00000, 0x00000000f9480000, 0x0000000100000000)
  eden space 187392K, 0% used [0x00000000eab00000,0x00000000eab00000,0x00000000f6200000)
  from space 13312K, 0% used [0x00000000f6f00000,0x00000000f6f00000,0x00000000f7c00000)
  to   space 13312K, 0% used [0x00000000f6200000,0x00000000f6200000,0x00000000f6f00000)
 ParOldGen       total 137216K, used 16505K [0x00000000c0000000, 0x00000000c8600000, 0x00000000eab00000)
  object space 137216K, 12% used [0x00000000c0000000,0x00000000c101e490,0x00000000c8600000)
 Metaspace       used 34505K, capacity 35316K, committed 35416K, reserved 1079296K
  class space    used 4707K, capacity 5038K, committed 5120K, reserved 1048576K
}
Event: 4.428 GC heap before
{Heap before GC invocations=9 (full 2):
 PSYoungGen      total 200704K, used 187392K [0x00000000eab00000, 0x00000000f9480000, 0x0000000100000000)
  eden space 187392K, 100% used [0x00000000eab00000,0x00000000f6200000,0x00000000f6200000)
  from space 13312K, 0% used [0x00000000f6f00000,0x00000000f6f00000,0x00000000f7c00000)
  to   space 13312K, 0% used [0x00000000f6200000,0x00000000f6200000,0x00000000f6f00000)
 ParOldGen       total 137216K, used 16505K [0x00000000c0000000, 0x00000000c8600000, 0x00000000eab00000)
  object space 137216K, 12% used [0x00000000c0000000,0x00000000c101e490,0x00000000c8600000)
 Metaspace       used 47077K, capacity 48266K, committed 48512K, reserved 1091584K
  class space    used 6316K, capacity 6742K, committed 6784K, reserved 1048576K
Event: 4.436 GC heap after
Heap after GC invocations=9 (full 2):
 PSYoungGen      total 200704K, used 13285K [0x00000000eab00000, 0x00000000fe200000, 0x0000000100000000)
  eden space 187392K, 0% used [0x00000000eab00000,0x00000000eab00000,0x00000000f6200000)
  from space 13312K, 99% used [0x00000000f6200000,0x00000000f6ef94d8,0x00000000f6f00000)
  to   space 17408K, 0% used [0x00000000fd100000,0x00000000fd100000,0x00000000fe200000)
 ParOldGen       total 137216K, used 21047K [0x00000000c0000000, 0x00000000c8600000, 0x00000000eab00000)
  object space 137216K, 15% used [0x00000000c0000000,0x00000000c148ddf0,0x00000000c8600000)
 Metaspace       used 47077K, capacity 48266K, committed 48512K, reserved 1091584K
  class space    used 6316K, capacity 6742K, committed 6784K, reserved 1048576K
}
Event: 5.265 GC heap before
{Heap before GC invocations=10 (full 2):
 PSYoungGen      total 200704K, used 200677K [0x00000000eab00000, 0x00000000fe200000, 0x0000000100000000)
  eden space 187392K, 100% used [0x00000000eab00000,0x00000000f6200000,0x00000000f6200000)
  from space 13312K, 99% used [0x00000000f6200000,0x00000000f6ef94d8,0x00000000f6f00000)
  to   space 17408K, 0% used [0x00000000fd100000,0x00000000fd100000,0x00000000fe200000)
 ParOldGen       total 137216K, used 21047K [0x00000000c0000000, 0x00000000c8600000, 0x00000000eab00000)
  object space 137216K, 15% used [0x00000000c0000000,0x00000000c148ddf0,0x00000000c8600000)
 Metaspace       used 54421K, capacity 56588K, committed 56704K, reserved 1097728K
  class space    used 7462K, capacity 8008K, committed 8064K, reserved 1048576K
Event: 5.277 GC heap after
Heap after GC invocations=10 (full 2):
 PSYoungGen      total 292352K, used 17392K [0x00000000eab00000, 0x00000000ff180000, 0x0000000100000000)
  eden space 274944K, 0% used [0x00000000eab00000,0x00000000eab00000,0x00000000fb780000)
  from space 17408K, 99% used [0x00000000fd100000,0x00000000fe1fc0d0,0x00000000fe200000)
  to   space 26112K, 0% used [0x00000000fb780000,0x00000000fb780000,0x00000000fd100000)
 ParOldGen       total 137216K, used 35835K [0x00000000c0000000, 0x00000000c8600000, 0x00000000eab00000)
  object space 137216K, 26% used [0x00000000c0000000,0x00000000c22fef20,0x00000000c8600000)
 Metaspace       used 54421K, capacity 56588K, committed 56704K, reserved 1097728K
  class space    used 7462K, capacity 8008K, committed 8064K, reserved 1048576K
}
Event: 5.693 GC heap before
{Heap before GC invocations=11 (full 2):
 PSYoungGen      total 292352K, used 84365K [0x00000000eab00000, 0x00000000ff180000, 0x0000000100000000)
  eden space 274944K, 24% used [0x00000000eab00000,0x00000000eec67718,0x00000000fb780000)
  from space 17408K, 99% used [0x00000000fd100000,0x00000000fe1fc0d0,0x00000000fe200000)
  to   space 26112K, 0% used [0x00000000fb780000,0x00000000fb780000,0x00000000fd100000)
 ParOldGen       total 137216K, used 35835K [0x00000000c0000000, 0x00000000c8600000, 0x00000000eab00000)
  object space 137216K, 26% used [0x00000000c0000000,0x00000000c22fef20,0x00000000c8600000)
 Metaspace       used 56408K, capacity 58880K, committed 59028K, reserved 1099776K
  class space    used 7736K, capacity 8342K, committed 8448K, reserved 1048576K
Event: 5.705 GC heap after
Heap after GC invocations=11 (full 2):
 PSYoungGen      total 301056K, used 25222K [0x00000000eab00000, 0x0000000100000000, 0x0000000100000000)
  eden space 274944K, 0% used [0x00000000eab00000,0x00000000eab00000,0x00000000fb780000)
  from space 26112K, 96% used [0x00000000fb780000,0x00000000fd021be0,0x00000000fd100000)
  to   space 29696K, 0% used [0x00000000fe300000,0x00000000fe300000,0x0000000100000000)
 ParOldGen       total 137216K, used 35843K [0x00000000c0000000, 0x00000000c8600000, 0x00000000eab00000)
  object space 137216K, 26% used [0x00000000c0000000,0x00000000c2300f20,0x00000000c8600000)
 Metaspace       used 56408K, capacity 58880K, committed 59028K, reserved 1099776K
  class space    used 7736K, capacity 8342K, committed 8448K, reserved 1048576K
}
Event: 5.705 GC heap before
{Heap before GC invocations=12 (full 3):
 PSYoungGen      total 301056K, used 25222K [0x00000000eab00000, 0x0000000100000000, 0x0000000100000000)
  eden space 274944K, 0% used [0x00000000eab00000,0x00000000eab00000,0x00000000fb780000)
  from space 26112K, 96% used [0x00000000fb780000,0x00000000fd021be0,0x00000000fd100000)
  to   space 29696K, 0% used [0x00000000fe300000,0x00000000fe300000,0x0000000100000000)
 ParOldGen       total 137216K, used 35843K [0x00000000c0000000, 0x00000000c8600000, 0x00000000eab00000)
  object space 137216K, 26% used [0x00000000c0000000,0x00000000c2300f20,0x00000000c8600000)
 Metaspace       used 56408K, capacity 58880K, committed 59028K, reserved 1099776K
  class space    used 7736K, capacity 8342K, committed 8448K, reserved 1048576K
Event: 5.892 GC heap after
Heap after GC invocations=12 (full 3):
 PSYoungGen      total 301056K, used 0K [0x00000000eab00000, 0x0000000100000000, 0x0000000100000000)
  eden space 274944K, 0% used [0x00000000eab00000,0x00000000eab00000,0x00000000fb780000)
  from space 26112K, 0% used [0x00000000fb780000,0x00000000fb780000,0x00000000fd100000)
  to   space 29696K, 0% used [0x00000000fe300000,0x00000000fe300000,0x0000000100000000)
 ParOldGen       total 229888K, used 53718K [0x00000000c0000000, 0x00000000ce080000, 0x00000000eab00000)
  object space 229888K, 23% used [0x00000000c0000000,0x00000000c3475978,0x00000000ce080000)
 Metaspace       used 56408K, capacity 58880K, committed 59028K, reserved 1099776K
  class space    used 7736K, capacity 8342K, committed 8448K, reserved 1048576K
}

