# JRE version: OpenJDK Runtime Environment (8.0_152-b01) (build 1.8.0_152-release-915-b01)
# Java VM: OpenJDK 64-Bit Server VM (25.152-b01 mixed mode windows-amd64 compressed oops)
Heap:
 PSYoungGen      total 320512K, used 88655K [0x00000000eab00000, 0x0000000100000000, 0x0000000100000000)
  eden space 291328K, 26% used [0x00000000eab00000,0x00000000ef6db808,0x00000000fc780000)
  from space 29184K, 37% used [0x00000000fe380000,0x00000000fee386c8,0x0000000100000000)
  to   space 28672K, 0% used [0x00000000fc780000,0x00000000fc780000,0x00000000fe380000)
 ParOldGen       total 233984K, used 49636K [0x00000000c0000000, 0x00000000ce480000, 0x00000000eab00000)
  object space 233984K, 21% used [0x00000000c0000000,0x00000000c30793d0,0x00000000ce480000)
 Metaspace       used 63922K, capacity 67100K, committed 67328K, reserved 1107968K
  class space    used 8554K, capacity 9375K, committed 9472K, reserved 1048576K
GC Heap History (10 events):
Event: 3.795 GC heap before
{Heap before GC invocations=9 (full 2):
 PSYoungGen      total 189440K, used 176128K [0x00000000eab00000, 0x00000000f8c80000, 0x0000000100000000)
  eden space 176128K, 100% used [0x00000000eab00000,0x00000000f5700000,0x00000000f5700000)
  from space 13312K, 0% used [0x00000000f6400000,0x00000000f6400000,0x00000000f7100000)
  to   space 13312K, 0% used [0x00000000f5700000,0x00000000f5700000,0x00000000f6400000)
 ParOldGen       total 143360K, used 16469K [0x00000000c0000000, 0x00000000c8c00000, 0x00000000eab00000)
  object space 143360K, 11% used [0x00000000c0000000,0x00000000c1015420,0x00000000c8c00000)
 Metaspace       used 46988K, capacity 48198K, committed 48256K, reserved 1091584K
  class space    used 6317K, capacity 6742K, committed 6784K, reserved 1048576K
Event: 3.803 GC heap after
Heap after GC invocations=9 (full 2):
 PSYoungGen      total 189440K, used 13299K [0x00000000eab00000, 0x00000000fca80000, 0x0000000100000000)
  eden space 176128K, 0% used [0x00000000eab00000,0x00000000eab00000,0x00000000f5700000)
  from space 13312K, 99% used [0x00000000f5700000,0x00000000f63fcd90,0x00000000f6400000)
  to   space 16896K, 0% used [0x00000000fba00000,0x00000000fba00000,0x00000000fca80000)
 ParOldGen       total 143360K, used 20689K [0x00000000c0000000, 0x00000000c8c00000, 0x00000000eab00000)
  object space 143360K, 14% used [0x00000000c0000000,0x00000000c14346e0,0x00000000c8c00000)
 Metaspace       used 46988K, capacity 48198K, committed 48256K, reserved 1091584K
  class space    used 6317K, capacity 6742K, committed 6784K, reserved 1048576K
}
Event: 4.603 GC heap before
{Heap before GC invocations=10 (full 2):
 PSYoungGen      total 189440K, used 189427K [0x00000000eab00000, 0x00000000fca80000, 0x0000000100000000)
  eden space 176128K, 100% used [0x00000000eab00000,0x00000000f5700000,0x00000000f5700000)
  from space 13312K, 99% used [0x00000000f5700000,0x00000000f63fcd90,0x00000000f6400000)
  to   space 16896K, 0% used [0x00000000fba00000,0x00000000fba00000,0x00000000fca80000)
 ParOldGen       total 143360K, used 20689K [0x00000000c0000000, 0x00000000c8c00000, 0x00000000eab00000)
  object space 143360K, 14% used [0x00000000c0000000,0x00000000c14346e0,0x00000000c8c00000)
 Metaspace       used 54363K, capacity 56514K, committed 56704K, reserved 1097728K
  class space    used 7461K, capacity 8007K, committed 8064K, reserved 1048576K
Event: 4.614 GC heap after
Heap after GC invocations=10 (full 2):
 PSYoungGen      total 269824K, used 16864K [0x00000000eab00000, 0x00000000fd780000, 0x0000000100000000)
  eden space 252928K, 0% used [0x00000000eab00000,0x00000000eab00000,0x00000000fa200000)
  from space 16896K, 99% used [0x00000000fba00000,0x00000000fca780c0,0x00000000fca80000)
  to   space 24576K, 0% used [0x00000000fa200000,0x00000000fa200000,0x00000000fba00000)
 ParOldGen       total 143360K, used 33436K [0x00000000c0000000, 0x00000000c8c00000, 0x00000000eab00000)
  object space 143360K, 23% used [0x00000000c0000000,0x00000000c20a7098,0x00000000c8c00000)
 Metaspace       used 54363K, capacity 56514K, committed 56704K, reserved 1097728K
  class space    used 7461K, capacity 8007K, committed 8064K, reserved 1048576K
}
Event: 5.087 GC heap before
{Heap before GC invocations=11 (full 2):
 PSYoungGen      total 269824K, used 112773K [0x00000000eab00000, 0x00000000fd780000, 0x0000000100000000)
  eden space 252928K, 37% used [0x00000000eab00000,0x00000000f08a94b0,0x00000000fa200000)
  from space 16896K, 99% used [0x00000000fba00000,0x00000000fca780c0,0x00000000fca80000)
  to   space 24576K, 0% used [0x00000000fa200000,0x00000000fa200000,0x00000000fba00000)
 ParOldGen       total 143360K, used 33436K [0x00000000c0000000, 0x00000000c8c00000, 0x00000000eab00000)
  object space 143360K, 23% used [0x00000000c0000000,0x00000000c20a7098,0x00000000c8c00000)
 Metaspace       used 56450K, capacity 58912K, committed 59028K, reserved 1099776K
  class space    used 7740K, capacity 8374K, committed 8448K, reserved 1048576K
Event: 5.096 GC heap after
Heap after GC invocations=11 (full 2):
 PSYoungGen      total 277504K, used 24574K [0x00000000eab00000, 0x0000000100000000, 0x0000000100000000)
  eden space 252928K, 0% used [0x00000000eab00000,0x00000000eab00000,0x00000000fa200000)
  from space 24576K, 99% used [0x00000000fa200000,0x00000000fb9ffb00,0x00000000fba00000)
  to   space 29184K, 0% used [0x00000000fe380000,0x00000000fe380000,0x0000000100000000)
 ParOldGen       total 143360K, used 36290K [0x00000000c0000000, 0x00000000c8c00000, 0x00000000eab00000)
  object space 143360K, 25% used [0x00000000c0000000,0x00000000c2370ab8,0x00000000c8c00000)
 Metaspace       used 56450K, capacity 58912K, committed 59028K, reserved 1099776K
  class space    used 7740K, capacity 8374K, committed 8448K, reserved 1048576K
}
Event: 5.096 GC heap before
{Heap before GC invocations=12 (full 3):
 PSYoungGen      total 277504K, used 24574K [0x00000000eab00000, 0x0000000100000000, 0x0000000100000000)
  eden space 252928K, 0% used [0x00000000eab00000,0x00000000eab00000,0x00000000fa200000)
  from space 24576K, 99% used [0x00000000fa200000,0x00000000fb9ffb00,0x00000000fba00000)
  to   space 29184K, 0% used [0x00000000fe380000,0x00000000fe380000,0x0000000100000000)
 ParOldGen       total 143360K, used 36290K [0x00000000c0000000, 0x00000000c8c00000, 0x00000000eab00000)
  object space 143360K, 25% used [0x00000000c0000000,0x00000000c2370ab8,0x00000000c8c00000)
 Metaspace       used 56450K, capacity 58912K, committed 59028K, reserved 1099776K
  class space    used 7740K, capacity 8374K, committed 8448K, reserved 1048576K
Event: 5.269 GC heap after
Heap after GC invocations=12 (full 3):
 PSYoungGen      total 277504K, used 0K [0x00000000eab00000, 0x0000000100000000, 0x0000000100000000)
  eden space 252928K, 0% used [0x00000000eab00000,0x00000000eab00000,0x00000000fa200000)
  from space 24576K, 0% used [0x00000000fa200000,0x00000000fa200000,0x00000000fba00000)
  to   space 29184K, 0% used [0x00000000fe380000,0x00000000fe380000,0x0000000100000000)
 ParOldGen       total 233984K, used 49628K [0x00000000c0000000, 0x00000000ce480000, 0x00000000eab00000)
  object space 233984K, 21% used [0x00000000c0000000,0x00000000c30773d0,0x00000000ce480000)
 Metaspace       used 56450K, capacity 58912K, committed 59028K, reserved 1099776K
  class space    used 7740K, capacity 8374K, committed 8448K, reserved 1048576K
}
Event: 82.934 GC heap before
{Heap before GC invocations=13 (full 3):
 PSYoungGen      total 277504K, used 252928K [0x00000000eab00000, 0x0000000100000000, 0x0000000100000000)
  eden space 252928K, 100% used [0x00000000eab00000,0x00000000fa200000,0x00000000fa200000)
  from space 24576K, 0% used [0x00000000fa200000,0x00000000fa200000,0x00000000fba00000)
  to   space 29184K, 0% used [0x00000000fe380000,0x00000000fe380000,0x0000000100000000)
 ParOldGen       total 233984K, used 49628K [0x00000000c0000000, 0x00000000ce480000, 0x00000000eab00000)
  object space 233984K, 21% used [0x00000000c0000000,0x00000000c30773d0,0x00000000ce480000)
 Metaspace       used 63551K, capacity 66718K, committed 66944K, reserved 1107968K
  class space    used 8518K, capacity 9340K, committed 9344K, reserved 1048576K
Event: 82.940 GC heap after
Heap after GC invocations=13 (full 3):
 PSYoungGen      total 320512K, used 10977K [0x00000000eab00000, 0x0000000100000000, 0x0000000100000000)
  eden space 291328K, 0% used [0x00000000eab00000,0x00000000eab00000,0x00000000fc780000)
  from space 29184K, 37% used [0x00000000fe380000,0x00000000fee386c8,0x0000000100000000)
  to   space 28672K, 0% used [0x00000000fc780000,0x00000000fc780000,0x00000000fe380000)
 ParOldGen       total 233984K, used 49636K [0x00000000c0000000, 0x00000000ce480000, 0x00000000eab00000)
  object space 233984K, 21% used [0x00000000c0000000,0x00000000c30793d0,0x00000000ce480000)
 Metaspace       used 63551K, capacity 66718K, committed 66944K, reserved 1107968K
  class space    used 8518K, capacity 9340K, committed 9344K, reserved 1048576K
}

